---------------------------------------------------------------
[ 2018-01-09T22:17:43+08:00 ] 127.0.0.1 GET /admin
[ info ] weibo.net/admin [运行时间：0.341814s][吞吐率：2.93req/s] [内存消耗：1,423.30kb] [文件加载：60]
[ info ] [ LANG ] D:\wamp\www\blog\thinkphp/lang/zh-cn.php
[ info ] [ ROUTE ] array (
)
[ info ] [ HEADER ] array (
  'host' => 'weibo.net',
  'connection' => 'keep-alive',
  'upgrade-insecure-requests' => '1',
  'user-agent' => 'Mozilla/5.0 (Windows NT 10.0; WOW64) AppleWebKit/537.36 (KHTML, like Gecko) Chrome/57.0.2987.98 Safari/537.36',
  'accept' => 'text/html,application/xhtml+xml,application/xml;q=0.9,image/webp,*/*;q=0.8',
  'accept-encoding' => 'gzip, deflate, sdch',
  'accept-language' => 'zh-CN,zh;q=0.8',
  'cookie' => 'Hm_lvt_bdb993b828cbe079a7fbc1a951f44726=1512659494; Hm_lvt_079fac161efc4b2a6f31e80064f14e82=1512659494',
)
[ info ] [ PARAM ] array (
)
[ info ] [ SESSION ] INIT array (
  'id' => '',
  'var_session_id' => '',
  'prefix' => 'y',
  'type' => '',
  'auto_start' => true,
  'httponly' => true,
  'secure' => false,
)
[ info ] [ VIEW ] D:\wamp\www\blog\thinkphp/tpl/dispatch_jump.tpl [ array (
  0 => 'code',
  1 => 'msg',
  2 => 'data',
  3 => 'url',
  4 => 'wait',
) ]
[ info ] [ LOG ] INIT File
---------------------------------------------------------------
[ 2018-01-09T22:17:43+08:00 ] 127.0.0.1 GET /admin
[ info ] weibo.net/admin [运行时间：0.341830s][吞吐率：2.93req/s] [内存消耗：1,423.30kb] [文件加载：60]
[ info ] [ LANG ] D:\wamp\www\blog\thinkphp/lang/zh-cn.php
[ info ] [ ROUTE ] array (
)
[ info ] [ HEADER ] array (
  'host' => 'weibo.net',
  'connection' => 'keep-alive',
  'upgrade-insecure-requests' => '1',
  'user-agent' => 'Mozilla/5.0 (Windows NT 10.0; WOW64) AppleWebKit/537.36 (KHTML, like Gecko) Chrome/57.0.2987.98 Safari/537.36',
  'accept' => 'text/html,application/xhtml+xml,application/xml;q=0.9,image/webp,*/*;q=0.8',
  'accept-encoding' => 'gzip, deflate, sdch',
  'accept-language' => 'zh-CN,zh;q=0.8',
  'cookie' => 'Hm_lvt_bdb993b828cbe079a7fbc1a951f44726=1512659494; Hm_lvt_079fac161efc4b2a6f31e80064f14e82=1512659494',
)
[ info ] [ PARAM ] array (
)
[ info ] [ SESSION ] INIT array (
  'id' => '',
  'var_session_id' => '',
  'prefix' => 'y',
  'type' => '',
  'auto_start' => true,
  'httponly' => true,
  'secure' => false,
)
[ info ] [ VIEW ] D:\wamp\www\blog\thinkphp/tpl/dispatch_jump.tpl [ array (
  0 => 'code',
  1 => 'msg',
  2 => 'data',
  3 => 'url',
  4 => 'wait',
) ]
[ info ] [ LOG ] INIT File
---------------------------------------------------------------
[ 2018-01-09T22:17:43+08:00 ] 127.0.0.1 GET /favicon.ico
[ info ] weibo.net/favicon.ico [运行时间：0.254385s][吞吐率：3.93req/s] [内存消耗：1,065.98kb] [文件加载：48]
[ info ] [ LANG ] D:\wamp\www\blog\thinkphp/lang/zh-cn.php
[ info ] [ ROUTE ] array (
)
[ info ] [ HEADER ] array (
  'host' => 'weibo.net',
  'connection' => 'keep-alive',
  'user-agent' => 'Mozilla/5.0 (Windows NT 10.0; WOW64) AppleWebKit/537.36 (KHTML, like Gecko) Chrome/57.0.2987.98 Safari/537.36',
  'accept' => 'image/webp,image/*,*/*;q=0.8',
  'referer' => 'http://weibo.net/admin',
  'accept-encoding' => 'gzip, deflate, sdch',
  'accept-language' => 'zh-CN,zh;q=0.8',
  'cookie' => 'Hm_lvt_bdb993b828cbe079a7fbc1a951f44726=1512659494; Hm_lvt_079fac161efc4b2a6f31e80064f14e82=1512659494; PHPSESSID=3co8c79dvkglsifj4rtgrrggn1',
)
[ info ] [ PARAM ] array (
)
[ info ] [ LOG ] INIT File
---------------------------------------------------------------
[ 2018-01-09T22:17:44+08:00 ] 127.0.0.1 GET /user.html
[ info ] weibo.net/user.html [运行时间：0.104185s][吞吐率：9.60req/s] [内存消耗：1,621.15kb] [文件加载：59]
[ info ] [ LANG ] D:\wamp\www\blog\thinkphp/lang/zh-cn.php
[ info ] [ ROUTE ] array (
  'rule' => 'user',
  'route' => 'admin/login/login',
  'option' => 
  array (
  ),
  'var' => 
  array (
  ),
)
[ info ] [ HEADER ] array (
  'host' => 'weibo.net',
  'connection' => 'keep-alive',
  'upgrade-insecure-requests' => '1',
  'user-agent' => 'Mozilla/5.0 (Windows NT 10.0; WOW64) AppleWebKit/537.36 (KHTML, like Gecko) Chrome/57.0.2987.98 Safari/537.36',
  'accept' => 'text/html,application/xhtml+xml,application/xml;q=0.9,image/webp,*/*;q=0.8',
  'referer' => 'http://weibo.net/admin',
  'accept-encoding' => 'gzip, deflate, sdch',
  'accept-language' => 'zh-CN,zh;q=0.8',
  'cookie' => 'Hm_lvt_bdb993b828cbe079a7fbc1a951f44726=1512659494; Hm_lvt_079fac161efc4b2a6f31e80064f14e82=1512659494; PHPSESSID=3co8c79dvkglsifj4rtgrrggn1',
)
[ info ] [ PARAM ] array (
)
[ info ] [ VIEW ] D:\wamp\www\blog/application/admin/view\login\login.html [ array (
) ]
[ info ] [ LOG ] INIT File
---------------------------------------------------------------
[ 2018-01-09T22:17:50+08:00 ] 127.0.0.1 POST /admin/login/dologin
[ info ] weibo.net/admin/login/dologin [运行时间：0.270593s][吞吐率：3.70req/s] [内存消耗：2,843.92kb] [文件加载：71]
[ info ] [ LANG ] D:\wamp\www\blog\thinkphp/lang/zh-cn.php
[ info ] [ ROUTE ] array (
)
[ info ] [ HEADER ] array (
  'host' => 'weibo.net',
  'connection' => 'keep-alive',
  'content-length' => '34',
  'accept' => '*/*',
  'origin' => 'http://weibo.net',
  'x-requested-with' => 'XMLHttpRequest',
  'user-agent' => 'Mozilla/5.0 (Windows NT 10.0; WOW64) AppleWebKit/537.36 (KHTML, like Gecko) Chrome/57.0.2987.98 Safari/537.36',
  'content-type' => 'application/x-www-form-urlencoded; charset=UTF-8',
  'referer' => 'http://weibo.net/user.html',
  'accept-encoding' => 'gzip, deflate',
  'accept-language' => 'zh-CN,zh;q=0.8',
  'cookie' => 'Hm_lvt_bdb993b828cbe079a7fbc1a951f44726=1512659494; Hm_lvt_079fac161efc4b2a6f31e80064f14e82=1512659494; PHPSESSID=3co8c79dvkglsifj4rtgrrggn1',
)
[ info ] [ PARAM ] array (
  'username' => 'zadmin',
  'password' => 'hackerzfy',
)
[ info ] [ DB ] INIT mysql
[ info ] [ SESSION ] INIT array (
  'id' => '',
  'var_session_id' => '',
  'prefix' => 'y',
  'type' => '',
  'auto_start' => true,
  'httponly' => true,
  'secure' => false,
)
[ info ] [ LOG ] INIT File
[ sql ] [ DB ] CONNECT:[ UseTime:0.079496s ] mysql:host=127.0.0.1;dbname=blog;charset=utf8
[ sql ] [ SQL ] SHOW COLUMNS FROM `admin` [ RunTime:0.035888s ]
[ sql ] [ SQL ] SELECT * FROM `admin` WHERE  `username` = 'zadmin' LIMIT 1 [ RunTime:0.000960s ]
[ sql ] [ SQL ] SHOW COLUMNS FROM `admin_role` [ RunTime:0.006110s ]
[ sql ] [ SQL ] SELECT * FROM `admin_role` `a` INNER JOIN `node_role` `b` ON `b`.`rid`=`a`.`rid` INNER JOIN `node` `c` ON `b`.`nid`=`c`.`id` WHERE  `a`.`uid` = '1' [ RunTime:0.020538s ]
---------------------------------------------------------------
[ 2018-01-09T22:17:52+08:00 ] 127.0.0.1 GET /admin/index
[ info ] weibo.net/admin/index [运行时间：0.170919s][吞吐率：5.85req/s] [内存消耗：2,740.43kb] [文件加载：73]
[ info ] [ LANG ] D:\wamp\www\blog\thinkphp/lang/zh-cn.php
[ info ] [ ROUTE ] array (
  'rule' => 'admin/index',
  'route' => 'admin/Index/index',
  'option' => 
  array (
  ),
  'var' => 
  array (
  ),
)
[ info ] [ HEADER ] array (
  'host' => 'weibo.net',
  'connection' => 'keep-alive',
  'upgrade-insecure-requests' => '1',
  'user-agent' => 'Mozilla/5.0 (Windows NT 10.0; WOW64) AppleWebKit/537.36 (KHTML, like Gecko) Chrome/57.0.2987.98 Safari/537.36',
  'accept' => 'text/html,application/xhtml+xml,application/xml;q=0.9,image/webp,*/*;q=0.8',
  'referer' => 'http://weibo.net/user.html',
  'accept-encoding' => 'gzip, deflate, sdch',
  'accept-language' => 'zh-CN,zh;q=0.8',
  'cookie' => 'Hm_lvt_bdb993b828cbe079a7fbc1a951f44726=1512659494; Hm_lvt_079fac161efc4b2a6f31e80064f14e82=1512659494; PHPSESSID=3co8c79dvkglsifj4rtgrrggn1',
)
[ info ] [ PARAM ] array (
)
[ info ] [ SESSION ] INIT array (
  'id' => '',
  'var_session_id' => '',
  'prefix' => 'y',
  'type' => '',
  'auto_start' => true,
  'httponly' => true,
  'secure' => false,
)
[ info ] [ DB ] INIT mysql
[ info ] [ VIEW ] D:\wamp\www\blog/application/admin/view\index\index.html [ array (
  0 => 'article_count',
  1 => 'ip',
  2 => 'time',
) ]
[ info ] [ LOG ] INIT File
[ sql ] [ DB ] CONNECT:[ UseTime:0.019228s ] mysql:host=127.0.0.1;dbname=blog;charset=utf8
[ sql ] [ SQL ] SHOW COLUMNS FROM `article` [ RunTime:0.000968s ]
[ sql ] [ SQL ] SELECT COUNT(*) AS tp_count FROM `article` WHERE  `title` LIKE '%%' LIMIT 1 [ RunTime:0.016299s ]
---------------------------------------------------------------
[ 2018-01-09T22:17:54+08:00 ] 127.0.0.1 POST /admin/articles/load
[ info ] weibo.net/admin/articles/load [运行时间：0.097406s][吞吐率：10.27req/s] [内存消耗：1,687.16kb] [文件加载：64]
[ info ] [ LANG ] D:\wamp\www\blog\thinkphp/lang/zh-cn.php
[ info ] [ ROUTE ] array (
)
[ info ] [ HEADER ] array (
  'host' => 'weibo.net',
  'connection' => 'keep-alive',
  'content-length' => '0',
  'accept' => '*/*',
  'origin' => 'http://weibo.net',
  'x-requested-with' => 'XMLHttpRequest',
  'user-agent' => 'Mozilla/5.0 (Windows NT 10.0; WOW64) AppleWebKit/537.36 (KHTML, like Gecko) Chrome/57.0.2987.98 Safari/537.36',
  'referer' => 'http://weibo.net/admin/index',
  'accept-encoding' => 'gzip, deflate',
  'accept-language' => 'zh-CN,zh;q=0.8',
  'cookie' => 'Hm_lvt_bdb993b828cbe079a7fbc1a951f44726=1512659494; Hm_lvt_079fac161efc4b2a6f31e80064f14e82=1512659494; PHPSESSID=3co8c79dvkglsifj4rtgrrggn1; ip=127.0.0.1; time=2018-01-09+22%3A17%3A52',
)
[ info ] [ PARAM ] array (
)
[ info ] [ SESSION ] INIT array (
  'id' => '',
  'var_session_id' => '',
  'prefix' => 'y',
  'type' => '',
  'auto_start' => true,
  'httponly' => true,
  'secure' => false,
)
[ info ] [ LOG ] INIT File
---------------------------------------------------------------
[ 2018-01-09T22:17:54+08:00 ] 127.0.0.1 GET /admin/articles/index?page=1&limit=10
[ info ] weibo.net/admin/articles/index?page=1&limit=10 [运行时间：0.083233s][吞吐率：12.01req/s] [内存消耗：2,731.18kb] [文件加载：71]
[ info ] [ LANG ] D:\wamp\www\blog\thinkphp/lang/zh-cn.php
[ info ] [ ROUTE ] array (
)
[ info ] [ HEADER ] array (
  'host' => 'weibo.net',
  'connection' => 'keep-alive',
  'accept' => 'application/json, text/javascript, */*; q=0.01',
  'x-requested-with' => 'XMLHttpRequest',
  'user-agent' => 'Mozilla/5.0 (Windows NT 10.0; WOW64) AppleWebKit/537.36 (KHTML, like Gecko) Chrome/57.0.2987.98 Safari/537.36',
  'referer' => 'http://weibo.net/admin/index',
  'accept-encoding' => 'gzip, deflate, sdch',
  'accept-language' => 'zh-CN,zh;q=0.8',
  'cookie' => 'Hm_lvt_bdb993b828cbe079a7fbc1a951f44726=1512659494; Hm_lvt_079fac161efc4b2a6f31e80064f14e82=1512659494; ip=127.0.0.1; time=2018-01-09+22%3A17%3A52; PHPSESSID=3co8c79dvkglsifj4rtgrrggn1',
)
[ info ] [ PARAM ] array (
  'page' => '1',
  'limit' => '10',
)
[ info ] [ SESSION ] INIT array (
  'id' => '',
  'var_session_id' => '',
  'prefix' => 'y',
  'type' => '',
  'auto_start' => true,
  'httponly' => true,
  'secure' => false,
)
[ info ] [ DB ] INIT mysql
[ info ] [ LOG ] INIT File
[ sql ] [ DB ] CONNECT:[ UseTime:0.011632s ] mysql:host=127.0.0.1;dbname=blog;charset=utf8
[ sql ] [ SQL ] SHOW COLUMNS FROM `article` [ RunTime:0.000988s ]
[ sql ] [ SQL ] SELECT COUNT(*) AS tp_count FROM `article` WHERE  `title` LIKE '%%' LIMIT 1 [ RunTime:0.000416s ]
[ sql ] [ SQL ] SELECT * FROM `article` ORDER BY update_time desc LIMIT 0,10 [ RunTime:0.000377s ]
---------------------------------------------------------------
[ 2018-01-09T22:17:56+08:00 ] 127.0.0.1 POST /admin/articles/edit
[ info ] weibo.net/admin/articles/edit [运行时间：0.082409s][吞吐率：12.13req/s] [内存消耗：2,689.59kb] [文件加载：71]
[ info ] [ LANG ] D:\wamp\www\blog\thinkphp/lang/zh-cn.php
[ info ] [ ROUTE ] array (
)
[ info ] [ HEADER ] array (
  'host' => 'weibo.net',
  'connection' => 'keep-alive',
  'content-length' => '5',
  'accept' => '*/*',
  'origin' => 'http://weibo.net',
  'x-requested-with' => 'XMLHttpRequest',
  'user-agent' => 'Mozilla/5.0 (Windows NT 10.0; WOW64) AppleWebKit/537.36 (KHTML, like Gecko) Chrome/57.0.2987.98 Safari/537.36',
  'content-type' => 'application/x-www-form-urlencoded; charset=UTF-8',
  'referer' => 'http://weibo.net/admin/index',
  'accept-encoding' => 'gzip, deflate',
  'accept-language' => 'zh-CN,zh;q=0.8',
  'cookie' => 'Hm_lvt_bdb993b828cbe079a7fbc1a951f44726=1512659494; Hm_lvt_079fac161efc4b2a6f31e80064f14e82=1512659494; ip=127.0.0.1; time=2018-01-09+22%3A17%3A52; PHPSESSID=3co8c79dvkglsifj4rtgrrggn1',
)
[ info ] [ PARAM ] array (
  'id' => '23',
)
[ info ] [ SESSION ] INIT array (
  'id' => '',
  'var_session_id' => '',
  'prefix' => 'y',
  'type' => '',
  'auto_start' => true,
  'httponly' => true,
  'secure' => false,
)
[ info ] [ DB ] INIT mysql
[ info ] [ LOG ] INIT File
[ sql ] [ DB ] CONNECT:[ UseTime:0.010425s ] mysql:host=127.0.0.1;dbname=blog;charset=utf8
[ sql ] [ SQL ] SHOW COLUMNS FROM `article` [ RunTime:0.000946s ]
[ sql ] [ SQL ] SELECT * FROM `article` WHERE  `id` = 23 LIMIT 1 [ RunTime:0.000525s ]
---------------------------------------------------------------
[ 2018-01-09T22:19:21+08:00 ] 127.0.0.1 GET /admin/login/logout.html
[ info ] weibo.net/admin/login/logout.html [运行时间：0.054621s][吞吐率：18.31req/s] [内存消耗：1,706.39kb] [文件加载：66]
[ info ] [ LANG ] D:\wamp\www\blog\thinkphp/lang/zh-cn.php
[ info ] [ ROUTE ] array (
)
[ info ] [ HEADER ] array (
  'host' => 'weibo.net',
  'connection' => 'keep-alive',
  'upgrade-insecure-requests' => '1',
  'user-agent' => 'Mozilla/5.0 (Windows NT 10.0; WOW64) AppleWebKit/537.36 (KHTML, like Gecko) Chrome/57.0.2987.98 Safari/537.36',
  'accept' => 'text/html,application/xhtml+xml,application/xml;q=0.9,image/webp,*/*;q=0.8',
  'referer' => 'http://weibo.net/admin/index',
  'accept-encoding' => 'gzip, deflate, sdch',
  'accept-language' => 'zh-CN,zh;q=0.8',
  'cookie' => 'Hm_lvt_bdb993b828cbe079a7fbc1a951f44726=1512659494; Hm_lvt_079fac161efc4b2a6f31e80064f14e82=1512659494; ip=127.0.0.1; time=2018-01-09+22%3A17%3A52; PHPSESSID=3co8c79dvkglsifj4rtgrrggn1',
)
[ info ] [ PARAM ] array (
)
[ info ] [ SESSION ] INIT array (
  'id' => '',
  'var_session_id' => '',
  'prefix' => 'y',
  'type' => '',
  'auto_start' => true,
  'httponly' => true,
  'secure' => false,
)
[ info ] [ VIEW ] D:\wamp\www\blog\thinkphp/tpl/dispatch_jump.tpl [ array (
  0 => 'code',
  1 => 'msg',
  2 => 'data',
  3 => 'url',
  4 => 'wait',
) ]
[ info ] [ LOG ] INIT File
---------------------------------------------------------------
[ 2018-01-09T22:19:22+08:00 ] 127.0.0.1 GET /user
[ info ] weibo.net/user [运行时间：0.034509s][吞吐率：28.98req/s] [内存消耗：1,621.23kb] [文件加载：59]
[ info ] [ LANG ] D:\wamp\www\blog\thinkphp/lang/zh-cn.php
[ info ] [ ROUTE ] array (
  'rule' => 'user',
  'route' => 'admin/login/login',
  'option' => 
  array (
  ),
  'var' => 
  array (
  ),
)
[ info ] [ HEADER ] array (
  'host' => 'weibo.net',
  'connection' => 'keep-alive',
  'upgrade-insecure-requests' => '1',
  'user-agent' => 'Mozilla/5.0 (Windows NT 10.0; WOW64) AppleWebKit/537.36 (KHTML, like Gecko) Chrome/57.0.2987.98 Safari/537.36',
  'accept' => 'text/html,application/xhtml+xml,application/xml;q=0.9,image/webp,*/*;q=0.8',
  'referer' => 'http://weibo.net/admin/login/logout.html',
  'accept-encoding' => 'gzip, deflate, sdch',
  'accept-language' => 'zh-CN,zh;q=0.8',
  'cookie' => 'Hm_lvt_bdb993b828cbe079a7fbc1a951f44726=1512659494; Hm_lvt_079fac161efc4b2a6f31e80064f14e82=1512659494; PHPSESSID=3co8c79dvkglsifj4rtgrrggn1',
)
[ info ] [ PARAM ] array (
)
[ info ] [ VIEW ] D:\wamp\www\blog/application/admin/view\login\login.html [ array (
) ]
[ info ] [ LOG ] INIT File
---------------------------------------------------------------
[ 2018-01-09T22:19:26+08:00 ] 127.0.0.1 POST /admin/login/dologin
[ info ] weibo.net/admin/login/dologin [运行时间：0.063893s][吞吐率：15.65req/s] [内存消耗：2,844.07kb] [文件加载：71]
[ info ] [ LANG ] D:\wamp\www\blog\thinkphp/lang/zh-cn.php
[ info ] [ ROUTE ] array (
)
[ info ] [ HEADER ] array (
  'host' => 'weibo.net',
  'connection' => 'keep-alive',
  'content-length' => '34',
  'accept' => '*/*',
  'origin' => 'http://weibo.net',
  'x-requested-with' => 'XMLHttpRequest',
  'user-agent' => 'Mozilla/5.0 (Windows NT 10.0; WOW64) AppleWebKit/537.36 (KHTML, like Gecko) Chrome/57.0.2987.98 Safari/537.36',
  'content-type' => 'application/x-www-form-urlencoded; charset=UTF-8',
  'referer' => 'http://weibo.net/user',
  'accept-encoding' => 'gzip, deflate',
  'accept-language' => 'zh-CN,zh;q=0.8',
  'cookie' => 'Hm_lvt_bdb993b828cbe079a7fbc1a951f44726=1512659494; Hm_lvt_079fac161efc4b2a6f31e80064f14e82=1512659494; PHPSESSID=3co8c79dvkglsifj4rtgrrggn1',
)
[ info ] [ PARAM ] array (
  'username' => 'zadmin',
  'password' => 'hackerzfy',
)
[ info ] [ DB ] INIT mysql
[ info ] [ SESSION ] INIT array (
  'id' => '',
  'var_session_id' => '',
  'prefix' => 'y',
  'type' => '',
  'auto_start' => true,
  'httponly' => true,
  'secure' => false,
)
[ info ] [ LOG ] INIT File
[ sql ] [ DB ] CONNECT:[ UseTime:0.010247s ] mysql:host=127.0.0.1;dbname=blog;charset=utf8
[ sql ] [ SQL ] SHOW COLUMNS FROM `admin` [ RunTime:0.000938s ]
[ sql ] [ SQL ] SELECT * FROM `admin` WHERE  `username` = 'zadmin' LIMIT 1 [ RunTime:0.000466s ]
[ sql ] [ SQL ] SHOW COLUMNS FROM `admin_role` [ RunTime:0.000687s ]
[ sql ] [ SQL ] SELECT * FROM `admin_role` `a` INNER JOIN `node_role` `b` ON `b`.`rid`=`a`.`rid` INNER JOIN `node` `c` ON `b`.`nid`=`c`.`id` WHERE  `a`.`uid` = '1' [ RunTime:0.000626s ]
---------------------------------------------------------------
[ 2018-01-09T22:19:28+08:00 ] 127.0.0.1 GET /admin/index
[ info ] weibo.net/admin/index [运行时间：0.069228s][吞吐率：14.45req/s] [内存消耗：2,740.32kb] [文件加载：73]
[ info ] [ LANG ] D:\wamp\www\blog\thinkphp/lang/zh-cn.php
[ info ] [ ROUTE ] array (
  'rule' => 'admin/index',
  'route' => 'admin/Index/index',
  'option' => 
  array (
  ),
  'var' => 
  array (
  ),
)
[ info ] [ HEADER ] array (
  'host' => 'weibo.net',
  'connection' => 'keep-alive',
  'upgrade-insecure-requests' => '1',
  'user-agent' => 'Mozilla/5.0 (Windows NT 10.0; WOW64) AppleWebKit/537.36 (KHTML, like Gecko) Chrome/57.0.2987.98 Safari/537.36',
  'accept' => 'text/html,application/xhtml+xml,application/xml;q=0.9,image/webp,*/*;q=0.8',
  'referer' => 'http://weibo.net/user',
  'accept-encoding' => 'gzip, deflate, sdch',
  'accept-language' => 'zh-CN,zh;q=0.8',
  'cookie' => 'Hm_lvt_bdb993b828cbe079a7fbc1a951f44726=1512659494; Hm_lvt_079fac161efc4b2a6f31e80064f14e82=1512659494; PHPSESSID=3co8c79dvkglsifj4rtgrrggn1',
)
[ info ] [ PARAM ] array (
)
[ info ] [ SESSION ] INIT array (
  'id' => '',
  'var_session_id' => '',
  'prefix' => 'y',
  'type' => '',
  'auto_start' => true,
  'httponly' => true,
  'secure' => false,
)
[ info ] [ DB ] INIT mysql
[ info ] [ VIEW ] D:\wamp\www\blog/application/admin/view\index\index.html [ array (
  0 => 'article_count',
  1 => 'ip',
  2 => 'time',
) ]
[ info ] [ LOG ] INIT File
[ sql ] [ DB ] CONNECT:[ UseTime:0.010214s ] mysql:host=127.0.0.1;dbname=blog;charset=utf8
[ sql ] [ SQL ] SHOW COLUMNS FROM `article` [ RunTime:0.001049s ]
[ sql ] [ SQL ] SELECT COUNT(*) AS tp_count FROM `article` WHERE  `title` LIKE '%%' LIMIT 1 [ RunTime:0.000396s ]
---------------------------------------------------------------
[ 2018-01-09T22:19:29+08:00 ] 127.0.0.1 POST /admin/articles/load
[ info ] weibo.net/admin/articles/load [运行时间：0.042967s][吞吐率：23.27req/s] [内存消耗：1,687.18kb] [文件加载：64]
[ info ] [ LANG ] D:\wamp\www\blog\thinkphp/lang/zh-cn.php
[ info ] [ ROUTE ] array (
)
[ info ] [ HEADER ] array (
  'host' => 'weibo.net',
  'connection' => 'keep-alive',
  'content-length' => '0',
  'accept' => '*/*',
  'origin' => 'http://weibo.net',
  'x-requested-with' => 'XMLHttpRequest',
  'user-agent' => 'Mozilla/5.0 (Windows NT 10.0; WOW64) AppleWebKit/537.36 (KHTML, like Gecko) Chrome/57.0.2987.98 Safari/537.36',
  'referer' => 'http://weibo.net/admin/index',
  'accept-encoding' => 'gzip, deflate',
  'accept-language' => 'zh-CN,zh;q=0.8',
  'cookie' => 'Hm_lvt_bdb993b828cbe079a7fbc1a951f44726=1512659494; Hm_lvt_079fac161efc4b2a6f31e80064f14e82=1512659494; PHPSESSID=3co8c79dvkglsifj4rtgrrggn1; ip=127.0.0.1; time=2018-01-09+22%3A19%3A28',
)
[ info ] [ PARAM ] array (
)
[ info ] [ SESSION ] INIT array (
  'id' => '',
  'var_session_id' => '',
  'prefix' => 'y',
  'type' => '',
  'auto_start' => true,
  'httponly' => true,
  'secure' => false,
)
[ info ] [ LOG ] INIT File
---------------------------------------------------------------
[ 2018-01-09T22:19:30+08:00 ] 127.0.0.1 GET /admin/articles/index?page=1&limit=10
[ info ] weibo.net/admin/articles/index?page=1&limit=10 [运行时间：0.073769s][吞吐率：13.56req/s] [内存消耗：2,731.20kb] [文件加载：71]
[ info ] [ LANG ] D:\wamp\www\blog\thinkphp/lang/zh-cn.php
[ info ] [ ROUTE ] array (
)
[ info ] [ HEADER ] array (
  'host' => 'weibo.net',
  'connection' => 'keep-alive',
  'accept' => 'application/json, text/javascript, */*; q=0.01',
  'x-requested-with' => 'XMLHttpRequest',
  'user-agent' => 'Mozilla/5.0 (Windows NT 10.0; WOW64) AppleWebKit/537.36 (KHTML, like Gecko) Chrome/57.0.2987.98 Safari/537.36',
  'referer' => 'http://weibo.net/admin/index',
  'accept-encoding' => 'gzip, deflate, sdch',
  'accept-language' => 'zh-CN,zh;q=0.8',
  'cookie' => 'Hm_lvt_bdb993b828cbe079a7fbc1a951f44726=1512659494; Hm_lvt_079fac161efc4b2a6f31e80064f14e82=1512659494; ip=127.0.0.1; time=2018-01-09+22%3A19%3A28; PHPSESSID=3co8c79dvkglsifj4rtgrrggn1',
)
[ info ] [ PARAM ] array (
  'page' => '1',
  'limit' => '10',
)
[ info ] [ SESSION ] INIT array (
  'id' => '',
  'var_session_id' => '',
  'prefix' => 'y',
  'type' => '',
  'auto_start' => true,
  'httponly' => true,
  'secure' => false,
)
[ info ] [ DB ] INIT mysql
[ info ] [ LOG ] INIT File
[ sql ] [ DB ] CONNECT:[ UseTime:0.010840s ] mysql:host=127.0.0.1;dbname=blog;charset=utf8
[ sql ] [ SQL ] SHOW COLUMNS FROM `article` [ RunTime:0.001083s ]
[ sql ] [ SQL ] SELECT COUNT(*) AS tp_count FROM `article` WHERE  `title` LIKE '%%' LIMIT 1 [ RunTime:0.000602s ]
[ sql ] [ SQL ] SELECT * FROM `article` ORDER BY update_time desc LIMIT 0,10 [ RunTime:0.000468s ]
---------------------------------------------------------------
[ 2018-01-09T22:19:30+08:00 ] 127.0.0.1 POST /admin/articles/edit
[ info ] weibo.net/admin/articles/edit [运行时间：0.062342s][吞吐率：16.04req/s] [内存消耗：2,689.61kb] [文件加载：71]
[ info ] [ LANG ] D:\wamp\www\blog\thinkphp/lang/zh-cn.php
[ info ] [ ROUTE ] array (
)
[ info ] [ HEADER ] array (
  'host' => 'weibo.net',
  'connection' => 'keep-alive',
  'content-length' => '5',
  'accept' => '*/*',
  'origin' => 'http://weibo.net',
  'x-requested-with' => 'XMLHttpRequest',
  'user-agent' => 'Mozilla/5.0 (Windows NT 10.0; WOW64) AppleWebKit/537.36 (KHTML, like Gecko) Chrome/57.0.2987.98 Safari/537.36',
  'content-type' => 'application/x-www-form-urlencoded; charset=UTF-8',
  'referer' => 'http://weibo.net/admin/index',
  'accept-encoding' => 'gzip, deflate',
  'accept-language' => 'zh-CN,zh;q=0.8',
  'cookie' => 'Hm_lvt_bdb993b828cbe079a7fbc1a951f44726=1512659494; Hm_lvt_079fac161efc4b2a6f31e80064f14e82=1512659494; ip=127.0.0.1; time=2018-01-09+22%3A19%3A28; PHPSESSID=3co8c79dvkglsifj4rtgrrggn1',
)
[ info ] [ PARAM ] array (
  'id' => '23',
)
[ info ] [ SESSION ] INIT array (
  'id' => '',
  'var_session_id' => '',
  'prefix' => 'y',
  'type' => '',
  'auto_start' => true,
  'httponly' => true,
  'secure' => false,
)
[ info ] [ DB ] INIT mysql
[ info ] [ LOG ] INIT File
[ sql ] [ DB ] CONNECT:[ UseTime:0.010615s ] mysql:host=127.0.0.1;dbname=blog;charset=utf8
[ sql ] [ SQL ] SHOW COLUMNS FROM `article` [ RunTime:0.001071s ]
[ sql ] [ SQL ] SELECT * FROM `article` WHERE  `id` = 23 LIMIT 1 [ RunTime:0.000541s ]
---------------------------------------------------------------
[ 2018-01-09T22:19:33+08:00 ] 127.0.0.1 POST /admin/articles/update
[ info ] weibo.net/admin/articles/update [运行时间：0.131262s][吞吐率：7.62req/s] [内存消耗：2,735.91kb] [文件加载：73]
[ info ] [ LANG ] D:\wamp\www\blog\thinkphp/lang/zh-cn.php
[ info ] [ ROUTE ] array (
)
[ info ] [ HEADER ] array (
  'host' => 'weibo.net',
  'connection' => 'keep-alive',
  'content-length' => '118',
  'accept' => '*/*',
  'origin' => 'http://weibo.net',
  'x-requested-with' => 'XMLHttpRequest',
  'user-agent' => 'Mozilla/5.0 (Windows NT 10.0; WOW64) AppleWebKit/537.36 (KHTML, like Gecko) Chrome/57.0.2987.98 Safari/537.36',
  'content-type' => 'application/x-www-form-urlencoded; charset=UTF-8',
  'referer' => 'http://weibo.net/admin/index',
  'accept-encoding' => 'gzip, deflate',
  'accept-language' => 'zh-CN,zh;q=0.8',
  'cookie' => 'Hm_lvt_bdb993b828cbe079a7fbc1a951f44726=1512659494; Hm_lvt_079fac161efc4b2a6f31e80064f14e82=1512659494; ip=127.0.0.1; time=2018-01-09+22%3A19%3A28; PHPSESSID=3co8c79dvkglsifj4rtgrrggn1',
)
[ info ] [ PARAM ] array (
  'id' => '23',
  'title' => 'zzzzzz',
  'content' => '<p>zzzzzzzzzzzzzzzzzzz</p>',
  'pic' => '',
  'descr' => 'zzzzzzzzzzzz',
  'author' => 'zzzzzzzzzzzz',
  'category' => '3',
)
[ info ] [ SESSION ] INIT array (
  'id' => '',
  'var_session_id' => '',
  'prefix' => 'y',
  'type' => '',
  'auto_start' => true,
  'httponly' => true,
  'secure' => false,
)
[ info ] [ DB ] INIT mysql
[ info ] [ CACHE ] INIT File
[ info ] [ LOG ] INIT File
[ sql ] [ DB ] CONNECT:[ UseTime:0.011152s ] mysql:host=127.0.0.1;dbname=blog;charset=utf8
[ sql ] [ SQL ] SHOW COLUMNS FROM `article` [ RunTime:0.001091s ]
[ sql ] [ SQL ] UPDATE `article`  SET `id`=23,`title`='zzzzzz',`content`='<p>zzzzzzzzzzzzzzzzzzz</p>',`pic`='',`descr`='zzzzzzzzzzzz',`author`='zzzzzzzzzzzz',`category`=3  WHERE  `id` = 23 [ RunTime:0.012453s ]
---------------------------------------------------------------
[ 2018-01-09T22:19:34+08:00 ] 127.0.0.1 POST /admin/articles/update
[ info ] weibo.net/admin/articles/update [运行时间：0.079101s][吞吐率：12.64req/s] [内存消耗：2,735.93kb] [文件加载：73]
[ info ] [ LANG ] D:\wamp\www\blog\thinkphp/lang/zh-cn.php
[ info ] [ ROUTE ] array (
)
[ info ] [ HEADER ] array (
  'host' => 'weibo.net',
  'connection' => 'keep-alive',
  'content-length' => '118',
  'accept' => '*/*',
  'origin' => 'http://weibo.net',
  'x-requested-with' => 'XMLHttpRequest',
  'user-agent' => 'Mozilla/5.0 (Windows NT 10.0; WOW64) AppleWebKit/537.36 (KHTML, like Gecko) Chrome/57.0.2987.98 Safari/537.36',
  'content-type' => 'application/x-www-form-urlencoded; charset=UTF-8',
  'referer' => 'http://weibo.net/admin/index',
  'accept-encoding' => 'gzip, deflate',
  'accept-language' => 'zh-CN,zh;q=0.8',
  'cookie' => 'Hm_lvt_bdb993b828cbe079a7fbc1a951f44726=1512659494; Hm_lvt_079fac161efc4b2a6f31e80064f14e82=1512659494; ip=127.0.0.1; time=2018-01-09+22%3A19%3A28; PHPSESSID=3co8c79dvkglsifj4rtgrrggn1',
)
[ info ] [ PARAM ] array (
  'id' => '23',
  'title' => 'zzzzzz',
  'content' => '<p>zzzzzzzzzzzzzzzzzzz</p>',
  'pic' => '',
  'descr' => 'zzzzzzzzzzzz',
  'author' => 'zzzzzzzzzzzz',
  'category' => '3',
)
[ info ] [ SESSION ] INIT array (
  'id' => '',
  'var_session_id' => '',
  'prefix' => 'y',
  'type' => '',
  'auto_start' => true,
  'httponly' => true,
  'secure' => false,
)
[ info ] [ DB ] INIT mysql
[ info ] [ CACHE ] INIT File
[ info ] [ LOG ] INIT File
[ sql ] [ DB ] CONNECT:[ UseTime:0.010038s ] mysql:host=127.0.0.1;dbname=blog;charset=utf8
[ sql ] [ SQL ] SHOW COLUMNS FROM `article` [ RunTime:0.001269s ]
[ sql ] [ SQL ] UPDATE `article`  SET `id`=23,`title`='zzzzzz',`content`='<p>zzzzzzzzzzzzzzzzzzz</p>',`pic`='',`descr`='zzzzzzzzzzzz',`author`='zzzzzzzzzzzz',`category`=3  WHERE  `id` = 23 [ RunTime:0.000704s ]
---------------------------------------------------------------
[ 2018-01-09T22:19:34+08:00 ] 127.0.0.1 GET /admin/articles/index
[ info ] weibo.net/admin/articles/index [运行时间：0.053403s][吞吐率：18.73req/s] [内存消耗：1,681.06kb] [文件加载：61]
[ info ] [ LANG ] D:\wamp\www\blog\thinkphp/lang/zh-cn.php
[ info ] [ ROUTE ] array (
)
[ info ] [ HEADER ] array (
  'host' => 'weibo.net',
  'connection' => 'keep-alive',
  'upgrade-insecure-requests' => '1',
  'user-agent' => 'Mozilla/5.0 (Windows NT 10.0; WOW64) AppleWebKit/537.36 (KHTML, like Gecko) Chrome/57.0.2987.98 Safari/537.36',
  'accept' => 'text/html,application/xhtml+xml,application/xml;q=0.9,image/webp,*/*;q=0.8',
  'referer' => 'http://weibo.net/admin/index',
  'accept-encoding' => 'gzip, deflate, sdch',
  'accept-language' => 'zh-CN,zh;q=0.8',
  'cookie' => 'Hm_lvt_bdb993b828cbe079a7fbc1a951f44726=1512659494; Hm_lvt_079fac161efc4b2a6f31e80064f14e82=1512659494; ip=127.0.0.1; time=2018-01-09+22%3A19%3A28; PHPSESSID=3co8c79dvkglsifj4rtgrrggn1',
)
[ info ] [ PARAM ] array (
)
[ info ] [ SESSION ] INIT array (
  'id' => '',
  'var_session_id' => '',
  'prefix' => 'y',
  'type' => '',
  'auto_start' => true,
  'httponly' => true,
  'secure' => false,
)
[ info ] [ LOG ] INIT File
---------------------------------------------------------------
[ 2018-01-09T22:19:37+08:00 ] 127.0.0.1 GET /admin/index
[ info ] weibo.net/admin/index [运行时间：0.076769s][吞吐率：13.03req/s] [内存消耗：2,739.20kb] [文件加载：73]
[ info ] [ LANG ] D:\wamp\www\blog\thinkphp/lang/zh-cn.php
[ info ] [ ROUTE ] array (
  'rule' => 'admin/index',
  'route' => 'admin/Index/index',
  'option' => 
  array (
  ),
  'var' => 
  array (
  ),
)
[ info ] [ HEADER ] array (
  'host' => 'weibo.net',
  'connection' => 'keep-alive',
  'upgrade-insecure-requests' => '1',
  'user-agent' => 'Mozilla/5.0 (Windows NT 10.0; WOW64) AppleWebKit/537.36 (KHTML, like Gecko) Chrome/57.0.2987.98 Safari/537.36',
  'accept' => 'text/html,application/xhtml+xml,application/xml;q=0.9,image/webp,*/*;q=0.8',
  'referer' => 'http://weibo.net/user',
  'accept-encoding' => 'gzip, deflate, sdch',
  'accept-language' => 'zh-CN,zh;q=0.8',
  'cookie' => 'Hm_lvt_bdb993b828cbe079a7fbc1a951f44726=1512659494; Hm_lvt_079fac161efc4b2a6f31e80064f14e82=1512659494; ip=127.0.0.1; time=2018-01-09+22%3A19%3A28; PHPSESSID=3co8c79dvkglsifj4rtgrrggn1',
)
[ info ] [ PARAM ] array (
)
[ info ] [ SESSION ] INIT array (
  'id' => '',
  'var_session_id' => '',
  'prefix' => 'y',
  'type' => '',
  'auto_start' => true,
  'httponly' => true,
  'secure' => false,
)
[ info ] [ DB ] INIT mysql
[ info ] [ VIEW ] D:\wamp\www\blog/application/admin/view\index\index.html [ array (
  0 => 'article_count',
  1 => 'ip',
  2 => 'time',
) ]
[ info ] [ LOG ] INIT File
[ sql ] [ DB ] CONNECT:[ UseTime:0.010636s ] mysql:host=127.0.0.1;dbname=blog;charset=utf8
[ sql ] [ SQL ] SHOW COLUMNS FROM `article` [ RunTime:0.000969s ]
[ sql ] [ SQL ] SELECT COUNT(*) AS tp_count FROM `article` WHERE  `title` LIKE '%%' LIMIT 1 [ RunTime:0.000436s ]
---------------------------------------------------------------
[ 2018-01-09T22:19:38+08:00 ] 127.0.0.1 POST /admin/articles/load
[ info ] weibo.net/admin/articles/load [运行时间：0.045219s][吞吐率：22.11req/s] [内存消耗：1,687.18kb] [文件加载：64]
[ info ] [ LANG ] D:\wamp\www\blog\thinkphp/lang/zh-cn.php
[ info ] [ ROUTE ] array (
)
[ info ] [ HEADER ] array (
  'host' => 'weibo.net',
  'connection' => 'keep-alive',
  'content-length' => '0',
  'accept' => '*/*',
  'origin' => 'http://weibo.net',
  'x-requested-with' => 'XMLHttpRequest',
  'user-agent' => 'Mozilla/5.0 (Windows NT 10.0; WOW64) AppleWebKit/537.36 (KHTML, like Gecko) Chrome/57.0.2987.98 Safari/537.36',
  'referer' => 'http://weibo.net/admin/index',
  'accept-encoding' => 'gzip, deflate',
  'accept-language' => 'zh-CN,zh;q=0.8',
  'cookie' => 'Hm_lvt_bdb993b828cbe079a7fbc1a951f44726=1512659494; Hm_lvt_079fac161efc4b2a6f31e80064f14e82=1512659494; ip=127.0.0.1; time=2018-01-09+22%3A19%3A28; PHPSESSID=3co8c79dvkglsifj4rtgrrggn1',
)
[ info ] [ PARAM ] array (
)
[ info ] [ SESSION ] INIT array (
  'id' => '',
  'var_session_id' => '',
  'prefix' => 'y',
  'type' => '',
  'auto_start' => true,
  'httponly' => true,
  'secure' => false,
)
[ info ] [ LOG ] INIT File
---------------------------------------------------------------
[ 2018-01-09T22:19:38+08:00 ] 127.0.0.1 GET /admin/articles/index?page=1&limit=10
[ info ] weibo.net/admin/articles/index?page=1&limit=10 [运行时间：0.076429s][吞吐率：13.08req/s] [内存消耗：2,731.09kb] [文件加载：71]
[ info ] [ LANG ] D:\wamp\www\blog\thinkphp/lang/zh-cn.php
[ info ] [ ROUTE ] array (
)
[ info ] [ HEADER ] array (
  'host' => 'weibo.net',
  'connection' => 'keep-alive',
  'accept' => 'application/json, text/javascript, */*; q=0.01',
  'x-requested-with' => 'XMLHttpRequest',
  'user-agent' => 'Mozilla/5.0 (Windows NT 10.0; WOW64) AppleWebKit/537.36 (KHTML, like Gecko) Chrome/57.0.2987.98 Safari/537.36',
  'referer' => 'http://weibo.net/admin/index',
  'accept-encoding' => 'gzip, deflate, sdch',
  'accept-language' => 'zh-CN,zh;q=0.8',
  'cookie' => 'Hm_lvt_bdb993b828cbe079a7fbc1a951f44726=1512659494; Hm_lvt_079fac161efc4b2a6f31e80064f14e82=1512659494; ip=127.0.0.1; time=2018-01-09+22%3A19%3A28; PHPSESSID=3co8c79dvkglsifj4rtgrrggn1',
)
[ info ] [ PARAM ] array (
  'page' => '1',
  'limit' => '10',
)
[ info ] [ SESSION ] INIT array (
  'id' => '',
  'var_session_id' => '',
  'prefix' => 'y',
  'type' => '',
  'auto_start' => true,
  'httponly' => true,
  'secure' => false,
)
[ info ] [ DB ] INIT mysql
[ info ] [ LOG ] INIT File
[ sql ] [ DB ] CONNECT:[ UseTime:0.010103s ] mysql:host=127.0.0.1;dbname=blog;charset=utf8
[ sql ] [ SQL ] SHOW COLUMNS FROM `article` [ RunTime:0.001617s ]
[ sql ] [ SQL ] SELECT COUNT(*) AS tp_count FROM `article` WHERE  `title` LIKE '%%' LIMIT 1 [ RunTime:0.000657s ]
[ sql ] [ SQL ] SELECT * FROM `article` ORDER BY update_time desc LIMIT 0,10 [ RunTime:0.000699s ]
---------------------------------------------------------------
[ 2018-01-09T22:19:42+08:00 ] 127.0.0.1 POST /admin/articles/edit
[ info ] weibo.net/admin/articles/edit [运行时间：0.065069s][吞吐率：15.37req/s] [内存消耗：2,689.49kb] [文件加载：71]
[ info ] [ LANG ] D:\wamp\www\blog\thinkphp/lang/zh-cn.php
[ info ] [ ROUTE ] array (
)
[ info ] [ HEADER ] array (
  'host' => 'weibo.net',
  'connection' => 'keep-alive',
  'content-length' => '5',
  'accept' => '*/*',
  'origin' => 'http://weibo.net',
  'x-requested-with' => 'XMLHttpRequest',
  'user-agent' => 'Mozilla/5.0 (Windows NT 10.0; WOW64) AppleWebKit/537.36 (KHTML, like Gecko) Chrome/57.0.2987.98 Safari/537.36',
  'content-type' => 'application/x-www-form-urlencoded; charset=UTF-8',
  'referer' => 'http://weibo.net/admin/index',
  'accept-encoding' => 'gzip, deflate',
  'accept-language' => 'zh-CN,zh;q=0.8',
  'cookie' => 'Hm_lvt_bdb993b828cbe079a7fbc1a951f44726=1512659494; Hm_lvt_079fac161efc4b2a6f31e80064f14e82=1512659494; ip=127.0.0.1; time=2018-01-09+22%3A19%3A28; PHPSESSID=3co8c79dvkglsifj4rtgrrggn1',
)
[ info ] [ PARAM ] array (
  'id' => '23',
)
[ info ] [ SESSION ] INIT array (
  'id' => '',
  'var_session_id' => '',
  'prefix' => 'y',
  'type' => '',
  'auto_start' => true,
  'httponly' => true,
  'secure' => false,
)
[ info ] [ DB ] INIT mysql
[ info ] [ LOG ] INIT File
[ sql ] [ DB ] CONNECT:[ UseTime:0.010252s ] mysql:host=127.0.0.1;dbname=blog;charset=utf8
[ sql ] [ SQL ] SHOW COLUMNS FROM `article` [ RunTime:0.000894s ]
[ sql ] [ SQL ] SELECT * FROM `article` WHERE  `id` = 23 LIMIT 1 [ RunTime:0.000555s ]
---------------------------------------------------------------
[ 2018-01-09T22:20:18+08:00 ] 127.0.0.1 POST /admin/articles/uploads
[ info ] weibo.net/admin/articles/uploads [运行时间：0.040953s][吞吐率：24.42req/s] [内存消耗：1,670.31kb] [文件加载：62]
[ info ] [ LANG ] D:\wamp\www\blog\thinkphp/lang/zh-cn.php
[ info ] [ ROUTE ] array (
)
[ info ] [ HEADER ] array (
  'host' => 'weibo.net',
  'connection' => 'keep-alive',
  'content-length' => '75400',
  'accept' => 'application/json, text/javascript, */*; q=0.01',
  'origin' => 'http://weibo.net',
  'x-requested-with' => 'XMLHttpRequest',
  'user-agent' => 'Mozilla/5.0 (Windows NT 10.0; WOW64) AppleWebKit/537.36 (KHTML, like Gecko) Chrome/57.0.2987.98 Safari/537.36',
  'content-type' => 'multipart/form-data; boundary=----WebKitFormBoundaryBufmOOQmmzSMMxAn',
  'referer' => 'http://weibo.net/admin/index',
  'accept-encoding' => 'gzip, deflate',
  'accept-language' => 'zh-CN,zh;q=0.8',
  'cookie' => 'Hm_lvt_bdb993b828cbe079a7fbc1a951f44726=1512659494; Hm_lvt_079fac161efc4b2a6f31e80064f14e82=1512659494; ip=127.0.0.1; time=2018-01-09+22%3A19%3A28; PHPSESSID=3co8c79dvkglsifj4rtgrrggn1',
)
[ info ] [ PARAM ] array (
)
[ info ] [ SESSION ] INIT array (
  'id' => '',
  'var_session_id' => '',
  'prefix' => 'y',
  'type' => '',
  'auto_start' => true,
  'httponly' => true,
  'secure' => false,
)
[ info ] [ LOG ] INIT File
---------------------------------------------------------------
[ 2018-01-09T22:20:24+08:00 ] 127.0.0.1 POST /admin/articles/uploads
[ info ] weibo.net/admin/articles/uploads [运行时间：0.047312s][吞吐率：21.14req/s] [内存消耗：1,670.31kb] [文件加载：62]
[ info ] [ LANG ] D:\wamp\www\blog\thinkphp/lang/zh-cn.php
[ info ] [ ROUTE ] array (
)
[ info ] [ HEADER ] array (
  'host' => 'weibo.net',
  'connection' => 'keep-alive',
  'content-length' => '75400',
  'accept' => 'application/json, text/javascript, */*; q=0.01',
  'origin' => 'http://weibo.net',
  'x-requested-with' => 'XMLHttpRequest',
  'user-agent' => 'Mozilla/5.0 (Windows NT 10.0; WOW64) AppleWebKit/537.36 (KHTML, like Gecko) Chrome/57.0.2987.98 Safari/537.36',
  'content-type' => 'multipart/form-data; boundary=----WebKitFormBoundaryA4iAGrsQCUxDDTGT',
  'referer' => 'http://weibo.net/admin/index',
  'accept-encoding' => 'gzip, deflate',
  'accept-language' => 'zh-CN,zh;q=0.8',
  'cookie' => 'Hm_lvt_bdb993b828cbe079a7fbc1a951f44726=1512659494; Hm_lvt_079fac161efc4b2a6f31e80064f14e82=1512659494; ip=127.0.0.1; time=2018-01-09+22%3A19%3A28; PHPSESSID=3co8c79dvkglsifj4rtgrrggn1',
)
[ info ] [ PARAM ] array (
)
[ info ] [ SESSION ] INIT array (
  'id' => '',
  'var_session_id' => '',
  'prefix' => 'y',
  'type' => '',
  'auto_start' => true,
  'httponly' => true,
  'secure' => false,
)
[ info ] [ LOG ] INIT File
---------------------------------------------------------------
[ 2018-01-09T22:21:04+08:00 ] 127.0.0.1 GET /admin/index
[ info ] weibo.net/admin/index [运行时间：0.083301s][吞吐率：12.00req/s] [内存消耗：2,739.27kb] [文件加载：73]
[ info ] [ LANG ] D:\wamp\www\blog\thinkphp/lang/zh-cn.php
[ info ] [ ROUTE ] array (
  'rule' => 'admin/index',
  'route' => 'admin/Index/index',
  'option' => 
  array (
  ),
  'var' => 
  array (
  ),
)
[ info ] [ HEADER ] array (
  'host' => 'weibo.net',
  'connection' => 'keep-alive',
  'cache-control' => 'max-age=0',
  'upgrade-insecure-requests' => '1',
  'user-agent' => 'Mozilla/5.0 (Windows NT 10.0; WOW64) AppleWebKit/537.36 (KHTML, like Gecko) Chrome/57.0.2987.98 Safari/537.36',
  'accept' => 'text/html,application/xhtml+xml,application/xml;q=0.9,image/webp,*/*;q=0.8',
  'referer' => 'http://weibo.net/user',
  'accept-encoding' => 'gzip, deflate, sdch',
  'accept-language' => 'zh-CN,zh;q=0.8',
  'cookie' => 'Hm_lvt_bdb993b828cbe079a7fbc1a951f44726=1512659494; Hm_lvt_079fac161efc4b2a6f31e80064f14e82=1512659494; ip=127.0.0.1; time=2018-01-09+22%3A19%3A28; PHPSESSID=3co8c79dvkglsifj4rtgrrggn1',
)
[ info ] [ PARAM ] array (
)
[ info ] [ SESSION ] INIT array (
  'id' => '',
  'var_session_id' => '',
  'prefix' => 'y',
  'type' => '',
  'auto_start' => true,
  'httponly' => true,
  'secure' => false,
)
[ info ] [ DB ] INIT mysql
[ info ] [ VIEW ] D:\wamp\www\blog/application/admin/view\index\index.html [ array (
  0 => 'article_count',
  1 => 'ip',
  2 => 'time',
) ]
[ info ] [ LOG ] INIT File
[ sql ] [ DB ] CONNECT:[ UseTime:0.001165s ] mysql:host=127.0.0.1;dbname=blog;charset=utf8
[ sql ] [ SQL ] SHOW COLUMNS FROM `article` [ RunTime:0.000888s ]
[ sql ] [ SQL ] SELECT COUNT(*) AS tp_count FROM `article` WHERE  `title` LIKE '%%' LIMIT 1 [ RunTime:0.000373s ]
---------------------------------------------------------------
[ 2018-01-09T22:21:05+08:00 ] 127.0.0.1 GET /admin/index
[ info ] weibo.net/admin/index [运行时间：0.065514s][吞吐率：15.26req/s] [内存消耗：2,739.27kb] [文件加载：73]
[ info ] [ LANG ] D:\wamp\www\blog\thinkphp/lang/zh-cn.php
[ info ] [ ROUTE ] array (
  'rule' => 'admin/index',
  'route' => 'admin/Index/index',
  'option' => 
  array (
  ),
  'var' => 
  array (
  ),
)
[ info ] [ HEADER ] array (
  'host' => 'weibo.net',
  'connection' => 'keep-alive',
  'cache-control' => 'max-age=0',
  'upgrade-insecure-requests' => '1',
  'user-agent' => 'Mozilla/5.0 (Windows NT 10.0; WOW64) AppleWebKit/537.36 (KHTML, like Gecko) Chrome/57.0.2987.98 Safari/537.36',
  'accept' => 'text/html,application/xhtml+xml,application/xml;q=0.9,image/webp,*/*;q=0.8',
  'referer' => 'http://weibo.net/user',
  'accept-encoding' => 'gzip, deflate, sdch',
  'accept-language' => 'zh-CN,zh;q=0.8',
  'cookie' => 'Hm_lvt_bdb993b828cbe079a7fbc1a951f44726=1512659494; Hm_lvt_079fac161efc4b2a6f31e80064f14e82=1512659494; ip=127.0.0.1; time=2018-01-09+22%3A19%3A28; PHPSESSID=3co8c79dvkglsifj4rtgrrggn1',
)
[ info ] [ PARAM ] array (
)
[ info ] [ SESSION ] INIT array (
  'id' => '',
  'var_session_id' => '',
  'prefix' => 'y',
  'type' => '',
  'auto_start' => true,
  'httponly' => true,
  'secure' => false,
)
[ info ] [ DB ] INIT mysql
[ info ] [ VIEW ] D:\wamp\www\blog/application/admin/view\index\index.html [ array (
  0 => 'article_count',
  1 => 'ip',
  2 => 'time',
) ]
[ info ] [ LOG ] INIT File
[ sql ] [ DB ] CONNECT:[ UseTime:0.001035s ] mysql:host=127.0.0.1;dbname=blog;charset=utf8
[ sql ] [ SQL ] SHOW COLUMNS FROM `article` [ RunTime:0.001260s ]
[ sql ] [ SQL ] SELECT COUNT(*) AS tp_count FROM `article` WHERE  `title` LIKE '%%' LIMIT 1 [ RunTime:0.000462s ]
---------------------------------------------------------------
[ 2018-01-09T22:21:07+08:00 ] 127.0.0.1 GET /admin/login/logout.html
[ info ] weibo.net/admin/login/logout.html [运行时间：0.045177s][吞吐率：22.14req/s] [内存消耗：1,706.45kb] [文件加载：66]
[ info ] [ LANG ] D:\wamp\www\blog\thinkphp/lang/zh-cn.php
[ info ] [ ROUTE ] array (
)
[ info ] [ HEADER ] array (
  'host' => 'weibo.net',
  'connection' => 'keep-alive',
  'upgrade-insecure-requests' => '1',
  'user-agent' => 'Mozilla/5.0 (Windows NT 10.0; WOW64) AppleWebKit/537.36 (KHTML, like Gecko) Chrome/57.0.2987.98 Safari/537.36',
  'accept' => 'text/html,application/xhtml+xml,application/xml;q=0.9,image/webp,*/*;q=0.8',
  'referer' => 'http://weibo.net/admin/index',
  'accept-encoding' => 'gzip, deflate, sdch',
  'accept-language' => 'zh-CN,zh;q=0.8',
  'cookie' => 'Hm_lvt_bdb993b828cbe079a7fbc1a951f44726=1512659494; Hm_lvt_079fac161efc4b2a6f31e80064f14e82=1512659494; ip=127.0.0.1; time=2018-01-09+22%3A19%3A28; PHPSESSID=3co8c79dvkglsifj4rtgrrggn1',
)
[ info ] [ PARAM ] array (
)
[ info ] [ SESSION ] INIT array (
  'id' => '',
  'var_session_id' => '',
  'prefix' => 'y',
  'type' => '',
  'auto_start' => true,
  'httponly' => true,
  'secure' => false,
)
[ info ] [ VIEW ] D:\wamp\www\blog\thinkphp/tpl/dispatch_jump.tpl [ array (
  0 => 'code',
  1 => 'msg',
  2 => 'data',
  3 => 'url',
  4 => 'wait',
) ]
[ info ] [ LOG ] INIT File
---------------------------------------------------------------
[ 2018-01-09T22:21:08+08:00 ] 127.0.0.1 GET /user
[ info ] weibo.net/user [运行时间：0.035255s][吞吐率：28.36req/s] [内存消耗：1,621.28kb] [文件加载：59]
[ info ] [ LANG ] D:\wamp\www\blog\thinkphp/lang/zh-cn.php
[ info ] [ ROUTE ] array (
  'rule' => 'user',
  'route' => 'admin/login/login',
  'option' => 
  array (
  ),
  'var' => 
  array (
  ),
)
[ info ] [ HEADER ] array (
  'host' => 'weibo.net',
  'connection' => 'keep-alive',
  'upgrade-insecure-requests' => '1',
  'user-agent' => 'Mozilla/5.0 (Windows NT 10.0; WOW64) AppleWebKit/537.36 (KHTML, like Gecko) Chrome/57.0.2987.98 Safari/537.36',
  'accept' => 'text/html,application/xhtml+xml,application/xml;q=0.9,image/webp,*/*;q=0.8',
  'referer' => 'http://weibo.net/admin/login/logout.html',
  'accept-encoding' => 'gzip, deflate, sdch',
  'accept-language' => 'zh-CN,zh;q=0.8',
  'cookie' => 'Hm_lvt_bdb993b828cbe079a7fbc1a951f44726=1512659494; Hm_lvt_079fac161efc4b2a6f31e80064f14e82=1512659494; PHPSESSID=3co8c79dvkglsifj4rtgrrggn1',
)
[ info ] [ PARAM ] array (
)
[ info ] [ VIEW ] D:\wamp\www\blog/application/admin/view\login\login.html [ array (
) ]
[ info ] [ LOG ] INIT File
---------------------------------------------------------------
[ 2018-01-09T22:21:13+08:00 ] 127.0.0.1 POST /admin/login/dologin
[ info ] weibo.net/admin/login/dologin [运行时间：0.108937s][吞吐率：9.18req/s] [内存消耗：2,844.21kb] [文件加载：71]
[ info ] [ LANG ] D:\wamp\www\blog\thinkphp/lang/zh-cn.php
[ info ] [ ROUTE ] array (
)
[ info ] [ HEADER ] array (
  'host' => 'weibo.net',
  'connection' => 'keep-alive',
  'content-length' => '34',
  'accept' => '*/*',
  'origin' => 'http://weibo.net',
  'x-requested-with' => 'XMLHttpRequest',
  'user-agent' => 'Mozilla/5.0 (Windows NT 10.0; WOW64) AppleWebKit/537.36 (KHTML, like Gecko) Chrome/57.0.2987.98 Safari/537.36',
  'content-type' => 'application/x-www-form-urlencoded; charset=UTF-8',
  'referer' => 'http://weibo.net/user',
  'accept-encoding' => 'gzip, deflate',
  'accept-language' => 'zh-CN,zh;q=0.8',
  'cookie' => 'Hm_lvt_bdb993b828cbe079a7fbc1a951f44726=1512659494; Hm_lvt_079fac161efc4b2a6f31e80064f14e82=1512659494; PHPSESSID=3co8c79dvkglsifj4rtgrrggn1',
)
[ info ] [ PARAM ] array (
  'username' => 'zadmin',
  'password' => 'hackerzfy',
)
[ info ] [ DB ] INIT mysql
[ info ] [ SESSION ] INIT array (
  'id' => '',
  'var_session_id' => '',
  'prefix' => 'y',
  'type' => '',
  'auto_start' => true,
  'httponly' => true,
  'secure' => false,
)
[ info ] [ LOG ] INIT File
[ sql ] [ DB ] CONNECT:[ UseTime:0.001018s ] mysql:host=127.0.0.1;dbname=blog;charset=utf8
[ sql ] [ SQL ] SHOW COLUMNS FROM `admin` [ RunTime:0.021270s ]
[ sql ] [ SQL ] SELECT * FROM `admin` WHERE  `username` = 'zadmin' LIMIT 1 [ RunTime:0.000645s ]
[ sql ] [ SQL ] SHOW COLUMNS FROM `admin_role` [ RunTime:0.012252s ]
[ sql ] [ SQL ] SELECT * FROM `admin_role` `a` INNER JOIN `node_role` `b` ON `b`.`rid`=`a`.`rid` INNER JOIN `node` `c` ON `b`.`nid`=`c`.`id` WHERE  `a`.`uid` = '1' [ RunTime:0.017786s ]
---------------------------------------------------------------
[ 2018-01-09T22:21:16+08:00 ] 127.0.0.1 GET /admin/index
[ info ] weibo.net/admin/index [运行时间：0.060551s][吞吐率：16.52req/s] [内存消耗：2,740.34kb] [文件加载：73]
[ info ] [ LANG ] D:\wamp\www\blog\thinkphp/lang/zh-cn.php
[ info ] [ ROUTE ] array (
  'rule' => 'admin/index',
  'route' => 'admin/Index/index',
  'option' => 
  array (
  ),
  'var' => 
  array (
  ),
)
[ info ] [ HEADER ] array (
  'host' => 'weibo.net',
  'connection' => 'keep-alive',
  'upgrade-insecure-requests' => '1',
  'user-agent' => 'Mozilla/5.0 (Windows NT 10.0; WOW64) AppleWebKit/537.36 (KHTML, like Gecko) Chrome/57.0.2987.98 Safari/537.36',
  'accept' => 'text/html,application/xhtml+xml,application/xml;q=0.9,image/webp,*/*;q=0.8',
  'referer' => 'http://weibo.net/user',
  'accept-encoding' => 'gzip, deflate, sdch',
  'accept-language' => 'zh-CN,zh;q=0.8',
  'cookie' => 'Hm_lvt_bdb993b828cbe079a7fbc1a951f44726=1512659494; Hm_lvt_079fac161efc4b2a6f31e80064f14e82=1512659494; PHPSESSID=3co8c79dvkglsifj4rtgrrggn1',
)
[ info ] [ PARAM ] array (
)
[ info ] [ SESSION ] INIT array (
  'id' => '',
  'var_session_id' => '',
  'prefix' => 'y',
  'type' => '',
  'auto_start' => true,
  'httponly' => true,
  'secure' => false,
)
[ info ] [ DB ] INIT mysql
[ info ] [ VIEW ] D:\wamp\www\blog/application/admin/view\index\index.html [ array (
  0 => 'article_count',
  1 => 'ip',
  2 => 'time',
) ]
[ info ] [ LOG ] INIT File
[ sql ] [ DB ] CONNECT:[ UseTime:0.000931s ] mysql:host=127.0.0.1;dbname=blog;charset=utf8
[ sql ] [ SQL ] SHOW COLUMNS FROM `article` [ RunTime:0.000856s ]
[ sql ] [ SQL ] SELECT COUNT(*) AS tp_count FROM `article` WHERE  `title` LIKE '%%' LIMIT 1 [ RunTime:0.000374s ]
---------------------------------------------------------------
[ 2018-01-09T22:21:17+08:00 ] 127.0.0.1 POST /admin/articles/load
[ info ] weibo.net/admin/articles/load [运行时间：0.042277s][吞吐率：23.65req/s] [内存消耗：1,687.20kb] [文件加载：64]
[ info ] [ LANG ] D:\wamp\www\blog\thinkphp/lang/zh-cn.php
[ info ] [ ROUTE ] array (
)
[ info ] [ HEADER ] array (
  'host' => 'weibo.net',
  'connection' => 'keep-alive',
  'content-length' => '0',
  'accept' => '*/*',
  'origin' => 'http://weibo.net',
  'x-requested-with' => 'XMLHttpRequest',
  'user-agent' => 'Mozilla/5.0 (Windows NT 10.0; WOW64) AppleWebKit/537.36 (KHTML, like Gecko) Chrome/57.0.2987.98 Safari/537.36',
  'referer' => 'http://weibo.net/admin/index',
  'accept-encoding' => 'gzip, deflate',
  'accept-language' => 'zh-CN,zh;q=0.8',
  'cookie' => 'Hm_lvt_bdb993b828cbe079a7fbc1a951f44726=1512659494; Hm_lvt_079fac161efc4b2a6f31e80064f14e82=1512659494; PHPSESSID=3co8c79dvkglsifj4rtgrrggn1; ip=127.0.0.1; time=2018-01-09+22%3A21%3A16',
)
[ info ] [ PARAM ] array (
)
[ info ] [ SESSION ] INIT array (
  'id' => '',
  'var_session_id' => '',
  'prefix' => 'y',
  'type' => '',
  'auto_start' => true,
  'httponly' => true,
  'secure' => false,
)
[ info ] [ LOG ] INIT File
---------------------------------------------------------------
[ 2018-01-09T22:21:17+08:00 ] 127.0.0.1 GET /admin/articles/index?page=1&limit=10
[ info ] weibo.net/admin/articles/index?page=1&limit=10 [运行时间：0.067204s][吞吐率：14.88req/s] [内存消耗：2,731.11kb] [文件加载：71]
[ info ] [ LANG ] D:\wamp\www\blog\thinkphp/lang/zh-cn.php
[ info ] [ ROUTE ] array (
)
[ info ] [ HEADER ] array (
  'host' => 'weibo.net',
  'connection' => 'keep-alive',
  'accept' => 'application/json, text/javascript, */*; q=0.01',
  'x-requested-with' => 'XMLHttpRequest',
  'user-agent' => 'Mozilla/5.0 (Windows NT 10.0; WOW64) AppleWebKit/537.36 (KHTML, like Gecko) Chrome/57.0.2987.98 Safari/537.36',
  'referer' => 'http://weibo.net/admin/index',
  'accept-encoding' => 'gzip, deflate, sdch',
  'accept-language' => 'zh-CN,zh;q=0.8',
  'cookie' => 'Hm_lvt_bdb993b828cbe079a7fbc1a951f44726=1512659494; Hm_lvt_079fac161efc4b2a6f31e80064f14e82=1512659494; ip=127.0.0.1; time=2018-01-09+22%3A21%3A16; PHPSESSID=3co8c79dvkglsifj4rtgrrggn1',
)
[ info ] [ PARAM ] array (
  'page' => '1',
  'limit' => '10',
)
[ info ] [ SESSION ] INIT array (
  'id' => '',
  'var_session_id' => '',
  'prefix' => 'y',
  'type' => '',
  'auto_start' => true,
  'httponly' => true,
  'secure' => false,
)
[ info ] [ DB ] INIT mysql
[ info ] [ LOG ] INIT File
[ sql ] [ DB ] CONNECT:[ UseTime:0.001090s ] mysql:host=127.0.0.1;dbname=blog;charset=utf8
[ sql ] [ SQL ] SHOW COLUMNS FROM `article` [ RunTime:0.001185s ]
[ sql ] [ SQL ] SELECT COUNT(*) AS tp_count FROM `article` WHERE  `title` LIKE '%%' LIMIT 1 [ RunTime:0.000449s ]
[ sql ] [ SQL ] SELECT * FROM `article` ORDER BY update_time desc LIMIT 0,10 [ RunTime:0.000373s ]
---------------------------------------------------------------
[ 2018-01-09T22:21:19+08:00 ] 127.0.0.1 POST /admin/articles/edit
[ info ] weibo.net/admin/articles/edit [运行时间：0.052305s][吞吐率：19.12req/s] [内存消耗：2,689.52kb] [文件加载：71]
[ info ] [ LANG ] D:\wamp\www\blog\thinkphp/lang/zh-cn.php
[ info ] [ ROUTE ] array (
)
[ info ] [ HEADER ] array (
  'host' => 'weibo.net',
  'connection' => 'keep-alive',
  'content-length' => '5',
  'accept' => '*/*',
  'origin' => 'http://weibo.net',
  'x-requested-with' => 'XMLHttpRequest',
  'user-agent' => 'Mozilla/5.0 (Windows NT 10.0; WOW64) AppleWebKit/537.36 (KHTML, like Gecko) Chrome/57.0.2987.98 Safari/537.36',
  'content-type' => 'application/x-www-form-urlencoded; charset=UTF-8',
  'referer' => 'http://weibo.net/admin/index',
  'accept-encoding' => 'gzip, deflate',
  'accept-language' => 'zh-CN,zh;q=0.8',
  'cookie' => 'Hm_lvt_bdb993b828cbe079a7fbc1a951f44726=1512659494; Hm_lvt_079fac161efc4b2a6f31e80064f14e82=1512659494; ip=127.0.0.1; time=2018-01-09+22%3A21%3A16; PHPSESSID=3co8c79dvkglsifj4rtgrrggn1',
)
[ info ] [ PARAM ] array (
  'id' => '23',
)
[ info ] [ SESSION ] INIT array (
  'id' => '',
  'var_session_id' => '',
  'prefix' => 'y',
  'type' => '',
  'auto_start' => true,
  'httponly' => true,
  'secure' => false,
)
[ info ] [ DB ] INIT mysql
[ info ] [ LOG ] INIT File
[ sql ] [ DB ] CONNECT:[ UseTime:0.001013s ] mysql:host=127.0.0.1;dbname=blog;charset=utf8
[ sql ] [ SQL ] SHOW COLUMNS FROM `article` [ RunTime:0.000936s ]
[ sql ] [ SQL ] SELECT * FROM `article` WHERE  `id` = 23 LIMIT 1 [ RunTime:0.000565s ]
---------------------------------------------------------------
[ 2018-01-09T22:21:22+08:00 ] 127.0.0.1 POST /admin/articles/uploads
[ info ] weibo.net/admin/articles/uploads [运行时间：0.070166s][吞吐率：14.25req/s] [内存消耗：1,808.52kb] [文件加载：64]
[ info ] [ LANG ] D:\wamp\www\blog\thinkphp/lang/zh-cn.php
[ info ] [ ROUTE ] array (
)
[ info ] [ HEADER ] array (
  'host' => 'weibo.net',
  'connection' => 'keep-alive',
  'content-length' => '75400',
  'accept' => 'application/json, text/javascript, */*; q=0.01',
  'origin' => 'http://weibo.net',
  'x-requested-with' => 'XMLHttpRequest',
  'user-agent' => 'Mozilla/5.0 (Windows NT 10.0; WOW64) AppleWebKit/537.36 (KHTML, like Gecko) Chrome/57.0.2987.98 Safari/537.36',
  'content-type' => 'multipart/form-data; boundary=----WebKitFormBoundary0nhatiVbSM3X5HWx',
  'referer' => 'http://weibo.net/admin/index',
  'accept-encoding' => 'gzip, deflate',
  'accept-language' => 'zh-CN,zh;q=0.8',
  'cookie' => 'Hm_lvt_bdb993b828cbe079a7fbc1a951f44726=1512659494; Hm_lvt_079fac161efc4b2a6f31e80064f14e82=1512659494; ip=127.0.0.1; time=2018-01-09+22%3A21%3A16; PHPSESSID=3co8c79dvkglsifj4rtgrrggn1',
)
[ info ] [ PARAM ] array (
)
[ info ] [ SESSION ] INIT array (
  'id' => '',
  'var_session_id' => '',
  'prefix' => 'y',
  'type' => '',
  'auto_start' => true,
  'httponly' => true,
  'secure' => false,
)
[ info ] [ LOG ] INIT File
---------------------------------------------------------------
[ 2018-01-09T22:21:24+08:00 ] 127.0.0.1 POST /admin/articles/update
[ info ] weibo.net/admin/articles/update [运行时间：0.059392s][吞吐率：16.84req/s] [内存消耗：2,736.51kb] [文件加载：73]
[ info ] [ LANG ] D:\wamp\www\blog\thinkphp/lang/zh-cn.php
[ info ] [ ROUTE ] array (
)
[ info ] [ HEADER ] array (
  'host' => 'weibo.net',
  'connection' => 'keep-alive',
  'content-length' => '186',
  'accept' => '*/*',
  'origin' => 'http://weibo.net',
  'x-requested-with' => 'XMLHttpRequest',
  'user-agent' => 'Mozilla/5.0 (Windows NT 10.0; WOW64) AppleWebKit/537.36 (KHTML, like Gecko) Chrome/57.0.2987.98 Safari/537.36',
  'content-type' => 'application/x-www-form-urlencoded; charset=UTF-8',
  'referer' => 'http://weibo.net/admin/index',
  'accept-encoding' => 'gzip, deflate',
  'accept-language' => 'zh-CN,zh;q=0.8',
  'cookie' => 'Hm_lvt_bdb993b828cbe079a7fbc1a951f44726=1512659494; Hm_lvt_079fac161efc4b2a6f31e80064f14e82=1512659494; ip=127.0.0.1; time=2018-01-09+22%3A21%3A16; PHPSESSID=3co8c79dvkglsifj4rtgrrggn1',
)
[ info ] [ PARAM ] array (
  'id' => '23',
  'title' => 'zzzzzz',
  'content' => '<p>zzzzzzzzzzzzzzzzzzz</p>',
  'pic' => '/uploads/image/20180109/121a35518061541842a08fec834423d4.jpg',
  'descr' => 'zzzzzzzzzzzz',
  'author' => 'zzzzzzzzzzzz',
  'category' => '3',
)
[ info ] [ SESSION ] INIT array (
  'id' => '',
  'var_session_id' => '',
  'prefix' => 'y',
  'type' => '',
  'auto_start' => true,
  'httponly' => true,
  'secure' => false,
)
[ info ] [ DB ] INIT mysql
[ info ] [ CACHE ] INIT File
[ info ] [ LOG ] INIT File
[ sql ] [ DB ] CONNECT:[ UseTime:0.001306s ] mysql:host=127.0.0.1;dbname=blog;charset=utf8
[ sql ] [ SQL ] SHOW COLUMNS FROM `article` [ RunTime:0.001089s ]
[ sql ] [ SQL ] UPDATE `article`  SET `id`=23,`title`='zzzzzz',`content`='<p>zzzzzzzzzzzzzzzzzzz</p>',`pic`='/uploads/image/20180109/121a35518061541842a08fec834423d4.jpg',`descr`='zzzzzzzzzzzz',`author`='zzzzzzzzzzzz',`category`=3  WHERE  `id` = 23 [ RunTime:0.000658s ]
---------------------------------------------------------------
[ 2018-01-09T22:21:24+08:00 ] 127.0.0.1 POST /admin/articles/update
[ info ] weibo.net/admin/articles/update [运行时间：0.204545s][吞吐率：4.89req/s] [内存消耗：2,736.53kb] [文件加载：73]
[ info ] [ LANG ] D:\wamp\www\blog\thinkphp/lang/zh-cn.php
[ info ] [ ROUTE ] array (
)
[ info ] [ HEADER ] array (
  'host' => 'weibo.net',
  'connection' => 'keep-alive',
  'content-length' => '186',
  'accept' => '*/*',
  'origin' => 'http://weibo.net',
  'x-requested-with' => 'XMLHttpRequest',
  'user-agent' => 'Mozilla/5.0 (Windows NT 10.0; WOW64) AppleWebKit/537.36 (KHTML, like Gecko) Chrome/57.0.2987.98 Safari/537.36',
  'content-type' => 'application/x-www-form-urlencoded; charset=UTF-8',
  'referer' => 'http://weibo.net/admin/index',
  'accept-encoding' => 'gzip, deflate',
  'accept-language' => 'zh-CN,zh;q=0.8',
  'cookie' => 'Hm_lvt_bdb993b828cbe079a7fbc1a951f44726=1512659494; Hm_lvt_079fac161efc4b2a6f31e80064f14e82=1512659494; ip=127.0.0.1; time=2018-01-09+22%3A21%3A16; PHPSESSID=3co8c79dvkglsifj4rtgrrggn1',
)
[ info ] [ PARAM ] array (
  'id' => '23',
  'title' => 'zzzzzz',
  'content' => '<p>zzzzzzzzzzzzzzzzzzz</p>',
  'pic' => '/uploads/image/20180109/121a35518061541842a08fec834423d4.jpg',
  'descr' => 'zzzzzzzzzzzz',
  'author' => 'zzzzzzzzzzzz',
  'category' => '3',
)
[ info ] [ SESSION ] INIT array (
  'id' => '',
  'var_session_id' => '',
  'prefix' => 'y',
  'type' => '',
  'auto_start' => true,
  'httponly' => true,
  'secure' => false,
)
[ info ] [ DB ] INIT mysql
[ info ] [ CACHE ] INIT File
[ info ] [ LOG ] INIT File
[ sql ] [ DB ] CONNECT:[ UseTime:0.001609s ] mysql:host=127.0.0.1;dbname=blog;charset=utf8
[ sql ] [ SQL ] SHOW COLUMNS FROM `article` [ RunTime:0.000955s ]
[ sql ] [ SQL ] UPDATE `article`  SET `id`=23,`title`='zzzzzz',`content`='<p>zzzzzzzzzzzzzzzzzzz</p>',`pic`='/uploads/image/20180109/121a35518061541842a08fec834423d4.jpg',`descr`='zzzzzzzzzzzz',`author`='zzzzzzzzzzzz',`category`=3  WHERE  `id` = 23 [ RunTime:0.129622s ]
---------------------------------------------------------------
[ 2018-01-09T22:21:24+08:00 ] 127.0.0.1 GET /admin/articles/index
[ info ] weibo.net/admin/articles/index [运行时间：0.042875s][吞吐率：23.32req/s] [内存消耗：1,681.09kb] [文件加载：61]
[ info ] [ LANG ] D:\wamp\www\blog\thinkphp/lang/zh-cn.php
[ info ] [ ROUTE ] array (
)
[ info ] [ HEADER ] array (
  'host' => 'weibo.net',
  'connection' => 'keep-alive',
  'upgrade-insecure-requests' => '1',
  'user-agent' => 'Mozilla/5.0 (Windows NT 10.0; WOW64) AppleWebKit/537.36 (KHTML, like Gecko) Chrome/57.0.2987.98 Safari/537.36',
  'accept' => 'text/html,application/xhtml+xml,application/xml;q=0.9,image/webp,*/*;q=0.8',
  'referer' => 'http://weibo.net/admin/index',
  'accept-encoding' => 'gzip, deflate, sdch',
  'accept-language' => 'zh-CN,zh;q=0.8',
  'cookie' => 'Hm_lvt_bdb993b828cbe079a7fbc1a951f44726=1512659494; Hm_lvt_079fac161efc4b2a6f31e80064f14e82=1512659494; ip=127.0.0.1; time=2018-01-09+22%3A21%3A16; PHPSESSID=3co8c79dvkglsifj4rtgrrggn1',
)
[ info ] [ PARAM ] array (
)
[ info ] [ SESSION ] INIT array (
  'id' => '',
  'var_session_id' => '',
  'prefix' => 'y',
  'type' => '',
  'auto_start' => true,
  'httponly' => true,
  'secure' => false,
)
[ info ] [ LOG ] INIT File
---------------------------------------------------------------
[ 2018-01-09T22:21:26+08:00 ] 127.0.0.1 GET /admin/index
[ info ] weibo.net/admin/index [运行时间：0.057336s][吞吐率：17.44req/s] [内存消耗：2,739.23kb] [文件加载：73]
[ info ] [ LANG ] D:\wamp\www\blog\thinkphp/lang/zh-cn.php
[ info ] [ ROUTE ] array (
  'rule' => 'admin/index',
  'route' => 'admin/Index/index',
  'option' => 
  array (
  ),
  'var' => 
  array (
  ),
)
[ info ] [ HEADER ] array (
  'host' => 'weibo.net',
  'connection' => 'keep-alive',
  'upgrade-insecure-requests' => '1',
  'user-agent' => 'Mozilla/5.0 (Windows NT 10.0; WOW64) AppleWebKit/537.36 (KHTML, like Gecko) Chrome/57.0.2987.98 Safari/537.36',
  'accept' => 'text/html,application/xhtml+xml,application/xml;q=0.9,image/webp,*/*;q=0.8',
  'referer' => 'http://weibo.net/user',
  'accept-encoding' => 'gzip, deflate, sdch',
  'accept-language' => 'zh-CN,zh;q=0.8',
  'cookie' => 'Hm_lvt_bdb993b828cbe079a7fbc1a951f44726=1512659494; Hm_lvt_079fac161efc4b2a6f31e80064f14e82=1512659494; ip=127.0.0.1; time=2018-01-09+22%3A21%3A16; PHPSESSID=3co8c79dvkglsifj4rtgrrggn1',
)
[ info ] [ PARAM ] array (
)
[ info ] [ SESSION ] INIT array (
  'id' => '',
  'var_session_id' => '',
  'prefix' => 'y',
  'type' => '',
  'auto_start' => true,
  'httponly' => true,
  'secure' => false,
)
[ info ] [ DB ] INIT mysql
[ info ] [ VIEW ] D:\wamp\www\blog/application/admin/view\index\index.html [ array (
  0 => 'article_count',
  1 => 'ip',
  2 => 'time',
) ]
[ info ] [ LOG ] INIT File
[ sql ] [ DB ] CONNECT:[ UseTime:0.001458s ] mysql:host=127.0.0.1;dbname=blog;charset=utf8
[ sql ] [ SQL ] SHOW COLUMNS FROM `article` [ RunTime:0.001250s ]
[ sql ] [ SQL ] SELECT COUNT(*) AS tp_count FROM `article` WHERE  `title` LIKE '%%' LIMIT 1 [ RunTime:0.000491s ]
---------------------------------------------------------------
[ 2018-01-09T22:21:27+08:00 ] 127.0.0.1 POST /admin/articles/load
[ info ] weibo.net/admin/articles/load [运行时间：0.042986s][吞吐率：23.26req/s] [内存消耗：1,687.20kb] [文件加载：64]
[ info ] [ LANG ] D:\wamp\www\blog\thinkphp/lang/zh-cn.php
[ info ] [ ROUTE ] array (
)
[ info ] [ HEADER ] array (
  'host' => 'weibo.net',
  'connection' => 'keep-alive',
  'content-length' => '0',
  'accept' => '*/*',
  'origin' => 'http://weibo.net',
  'x-requested-with' => 'XMLHttpRequest',
  'user-agent' => 'Mozilla/5.0 (Windows NT 10.0; WOW64) AppleWebKit/537.36 (KHTML, like Gecko) Chrome/57.0.2987.98 Safari/537.36',
  'referer' => 'http://weibo.net/admin/index',
  'accept-encoding' => 'gzip, deflate',
  'accept-language' => 'zh-CN,zh;q=0.8',
  'cookie' => 'Hm_lvt_bdb993b828cbe079a7fbc1a951f44726=1512659494; Hm_lvt_079fac161efc4b2a6f31e80064f14e82=1512659494; ip=127.0.0.1; time=2018-01-09+22%3A21%3A16; PHPSESSID=3co8c79dvkglsifj4rtgrrggn1',
)
[ info ] [ PARAM ] array (
)
[ info ] [ SESSION ] INIT array (
  'id' => '',
  'var_session_id' => '',
  'prefix' => 'y',
  'type' => '',
  'auto_start' => true,
  'httponly' => true,
  'secure' => false,
)
[ info ] [ LOG ] INIT File
---------------------------------------------------------------
[ 2018-01-09T22:21:27+08:00 ] 127.0.0.1 GET /admin/articles/index?page=1&limit=10
[ info ] weibo.net/admin/articles/index?page=1&limit=10 [运行时间：0.062897s][吞吐率：15.90req/s] [内存消耗：2,731.23kb] [文件加载：71]
[ info ] [ LANG ] D:\wamp\www\blog\thinkphp/lang/zh-cn.php
[ info ] [ ROUTE ] array (
)
[ info ] [ HEADER ] array (
  'host' => 'weibo.net',
  'connection' => 'keep-alive',
  'accept' => 'application/json, text/javascript, */*; q=0.01',
  'x-requested-with' => 'XMLHttpRequest',
  'user-agent' => 'Mozilla/5.0 (Windows NT 10.0; WOW64) AppleWebKit/537.36 (KHTML, like Gecko) Chrome/57.0.2987.98 Safari/537.36',
  'referer' => 'http://weibo.net/admin/index',
  'accept-encoding' => 'gzip, deflate, sdch',
  'accept-language' => 'zh-CN,zh;q=0.8',
  'cookie' => 'Hm_lvt_bdb993b828cbe079a7fbc1a951f44726=1512659494; Hm_lvt_079fac161efc4b2a6f31e80064f14e82=1512659494; ip=127.0.0.1; time=2018-01-09+22%3A21%3A16; PHPSESSID=3co8c79dvkglsifj4rtgrrggn1',
)
[ info ] [ PARAM ] array (
  'page' => '1',
  'limit' => '10',
)
[ info ] [ SESSION ] INIT array (
  'id' => '',
  'var_session_id' => '',
  'prefix' => 'y',
  'type' => '',
  'auto_start' => true,
  'httponly' => true,
  'secure' => false,
)
[ info ] [ DB ] INIT mysql
[ info ] [ LOG ] INIT File
[ sql ] [ DB ] CONNECT:[ UseTime:0.000989s ] mysql:host=127.0.0.1;dbname=blog;charset=utf8
[ sql ] [ SQL ] SHOW COLUMNS FROM `article` [ RunTime:0.001218s ]
[ sql ] [ SQL ] SELECT COUNT(*) AS tp_count FROM `article` WHERE  `title` LIKE '%%' LIMIT 1 [ RunTime:0.000775s ]
[ sql ] [ SQL ] SELECT * FROM `article` ORDER BY update_time desc LIMIT 0,10 [ RunTime:0.000581s ]
---------------------------------------------------------------
[ 2018-01-09T22:21:28+08:00 ] 127.0.0.1 POST /admin/articles/edit
[ info ] weibo.net/admin/articles/edit [运行时间：0.052899s][吞吐率：18.90req/s] [内存消耗：2,689.63kb] [文件加载：71]
[ info ] [ LANG ] D:\wamp\www\blog\thinkphp/lang/zh-cn.php
[ info ] [ ROUTE ] array (
)
[ info ] [ HEADER ] array (
  'host' => 'weibo.net',
  'connection' => 'keep-alive',
  'content-length' => '5',
  'accept' => '*/*',
  'origin' => 'http://weibo.net',
  'x-requested-with' => 'XMLHttpRequest',
  'user-agent' => 'Mozilla/5.0 (Windows NT 10.0; WOW64) AppleWebKit/537.36 (KHTML, like Gecko) Chrome/57.0.2987.98 Safari/537.36',
  'content-type' => 'application/x-www-form-urlencoded; charset=UTF-8',
  'referer' => 'http://weibo.net/admin/index',
  'accept-encoding' => 'gzip, deflate',
  'accept-language' => 'zh-CN,zh;q=0.8',
  'cookie' => 'Hm_lvt_bdb993b828cbe079a7fbc1a951f44726=1512659494; Hm_lvt_079fac161efc4b2a6f31e80064f14e82=1512659494; ip=127.0.0.1; time=2018-01-09+22%3A21%3A16; PHPSESSID=3co8c79dvkglsifj4rtgrrggn1',
)
[ info ] [ PARAM ] array (
  'id' => '23',
)
[ info ] [ SESSION ] INIT array (
  'id' => '',
  'var_session_id' => '',
  'prefix' => 'y',
  'type' => '',
  'auto_start' => true,
  'httponly' => true,
  'secure' => false,
)
[ info ] [ DB ] INIT mysql
[ info ] [ LOG ] INIT File
[ sql ] [ DB ] CONNECT:[ UseTime:0.001226s ] mysql:host=127.0.0.1;dbname=blog;charset=utf8
[ sql ] [ SQL ] SHOW COLUMNS FROM `article` [ RunTime:0.001068s ]
[ sql ] [ SQL ] SELECT * FROM `article` WHERE  `id` = 23 LIMIT 1 [ RunTime:0.000590s ]
---------------------------------------------------------------
[ 2018-01-09T22:21:31+08:00 ] 127.0.0.1 GET /admin/login/logout.html
[ info ] weibo.net/admin/login/logout.html [运行时间：0.044067s][吞吐率：22.69req/s] [内存消耗：1,706.45kb] [文件加载：66]
[ info ] [ LANG ] D:\wamp\www\blog\thinkphp/lang/zh-cn.php
[ info ] [ ROUTE ] array (
)
[ info ] [ HEADER ] array (
  'host' => 'weibo.net',
  'connection' => 'keep-alive',
  'upgrade-insecure-requests' => '1',
  'user-agent' => 'Mozilla/5.0 (Windows NT 10.0; WOW64) AppleWebKit/537.36 (KHTML, like Gecko) Chrome/57.0.2987.98 Safari/537.36',
  'accept' => 'text/html,application/xhtml+xml,application/xml;q=0.9,image/webp,*/*;q=0.8',
  'referer' => 'http://weibo.net/admin/index',
  'accept-encoding' => 'gzip, deflate, sdch',
  'accept-language' => 'zh-CN,zh;q=0.8',
  'cookie' => 'Hm_lvt_bdb993b828cbe079a7fbc1a951f44726=1512659494; Hm_lvt_079fac161efc4b2a6f31e80064f14e82=1512659494; ip=127.0.0.1; time=2018-01-09+22%3A21%3A16; PHPSESSID=3co8c79dvkglsifj4rtgrrggn1',
)
[ info ] [ PARAM ] array (
)
[ info ] [ SESSION ] INIT array (
  'id' => '',
  'var_session_id' => '',
  'prefix' => 'y',
  'type' => '',
  'auto_start' => true,
  'httponly' => true,
  'secure' => false,
)
[ info ] [ VIEW ] D:\wamp\www\blog\thinkphp/tpl/dispatch_jump.tpl [ array (
  0 => 'code',
  1 => 'msg',
  2 => 'data',
  3 => 'url',
  4 => 'wait',
) ]
[ info ] [ LOG ] INIT File
