---------------------------------------------------------------
[ 2018-01-10T12:35:14+08:00 ] 127.0.0.1 GET /
[ info ] weibo.net/ [运行时间：0.352439s][吞吐率：2.84req/s] [内存消耗：2,764.08kb] [文件加载：71]
[ info ] [ LANG ] D:\wamp\www\blog\thinkphp/lang/zh-cn.php
[ info ] [ ROUTE ] array (
)
[ info ] [ HEADER ] array (
  'host' => 'weibo.net',
  'connection' => 'keep-alive',
  'upgrade-insecure-requests' => '1',
  'user-agent' => 'Mozilla/5.0 (Windows NT 10.0; WOW64) AppleWebKit/537.36 (KHTML, like Gecko) Chrome/57.0.2987.98 Safari/537.36',
  'accept' => 'text/html,application/xhtml+xml,application/xml;q=0.9,image/webp,*/*;q=0.8',
  'accept-encoding' => 'gzip, deflate, sdch',
  'accept-language' => 'zh-CN,zh;q=0.8',
  'cookie' => 'Hm_lvt_bdb993b828cbe079a7fbc1a951f44726=1512659494; Hm_lvt_079fac161efc4b2a6f31e80064f14e82=1512659494',
)
[ info ] [ PARAM ] array (
)
[ info ] [ DB ] INIT mysql
[ info ] [ VIEW ] D:\wamp\www\blog/application/index/view\index\index.html [ array (
  0 => 'result',
) ]
[ info ] [ LOG ] INIT File
[ sql ] [ DB ] CONNECT:[ UseTime:0.056125s ] mysql:host=127.0.0.1;dbname=blog;charset=utf8
[ sql ] [ SQL ] SHOW COLUMNS FROM `article` [ RunTime:0.013623s ]
[ sql ] [ SQL ] SELECT * FROM `article` ORDER BY update_time desc [ RunTime:0.001089s ]
---------------------------------------------------------------
[ 2018-01-10T12:35:16+08:00 ] 127.0.0.1 GET /admin
[ info ] weibo.net/admin [运行时间：0.112944s][吞吐率：8.85req/s] [内存消耗：1,423.31kb] [文件加载：60]
[ info ] [ LANG ] D:\wamp\www\blog\thinkphp/lang/zh-cn.php
[ info ] [ ROUTE ] array (
)
[ info ] [ HEADER ] array (
  'host' => 'weibo.net',
  'connection' => 'keep-alive',
  'upgrade-insecure-requests' => '1',
  'user-agent' => 'Mozilla/5.0 (Windows NT 10.0; WOW64) AppleWebKit/537.36 (KHTML, like Gecko) Chrome/57.0.2987.98 Safari/537.36',
  'accept' => 'text/html,application/xhtml+xml,application/xml;q=0.9,image/webp,*/*;q=0.8',
  'accept-encoding' => 'gzip, deflate, sdch',
  'accept-language' => 'zh-CN,zh;q=0.8',
  'cookie' => 'Hm_lvt_bdb993b828cbe079a7fbc1a951f44726=1512659494; Hm_lvt_079fac161efc4b2a6f31e80064f14e82=1512659494',
)
[ info ] [ PARAM ] array (
)
[ info ] [ SESSION ] INIT array (
  'id' => '',
  'var_session_id' => '',
  'prefix' => 'y',
  'type' => '',
  'auto_start' => true,
  'httponly' => true,
  'secure' => false,
)
[ info ] [ VIEW ] D:\wamp\www\blog\thinkphp/tpl/dispatch_jump.tpl [ array (
  0 => 'code',
  1 => 'msg',
  2 => 'data',
  3 => 'url',
  4 => 'wait',
) ]
[ info ] [ LOG ] INIT File
---------------------------------------------------------------
[ 2018-01-10T12:35:16+08:00 ] 127.0.0.1 GET /favicon.ico
[ info ] weibo.net/favicon.ico [运行时间：0.048396s][吞吐率：20.66req/s] [内存消耗：1,065.98kb] [文件加载：48]
[ info ] [ LANG ] D:\wamp\www\blog\thinkphp/lang/zh-cn.php
[ info ] [ ROUTE ] array (
)
[ info ] [ HEADER ] array (
  'host' => 'weibo.net',
  'connection' => 'keep-alive',
  'user-agent' => 'Mozilla/5.0 (Windows NT 10.0; WOW64) AppleWebKit/537.36 (KHTML, like Gecko) Chrome/57.0.2987.98 Safari/537.36',
  'accept' => 'image/webp,image/*,*/*;q=0.8',
  'referer' => 'http://weibo.net/admin',
  'accept-encoding' => 'gzip, deflate, sdch',
  'accept-language' => 'zh-CN,zh;q=0.8',
  'cookie' => 'Hm_lvt_bdb993b828cbe079a7fbc1a951f44726=1512659494; Hm_lvt_079fac161efc4b2a6f31e80064f14e82=1512659494; PHPSESSID=m6eeftkhlvcqfkia97cl9h6764',
)
[ info ] [ PARAM ] array (
)
[ info ] [ LOG ] INIT File
---------------------------------------------------------------
[ 2018-01-10T12:35:18+08:00 ] 127.0.0.1 GET /user.html
[ info ] weibo.net/user.html [运行时间：0.065920s][吞吐率：15.17req/s] [内存消耗：1,621.30kb] [文件加载：59]
[ info ] [ LANG ] D:\wamp\www\blog\thinkphp/lang/zh-cn.php
[ info ] [ ROUTE ] array (
  'rule' => 'user',
  'route' => 'admin/login/login',
  'option' => 
  array (
  ),
  'var' => 
  array (
  ),
)
[ info ] [ HEADER ] array (
  'host' => 'weibo.net',
  'connection' => 'keep-alive',
  'upgrade-insecure-requests' => '1',
  'user-agent' => 'Mozilla/5.0 (Windows NT 10.0; WOW64) AppleWebKit/537.36 (KHTML, like Gecko) Chrome/57.0.2987.98 Safari/537.36',
  'accept' => 'text/html,application/xhtml+xml,application/xml;q=0.9,image/webp,*/*;q=0.8',
  'referer' => 'http://weibo.net/admin',
  'accept-encoding' => 'gzip, deflate, sdch',
  'accept-language' => 'zh-CN,zh;q=0.8',
  'cookie' => 'Hm_lvt_bdb993b828cbe079a7fbc1a951f44726=1512659494; Hm_lvt_079fac161efc4b2a6f31e80064f14e82=1512659494; PHPSESSID=m6eeftkhlvcqfkia97cl9h6764',
)
[ info ] [ PARAM ] array (
)
[ info ] [ VIEW ] D:\wamp\www\blog/application/admin/view\login\login.html [ array (
) ]
[ info ] [ LOG ] INIT File
---------------------------------------------------------------
[ 2018-01-10T12:35:22+08:00 ] 127.0.0.1 GET /user
[ info ] weibo.net/user [运行时间：0.037229s][吞吐率：26.86req/s] [内存消耗：1,620.85kb] [文件加载：59]
[ info ] [ LANG ] D:\wamp\www\blog\thinkphp/lang/zh-cn.php
[ info ] [ ROUTE ] array (
  'rule' => 'user',
  'route' => 'admin/login/login',
  'option' => 
  array (
  ),
  'var' => 
  array (
  ),
)
[ info ] [ HEADER ] array (
  'host' => 'weibo.net',
  'connection' => 'keep-alive',
  'upgrade-insecure-requests' => '1',
  'user-agent' => 'Mozilla/5.0 (Windows NT 10.0; WOW64) AppleWebKit/537.36 (KHTML, like Gecko) Chrome/57.0.2987.98 Safari/537.36',
  'accept' => 'text/html,application/xhtml+xml,application/xml;q=0.9,image/webp,*/*;q=0.8',
  'accept-encoding' => 'gzip, deflate, sdch',
  'accept-language' => 'zh-CN,zh;q=0.8',
  'cookie' => 'Hm_lvt_bdb993b828cbe079a7fbc1a951f44726=1512659494; Hm_lvt_079fac161efc4b2a6f31e80064f14e82=1512659494; PHPSESSID=m6eeftkhlvcqfkia97cl9h6764',
)
[ info ] [ PARAM ] array (
)
[ info ] [ VIEW ] D:\wamp\www\blog/application/admin/view\login\login.html [ array (
) ]
[ info ] [ LOG ] INIT File
---------------------------------------------------------------
[ 2018-01-10T12:38:28+08:00 ] 127.0.0.1 POST /admin/login/dologin
[ info ] weibo.net/admin/login/dologin [运行时间：0.085420s][吞吐率：11.71req/s] [内存消耗：2,844.15kb] [文件加载：71]
[ info ] [ LANG ] D:\wamp\www\blog\thinkphp/lang/zh-cn.php
[ info ] [ ROUTE ] array (
)
[ info ] [ HEADER ] array (
  'host' => 'weibo.net',
  'connection' => 'keep-alive',
  'content-length' => '34',
  'accept' => '*/*',
  'origin' => 'http://weibo.net',
  'x-requested-with' => 'XMLHttpRequest',
  'user-agent' => 'Mozilla/5.0 (Windows NT 10.0; WOW64) AppleWebKit/537.36 (KHTML, like Gecko) Chrome/57.0.2987.98 Safari/537.36',
  'content-type' => 'application/x-www-form-urlencoded; charset=UTF-8',
  'referer' => 'http://weibo.net/user',
  'accept-encoding' => 'gzip, deflate',
  'accept-language' => 'zh-CN,zh;q=0.8',
  'cookie' => 'Hm_lvt_bdb993b828cbe079a7fbc1a951f44726=1512659494; Hm_lvt_079fac161efc4b2a6f31e80064f14e82=1512659494; PHPSESSID=m6eeftkhlvcqfkia97cl9h6764',
)
[ info ] [ PARAM ] array (
  'username' => 'zadmin',
  'password' => 'hackerzfy',
)
[ info ] [ DB ] INIT mysql
[ info ] [ SESSION ] INIT array (
  'id' => '',
  'var_session_id' => '',
  'prefix' => 'y',
  'type' => '',
  'auto_start' => true,
  'httponly' => true,
  'secure' => false,
)
[ info ] [ LOG ] INIT File
[ sql ] [ DB ] CONNECT:[ UseTime:0.001209s ] mysql:host=127.0.0.1;dbname=blog;charset=utf8
[ sql ] [ SQL ] SHOW COLUMNS FROM `admin` [ RunTime:0.000960s ]
[ sql ] [ SQL ] SELECT * FROM `admin` WHERE  `username` = 'zadmin' LIMIT 1 [ RunTime:0.000512s ]
[ sql ] [ SQL ] SHOW COLUMNS FROM `admin_role` [ RunTime:0.000794s ]
[ sql ] [ SQL ] SELECT * FROM `admin_role` `a` INNER JOIN `node_role` `b` ON `b`.`rid`=`a`.`rid` INNER JOIN `node` `c` ON `b`.`nid`=`c`.`id` WHERE  `a`.`uid` = '1' [ RunTime:0.021816s ]
---------------------------------------------------------------
[ 2018-01-10T12:38:30+08:00 ] 127.0.0.1 GET /admin/index
[ info ] weibo.net/admin/index [运行时间：0.082408s][吞吐率：12.13req/s] [内存消耗：2,740.34kb] [文件加载：73]
[ info ] [ LANG ] D:\wamp\www\blog\thinkphp/lang/zh-cn.php
[ info ] [ ROUTE ] array (
  'rule' => 'admin/index',
  'route' => 'admin/Index/index',
  'option' => 
  array (
  ),
  'var' => 
  array (
  ),
)
[ info ] [ HEADER ] array (
  'host' => 'weibo.net',
  'connection' => 'keep-alive',
  'upgrade-insecure-requests' => '1',
  'user-agent' => 'Mozilla/5.0 (Windows NT 10.0; WOW64) AppleWebKit/537.36 (KHTML, like Gecko) Chrome/57.0.2987.98 Safari/537.36',
  'accept' => 'text/html,application/xhtml+xml,application/xml;q=0.9,image/webp,*/*;q=0.8',
  'referer' => 'http://weibo.net/user',
  'accept-encoding' => 'gzip, deflate, sdch',
  'accept-language' => 'zh-CN,zh;q=0.8',
  'cookie' => 'Hm_lvt_bdb993b828cbe079a7fbc1a951f44726=1512659494; Hm_lvt_079fac161efc4b2a6f31e80064f14e82=1512659494; PHPSESSID=m6eeftkhlvcqfkia97cl9h6764',
)
[ info ] [ PARAM ] array (
)
[ info ] [ SESSION ] INIT array (
  'id' => '',
  'var_session_id' => '',
  'prefix' => 'y',
  'type' => '',
  'auto_start' => true,
  'httponly' => true,
  'secure' => false,
)
[ info ] [ DB ] INIT mysql
[ info ] [ VIEW ] D:\wamp\www\blog/application/admin/view\index\index.html [ array (
  0 => 'article_count',
  1 => 'ip',
  2 => 'time',
) ]
[ info ] [ LOG ] INIT File
[ sql ] [ DB ] CONNECT:[ UseTime:0.001045s ] mysql:host=127.0.0.1;dbname=blog;charset=utf8
[ sql ] [ SQL ] SHOW COLUMNS FROM `article` [ RunTime:0.000971s ]
[ sql ] [ SQL ] SELECT COUNT(*) AS tp_count FROM `article` WHERE  `title` LIKE '%%' LIMIT 1 [ RunTime:0.000428s ]
---------------------------------------------------------------
[ 2018-01-10T12:38:31+08:00 ] 127.0.0.1 POST /admin/articles/load
[ info ] weibo.net/admin/articles/load [运行时间：0.066638s][吞吐率：15.01req/s] [内存消耗：1,687.20kb] [文件加载：64]
[ info ] [ LANG ] D:\wamp\www\blog\thinkphp/lang/zh-cn.php
[ info ] [ ROUTE ] array (
)
[ info ] [ HEADER ] array (
  'host' => 'weibo.net',
  'connection' => 'keep-alive',
  'content-length' => '0',
  'accept' => '*/*',
  'origin' => 'http://weibo.net',
  'x-requested-with' => 'XMLHttpRequest',
  'user-agent' => 'Mozilla/5.0 (Windows NT 10.0; WOW64) AppleWebKit/537.36 (KHTML, like Gecko) Chrome/57.0.2987.98 Safari/537.36',
  'referer' => 'http://weibo.net/admin/index',
  'accept-encoding' => 'gzip, deflate',
  'accept-language' => 'zh-CN,zh;q=0.8',
  'cookie' => 'Hm_lvt_bdb993b828cbe079a7fbc1a951f44726=1512659494; Hm_lvt_079fac161efc4b2a6f31e80064f14e82=1512659494; PHPSESSID=m6eeftkhlvcqfkia97cl9h6764; ip=127.0.0.1; time=2018-01-10+12%3A38%3A30',
)
[ info ] [ PARAM ] array (
)
[ info ] [ SESSION ] INIT array (
  'id' => '',
  'var_session_id' => '',
  'prefix' => 'y',
  'type' => '',
  'auto_start' => true,
  'httponly' => true,
  'secure' => false,
)
[ info ] [ LOG ] INIT File
---------------------------------------------------------------
[ 2018-01-10T12:38:32+08:00 ] 127.0.0.1 GET /admin/articles/index?page=1&limit=10
[ info ] weibo.net/admin/articles/index?page=1&limit=10 [运行时间：0.054208s][吞吐率：18.45req/s] [内存消耗：2,731.23kb] [文件加载：71]
[ info ] [ LANG ] D:\wamp\www\blog\thinkphp/lang/zh-cn.php
[ info ] [ ROUTE ] array (
)
[ info ] [ HEADER ] array (
  'host' => 'weibo.net',
  'connection' => 'keep-alive',
  'accept' => 'application/json, text/javascript, */*; q=0.01',
  'x-requested-with' => 'XMLHttpRequest',
  'user-agent' => 'Mozilla/5.0 (Windows NT 10.0; WOW64) AppleWebKit/537.36 (KHTML, like Gecko) Chrome/57.0.2987.98 Safari/537.36',
  'referer' => 'http://weibo.net/admin/index',
  'accept-encoding' => 'gzip, deflate, sdch',
  'accept-language' => 'zh-CN,zh;q=0.8',
  'cookie' => 'Hm_lvt_bdb993b828cbe079a7fbc1a951f44726=1512659494; Hm_lvt_079fac161efc4b2a6f31e80064f14e82=1512659494; ip=127.0.0.1; time=2018-01-10+12%3A38%3A30; PHPSESSID=m6eeftkhlvcqfkia97cl9h6764',
)
[ info ] [ PARAM ] array (
  'page' => '1',
  'limit' => '10',
)
[ info ] [ SESSION ] INIT array (
  'id' => '',
  'var_session_id' => '',
  'prefix' => 'y',
  'type' => '',
  'auto_start' => true,
  'httponly' => true,
  'secure' => false,
)
[ info ] [ DB ] INIT mysql
[ info ] [ LOG ] INIT File
[ sql ] [ DB ] CONNECT:[ UseTime:0.001253s ] mysql:host=127.0.0.1;dbname=blog;charset=utf8
[ sql ] [ SQL ] SHOW COLUMNS FROM `article` [ RunTime:0.001518s ]
[ sql ] [ SQL ] SELECT COUNT(*) AS tp_count FROM `article` WHERE  `title` LIKE '%%' LIMIT 1 [ RunTime:0.000604s ]
[ sql ] [ SQL ] SELECT * FROM `article` ORDER BY update_time desc LIMIT 0,10 [ RunTime:0.000572s ]
---------------------------------------------------------------
[ 2018-01-10T12:38:33+08:00 ] 127.0.0.1 POST /admin/articles/edit
[ info ] weibo.net/admin/articles/edit [运行时间：0.062875s][吞吐率：15.90req/s] [内存消耗：2,689.63kb] [文件加载：71]
[ info ] [ LANG ] D:\wamp\www\blog\thinkphp/lang/zh-cn.php
[ info ] [ ROUTE ] array (
)
[ info ] [ HEADER ] array (
  'host' => 'weibo.net',
  'connection' => 'keep-alive',
  'content-length' => '5',
  'accept' => '*/*',
  'origin' => 'http://weibo.net',
  'x-requested-with' => 'XMLHttpRequest',
  'user-agent' => 'Mozilla/5.0 (Windows NT 10.0; WOW64) AppleWebKit/537.36 (KHTML, like Gecko) Chrome/57.0.2987.98 Safari/537.36',
  'content-type' => 'application/x-www-form-urlencoded; charset=UTF-8',
  'referer' => 'http://weibo.net/admin/index',
  'accept-encoding' => 'gzip, deflate',
  'accept-language' => 'zh-CN,zh;q=0.8',
  'cookie' => 'Hm_lvt_bdb993b828cbe079a7fbc1a951f44726=1512659494; Hm_lvt_079fac161efc4b2a6f31e80064f14e82=1512659494; ip=127.0.0.1; time=2018-01-10+12%3A38%3A30; PHPSESSID=m6eeftkhlvcqfkia97cl9h6764',
)
[ info ] [ PARAM ] array (
  'id' => '23',
)
[ info ] [ SESSION ] INIT array (
  'id' => '',
  'var_session_id' => '',
  'prefix' => 'y',
  'type' => '',
  'auto_start' => true,
  'httponly' => true,
  'secure' => false,
)
[ info ] [ DB ] INIT mysql
[ info ] [ LOG ] INIT File
[ sql ] [ DB ] CONNECT:[ UseTime:0.001101s ] mysql:host=127.0.0.1;dbname=blog;charset=utf8
[ sql ] [ SQL ] SHOW COLUMNS FROM `article` [ RunTime:0.000982s ]
[ sql ] [ SQL ] SELECT * FROM `article` WHERE  `id` = 23 LIMIT 1 [ RunTime:0.000542s ]
---------------------------------------------------------------
[ 2018-01-10T12:38:38+08:00 ] 127.0.0.1 GET /admin/login/logout.html
[ info ] weibo.net/admin/login/logout.html [运行时间：0.032400s][吞吐率：30.86req/s] [内存消耗：1,706.45kb] [文件加载：66]
[ info ] [ LANG ] D:\wamp\www\blog\thinkphp/lang/zh-cn.php
[ info ] [ ROUTE ] array (
)
[ info ] [ HEADER ] array (
  'host' => 'weibo.net',
  'connection' => 'keep-alive',
  'upgrade-insecure-requests' => '1',
  'user-agent' => 'Mozilla/5.0 (Windows NT 10.0; WOW64) AppleWebKit/537.36 (KHTML, like Gecko) Chrome/57.0.2987.98 Safari/537.36',
  'accept' => 'text/html,application/xhtml+xml,application/xml;q=0.9,image/webp,*/*;q=0.8',
  'referer' => 'http://weibo.net/admin/index',
  'accept-encoding' => 'gzip, deflate, sdch',
  'accept-language' => 'zh-CN,zh;q=0.8',
  'cookie' => 'Hm_lvt_bdb993b828cbe079a7fbc1a951f44726=1512659494; Hm_lvt_079fac161efc4b2a6f31e80064f14e82=1512659494; ip=127.0.0.1; time=2018-01-10+12%3A38%3A30; PHPSESSID=m6eeftkhlvcqfkia97cl9h6764',
)
[ info ] [ PARAM ] array (
)
[ info ] [ SESSION ] INIT array (
  'id' => '',
  'var_session_id' => '',
  'prefix' => 'y',
  'type' => '',
  'auto_start' => true,
  'httponly' => true,
  'secure' => false,
)
[ info ] [ VIEW ] D:\wamp\www\blog\thinkphp/tpl/dispatch_jump.tpl [ array (
  0 => 'code',
  1 => 'msg',
  2 => 'data',
  3 => 'url',
  4 => 'wait',
) ]
[ info ] [ LOG ] INIT File
---------------------------------------------------------------
[ 2018-01-10T12:38:39+08:00 ] 127.0.0.1 GET /user
[ info ] weibo.net/user [运行时间：0.027537s][吞吐率：36.31req/s] [内存消耗：1,621.28kb] [文件加载：59]
[ info ] [ LANG ] D:\wamp\www\blog\thinkphp/lang/zh-cn.php
[ info ] [ ROUTE ] array (
  'rule' => 'user',
  'route' => 'admin/login/login',
  'option' => 
  array (
  ),
  'var' => 
  array (
  ),
)
[ info ] [ HEADER ] array (
  'host' => 'weibo.net',
  'connection' => 'keep-alive',
  'upgrade-insecure-requests' => '1',
  'user-agent' => 'Mozilla/5.0 (Windows NT 10.0; WOW64) AppleWebKit/537.36 (KHTML, like Gecko) Chrome/57.0.2987.98 Safari/537.36',
  'accept' => 'text/html,application/xhtml+xml,application/xml;q=0.9,image/webp,*/*;q=0.8',
  'referer' => 'http://weibo.net/admin/login/logout.html',
  'accept-encoding' => 'gzip, deflate, sdch',
  'accept-language' => 'zh-CN,zh;q=0.8',
  'cookie' => 'Hm_lvt_bdb993b828cbe079a7fbc1a951f44726=1512659494; Hm_lvt_079fac161efc4b2a6f31e80064f14e82=1512659494; PHPSESSID=m6eeftkhlvcqfkia97cl9h6764',
)
[ info ] [ PARAM ] array (
)
[ info ] [ VIEW ] D:\wamp\www\blog/application/admin/view\login\login.html [ array (
) ]
[ info ] [ LOG ] INIT File
