---------------------------------------------------------------
[ 2017-12-20T21:43:41+08:00 ] 127.0.0.1 GET /admin/articles/edit/id/4
[ info ] weibo.net/admin/articles/edit/id/4 [运行时间：1.075061s][吞吐率：0.93req/s] [内存消耗：1,431.80kb] [文件加载：60]
[ info ] [ LANG ] D:\wamp\www\blog\thinkphp/lang/zh-cn.php
[ info ] [ ROUTE ] array (
)
[ info ] [ HEADER ] array (
  'host' => 'weibo.net',
  'connection' => 'keep-alive',
  'cache-control' => 'max-age=0',
  'upgrade-insecure-requests' => '1',
  'user-agent' => 'Mozilla/5.0 (Windows NT 6.1; WOW64) AppleWebKit/537.36 (KHTML, like Gecko) Chrome/63.0.3239.108 Safari/537.36',
  'accept' => 'text/html,application/xhtml+xml,application/xml;q=0.9,image/webp,image/apng,*/*;q=0.8',
  'accept-encoding' => 'gzip, deflate',
  'accept-language' => 'zh-CN,zh;q=0.9',
)
[ info ] [ PARAM ] array (
)
[ info ] [ SESSION ] INIT array (
  'id' => '',
  'var_session_id' => '',
  'prefix' => 'y',
  'type' => '',
  'auto_start' => true,
  'httponly' => true,
  'secure' => false,
)
[ info ] [ VIEW ] D:\wamp\www\blog\thinkphp/tpl/dispatch_jump.tpl [ array (
  0 => 'code',
  1 => 'msg',
  2 => 'data',
  3 => 'url',
  4 => 'wait',
) ]
[ info ] [ LOG ] INIT File
---------------------------------------------------------------
[ 2017-12-20T21:43:42+08:00 ] 127.0.0.1 GET /favicon.ico
[ info ] weibo.net/favicon.ico [运行时间：0.165803s][吞吐率：6.03req/s] [内存消耗：1,064.76kb] [文件加载：48]
[ info ] [ LANG ] D:\wamp\www\blog\thinkphp/lang/zh-cn.php
[ info ] [ ROUTE ] array (
)
[ info ] [ HEADER ] array (
  'host' => 'weibo.net',
  'connection' => 'keep-alive',
  'user-agent' => 'Mozilla/5.0 (Windows NT 6.1; WOW64) AppleWebKit/537.36 (KHTML, like Gecko) Chrome/63.0.3239.108 Safari/537.36',
  'accept' => 'image/webp,image/apng,image/*,*/*;q=0.8',
  'referer' => 'http://weibo.net/admin/articles/edit/id/4',
  'accept-encoding' => 'gzip, deflate',
  'accept-language' => 'zh-CN,zh;q=0.9',
  'cookie' => 'PHPSESSID=q02il87id5vkqo0kk17i4mf3g0',
)
[ info ] [ PARAM ] array (
)
[ info ] [ LOG ] INIT File
---------------------------------------------------------------
[ 2017-12-20T21:43:43+08:00 ] 127.0.0.1 GET /user.html
[ info ] weibo.net/user.html [运行时间：0.158609s][吞吐率：6.30req/s] [内存消耗：1,308.53kb] [文件加载：52]
[ info ] [ LANG ] D:\wamp\www\blog\thinkphp/lang/zh-cn.php
[ info ] [ ROUTE ] array (
  'rule' => 'user',
  'route' => 'admin/login/login',
  'option' => 
  array (
  ),
  'var' => 
  array (
  ),
)
[ info ] [ HEADER ] array (
  'host' => 'weibo.net',
  'connection' => 'keep-alive',
  'upgrade-insecure-requests' => '1',
  'user-agent' => 'Mozilla/5.0 (Windows NT 6.1; WOW64) AppleWebKit/537.36 (KHTML, like Gecko) Chrome/63.0.3239.108 Safari/537.36',
  'accept' => 'text/html,application/xhtml+xml,application/xml;q=0.9,image/webp,image/apng,*/*;q=0.8',
  'referer' => 'http://weibo.net/admin/articles/edit/id/4',
  'accept-encoding' => 'gzip, deflate',
  'accept-language' => 'zh-CN,zh;q=0.9',
  'cookie' => 'PHPSESSID=q02il87id5vkqo0kk17i4mf3g0',
)
[ info ] [ PARAM ] array (
)
[ info ] [ VIEW ] D:\wamp\www\blog/application/admin/view\login\login.html [ array (
) ]
[ info ] [ LOG ] INIT File
---------------------------------------------------------------
[ 2017-12-20T21:43:50+08:00 ] 127.0.0.1 POST /admin/login/dologin
[ info ] weibo.net/admin/login/dologin [运行时间：0.851402s][吞吐率：1.17req/s] [内存消耗：2,824.10kb] [文件加载：71]
[ info ] [ LANG ] D:\wamp\www\blog\thinkphp/lang/zh-cn.php
[ info ] [ ROUTE ] array (
)
[ info ] [ HEADER ] array (
  'host' => 'weibo.net',
  'connection' => 'keep-alive',
  'content-length' => '34',
  'accept' => '*/*',
  'origin' => 'http://weibo.net',
  'x-requested-with' => 'XMLHttpRequest',
  'user-agent' => 'Mozilla/5.0 (Windows NT 6.1; WOW64) AppleWebKit/537.36 (KHTML, like Gecko) Chrome/63.0.3239.108 Safari/537.36',
  'content-type' => 'application/x-www-form-urlencoded; charset=UTF-8',
  'referer' => 'http://weibo.net/user.html',
  'accept-encoding' => 'gzip, deflate',
  'accept-language' => 'zh-CN,zh;q=0.9',
  'cookie' => 'PHPSESSID=q02il87id5vkqo0kk17i4mf3g0',
)
[ info ] [ PARAM ] array (
  'username' => 'zadmin',
  'password' => 'hackerzfy',
)
[ info ] [ DB ] INIT mysql
[ info ] [ SESSION ] INIT array (
  'id' => '',
  'var_session_id' => '',
  'prefix' => 'y',
  'type' => '',
  'auto_start' => true,
  'httponly' => true,
  'secure' => false,
)
[ info ] [ LOG ] INIT File
[ sql ] [ DB ] CONNECT:[ UseTime:0.124800s ] mysql:host=127.0.0.1;dbname=blog;charset=utf8
[ sql ] [ SQL ] SHOW COLUMNS FROM `admin` [ RunTime:0.280800s ]
[ sql ] [ SQL ] SELECT * FROM `admin` WHERE  `username` = 'zadmin' LIMIT 1 [ RunTime:0.093601s ]
---------------------------------------------------------------
[ 2017-12-20T21:43:53+08:00 ] 127.0.0.1 GET /admin/index
[ info ] weibo.net/admin/index [运行时间：0.098005s][吞吐率：10.20req/s] [内存消耗：1,718.67kb] [文件加载：65]
[ info ] [ LANG ] D:\wamp\www\blog\thinkphp/lang/zh-cn.php
[ info ] [ ROUTE ] array (
  'rule' => 'admin/index',
  'route' => 'admin/Index/index',
  'option' => 
  array (
  ),
  'var' => 
  array (
  ),
)
[ info ] [ HEADER ] array (
  'host' => 'weibo.net',
  'connection' => 'keep-alive',
  'upgrade-insecure-requests' => '1',
  'user-agent' => 'Mozilla/5.0 (Windows NT 6.1; WOW64) AppleWebKit/537.36 (KHTML, like Gecko) Chrome/63.0.3239.108 Safari/537.36',
  'accept' => 'text/html,application/xhtml+xml,application/xml;q=0.9,image/webp,image/apng,*/*;q=0.8',
  'referer' => 'http://weibo.net/user.html',
  'accept-encoding' => 'gzip, deflate',
  'accept-language' => 'zh-CN,zh;q=0.9',
  'cookie' => 'PHPSESSID=q02il87id5vkqo0kk17i4mf3g0',
)
[ info ] [ PARAM ] array (
)
[ info ] [ SESSION ] INIT array (
  'id' => '',
  'var_session_id' => '',
  'prefix' => 'y',
  'type' => '',
  'auto_start' => true,
  'httponly' => true,
  'secure' => false,
)
[ info ] [ VIEW ] D:\wamp\www\blog/application/admin/view\index\index.html [ array (
  0 => 'ip',
  1 => 'time',
) ]
[ info ] [ LOG ] INIT File
---------------------------------------------------------------
[ 2017-12-20T21:43:54+08:00 ] 127.0.0.1 GET /admin/articles/index.html
[ info ] weibo.net/admin/articles/index.html [运行时间：0.111006s][吞吐率：9.01req/s] [内存消耗：1,752.03kb] [文件加载：65]
[ info ] [ LANG ] D:\wamp\www\blog\thinkphp/lang/zh-cn.php
[ info ] [ ROUTE ] array (
)
[ info ] [ HEADER ] array (
  'host' => 'weibo.net',
  'connection' => 'keep-alive',
  'upgrade-insecure-requests' => '1',
  'user-agent' => 'Mozilla/5.0 (Windows NT 6.1; WOW64) AppleWebKit/537.36 (KHTML, like Gecko) Chrome/63.0.3239.108 Safari/537.36',
  'accept' => 'text/html,application/xhtml+xml,application/xml;q=0.9,image/webp,image/apng,*/*;q=0.8',
  'referer' => 'http://weibo.net/admin/index',
  'accept-encoding' => 'gzip, deflate',
  'accept-language' => 'zh-CN,zh;q=0.9',
  'cookie' => 'PHPSESSID=q02il87id5vkqo0kk17i4mf3g0; ip=127.0.0.1; time=2017-12-20+21%3A43%3A53',
)
[ info ] [ PARAM ] array (
)
[ info ] [ SESSION ] INIT array (
  'id' => '',
  'var_session_id' => '',
  'prefix' => 'y',
  'type' => '',
  'auto_start' => true,
  'httponly' => true,
  'secure' => false,
)
[ info ] [ VIEW ] D:\wamp\www\blog/application/admin/view\article\article.html [ array (
) ]
[ info ] [ LOG ] INIT File
---------------------------------------------------------------
[ 2017-12-20T21:43:55+08:00 ] 127.0.0.1 GET /admin/articles/index?page=1&limit=10
[ info ] weibo.net/admin/articles/index?page=1&limit=10 [运行时间：0.336411s][吞吐率：2.97req/s] [内存消耗：2,717.17kb] [文件加载：71]
[ info ] [ LANG ] D:\wamp\www\blog\thinkphp/lang/zh-cn.php
[ info ] [ ROUTE ] array (
)
[ info ] [ HEADER ] array (
  'host' => 'weibo.net',
  'connection' => 'keep-alive',
  'accept' => 'application/json, text/javascript, */*; q=0.01',
  'x-requested-with' => 'XMLHttpRequest',
  'user-agent' => 'Mozilla/5.0 (Windows NT 6.1; WOW64) AppleWebKit/537.36 (KHTML, like Gecko) Chrome/63.0.3239.108 Safari/537.36',
  'referer' => 'http://weibo.net/admin/articles/index.html',
  'accept-encoding' => 'gzip, deflate',
  'accept-language' => 'zh-CN,zh;q=0.9',
  'cookie' => 'PHPSESSID=q02il87id5vkqo0kk17i4mf3g0; ip=127.0.0.1; time=2017-12-20+21%3A43%3A53',
)
[ info ] [ PARAM ] array (
  'page' => '1',
  'limit' => '10',
)
[ info ] [ SESSION ] INIT array (
  'id' => '',
  'var_session_id' => '',
  'prefix' => 'y',
  'type' => '',
  'auto_start' => true,
  'httponly' => true,
  'secure' => false,
)
[ info ] [ DB ] INIT mysql
[ info ] [ LOG ] INIT File
[ sql ] [ DB ] CONNECT:[ UseTime:0.011001s ] mysql:host=127.0.0.1;dbname=blog;charset=utf8
[ sql ] [ SQL ] SHOW COLUMNS FROM `article` [ RunTime:0.032002s ]
[ sql ] [ SQL ] SELECT COUNT(*) AS tp_count FROM `article` WHERE  `title` LIKE '%%' LIMIT 1 [ RunTime:0.153004s ]
[ sql ] [ SQL ] SELECT * FROM `article` ORDER BY update_time desc LIMIT 0,10 [ RunTime:0.031200s ]
---------------------------------------------------------------
[ 2017-12-20T21:43:56+08:00 ] 127.0.0.1 GET /admin/articles/add.html
[ info ] weibo.net/admin/articles/add.html [运行时间：0.137008s][吞吐率：7.30req/s] [内存消耗：1,752.55kb] [文件加载：65]
[ info ] [ LANG ] D:\wamp\www\blog\thinkphp/lang/zh-cn.php
[ info ] [ ROUTE ] array (
)
[ info ] [ HEADER ] array (
  'host' => 'weibo.net',
  'connection' => 'keep-alive',
  'upgrade-insecure-requests' => '1',
  'user-agent' => 'Mozilla/5.0 (Windows NT 6.1; WOW64) AppleWebKit/537.36 (KHTML, like Gecko) Chrome/63.0.3239.108 Safari/537.36',
  'accept' => 'text/html,application/xhtml+xml,application/xml;q=0.9,image/webp,image/apng,*/*;q=0.8',
  'referer' => 'http://weibo.net/admin/articles/index.html',
  'accept-encoding' => 'gzip, deflate',
  'accept-language' => 'zh-CN,zh;q=0.9',
  'cookie' => 'PHPSESSID=q02il87id5vkqo0kk17i4mf3g0; ip=127.0.0.1; time=2017-12-20+21%3A43%3A53',
)
[ info ] [ PARAM ] array (
)
[ info ] [ SESSION ] INIT array (
  'id' => '',
  'var_session_id' => '',
  'prefix' => 'y',
  'type' => '',
  'auto_start' => true,
  'httponly' => true,
  'secure' => false,
)
[ info ] [ VIEW ] D:\wamp\www\blog/application/admin/view\article\article_add.html [ array (
) ]
[ info ] [ LOG ] INIT File
---------------------------------------------------------------
[ 2017-12-20T21:44:11+08:00 ] 127.0.0.1 POST /admin/articles/uploads
[ info ] weibo.net/admin/articles/uploads [运行时间：0.117007s][吞吐率：8.55req/s] [内存消耗：1,795.60kb] [文件加载：64]
[ info ] [ LANG ] D:\wamp\www\blog\thinkphp/lang/zh-cn.php
[ info ] [ ROUTE ] array (
)
[ info ] [ HEADER ] array (
  'host' => 'weibo.net',
  'connection' => 'keep-alive',
  'content-length' => '75400',
  'accept' => 'application/json, text/javascript, */*; q=0.01',
  'origin' => 'http://weibo.net',
  'x-requested-with' => 'XMLHttpRequest',
  'user-agent' => 'Mozilla/5.0 (Windows NT 6.1; WOW64) AppleWebKit/537.36 (KHTML, like Gecko) Chrome/63.0.3239.108 Safari/537.36',
  'content-type' => 'multipart/form-data; boundary=----WebKitFormBoundaryAXSLu8fXCLBInoUJ',
  'referer' => 'http://weibo.net/admin/articles/add.html',
  'accept-encoding' => 'gzip, deflate',
  'accept-language' => 'zh-CN,zh;q=0.9',
  'cookie' => 'PHPSESSID=q02il87id5vkqo0kk17i4mf3g0; ip=127.0.0.1; time=2017-12-20+21%3A43%3A53',
)
[ info ] [ PARAM ] array (
)
[ info ] [ SESSION ] INIT array (
  'id' => '',
  'var_session_id' => '',
  'prefix' => 'y',
  'type' => '',
  'auto_start' => true,
  'httponly' => true,
  'secure' => false,
)
[ info ] [ LOG ] INIT File
---------------------------------------------------------------
[ 2017-12-20T21:44:12+08:00 ] 127.0.0.1 POST /admin/articles/doadd
[ info ] weibo.net/admin/articles/doadd [运行时间：0.114007s][吞吐率：8.77req/s] [内存消耗：2,643.12kb] [文件加载：70]
[ info ] [ LANG ] D:\wamp\www\blog\thinkphp/lang/zh-cn.php
[ info ] [ ROUTE ] array (
)
[ info ] [ HEADER ] array (
  'host' => 'weibo.net',
  'connection' => 'keep-alive',
  'content-length' => '147',
  'accept' => '*/*',
  'origin' => 'http://weibo.net',
  'x-requested-with' => 'XMLHttpRequest',
  'user-agent' => 'Mozilla/5.0 (Windows NT 6.1; WOW64) AppleWebKit/537.36 (KHTML, like Gecko) Chrome/63.0.3239.108 Safari/537.36',
  'content-type' => 'application/x-www-form-urlencoded; charset=UTF-8',
  'referer' => 'http://weibo.net/admin/articles/add.html',
  'accept-encoding' => 'gzip, deflate',
  'accept-language' => 'zh-CN,zh;q=0.9',
  'cookie' => 'PHPSESSID=q02il87id5vkqo0kk17i4mf3g0; ip=127.0.0.1; time=2017-12-20+21%3A43%3A53',
)
[ info ] [ PARAM ] array (
  'title' => 'ccc',
  'content' => '<p>aaaaaaa</p>',
  'pic' => '/uploads/image/20171220/6f1109a714f3bdd4566e138df1e73efd.jpg',
  'descr' => 'aaa',
  'author' => 'zzz',
  'category' => '3',
)
[ info ] [ SESSION ] INIT array (
  'id' => '',
  'var_session_id' => '',
  'prefix' => 'y',
  'type' => '',
  'auto_start' => true,
  'httponly' => true,
  'secure' => false,
)
[ info ] [ DB ] INIT mysql
[ info ] [ LOG ] INIT File
[ sql ] [ DB ] CONNECT:[ UseTime:0.002000s ] mysql:host=127.0.0.1;dbname=blog;charset=utf8
[ sql ] [ SQL ] SHOW COLUMNS FROM `article` [ RunTime:0.002001s ]
[ sql ] [ SQL ] INSERT INTO `article` (`title` , `content` , `pic` , `descr` , `author` , `category` , `create_time` , `update_time`) VALUES ('ccc' , '<p>aaaaaaa</p>' , '/uploads/image/20171220/6f1109a714f3bdd4566e138df1e73efd.jpg' , 'aaa' , 'zzz' , 3 , 1513777452 , 1513777452) [ RunTime:0.029001s ]
---------------------------------------------------------------
[ 2017-12-20T21:44:14+08:00 ] 127.0.0.1 GET /admin/articles/index
[ info ] weibo.net/admin/articles/index [运行时间：0.058004s][吞吐率：17.24req/s] [内存消耗：1,752.47kb] [文件加载：65]
[ info ] [ LANG ] D:\wamp\www\blog\thinkphp/lang/zh-cn.php
[ info ] [ ROUTE ] array (
)
[ info ] [ HEADER ] array (
  'host' => 'weibo.net',
  'connection' => 'keep-alive',
  'upgrade-insecure-requests' => '1',
  'user-agent' => 'Mozilla/5.0 (Windows NT 6.1; WOW64) AppleWebKit/537.36 (KHTML, like Gecko) Chrome/63.0.3239.108 Safari/537.36',
  'accept' => 'text/html,application/xhtml+xml,application/xml;q=0.9,image/webp,image/apng,*/*;q=0.8',
  'referer' => 'http://weibo.net/admin/articles/add.html',
  'accept-encoding' => 'gzip, deflate',
  'accept-language' => 'zh-CN,zh;q=0.9',
  'cookie' => 'PHPSESSID=q02il87id5vkqo0kk17i4mf3g0; ip=127.0.0.1; time=2017-12-20+21%3A43%3A53',
)
[ info ] [ PARAM ] array (
)
[ info ] [ SESSION ] INIT array (
  'id' => '',
  'var_session_id' => '',
  'prefix' => 'y',
  'type' => '',
  'auto_start' => true,
  'httponly' => true,
  'secure' => false,
)
[ info ] [ VIEW ] D:\wamp\www\blog/application/admin/view\article\article.html [ array (
) ]
[ info ] [ LOG ] INIT File
---------------------------------------------------------------
[ 2017-12-20T21:44:14+08:00 ] 127.0.0.1 GET /admin/articles/index?page=1&limit=10
[ info ] weibo.net/admin/articles/index?page=1&limit=10 [运行时间：0.092001s][吞吐率：10.87req/s] [内存消耗：2,717.51kb] [文件加载：71]
[ info ] [ LANG ] D:\wamp\www\blog\thinkphp/lang/zh-cn.php
[ info ] [ ROUTE ] array (
)
[ info ] [ HEADER ] array (
  'host' => 'weibo.net',
  'connection' => 'keep-alive',
  'accept' => 'application/json, text/javascript, */*; q=0.01',
  'x-requested-with' => 'XMLHttpRequest',
  'user-agent' => 'Mozilla/5.0 (Windows NT 6.1; WOW64) AppleWebKit/537.36 (KHTML, like Gecko) Chrome/63.0.3239.108 Safari/537.36',
  'referer' => 'http://weibo.net/admin/articles/index',
  'accept-encoding' => 'gzip, deflate',
  'accept-language' => 'zh-CN,zh;q=0.9',
  'cookie' => 'PHPSESSID=q02il87id5vkqo0kk17i4mf3g0; ip=127.0.0.1; time=2017-12-20+21%3A43%3A53',
)
[ info ] [ PARAM ] array (
  'page' => '1',
  'limit' => '10',
)
[ info ] [ SESSION ] INIT array (
  'id' => '',
  'var_session_id' => '',
  'prefix' => 'y',
  'type' => '',
  'auto_start' => true,
  'httponly' => true,
  'secure' => false,
)
[ info ] [ DB ] INIT mysql
[ info ] [ LOG ] INIT File
[ sql ] [ DB ] CONNECT:[ UseTime:0.000000s ] mysql:host=127.0.0.1;dbname=blog;charset=utf8
[ sql ] [ SQL ] SHOW COLUMNS FROM `article` [ RunTime:0.000000s ]
[ sql ] [ SQL ] SELECT COUNT(*) AS tp_count FROM `article` WHERE  `title` LIKE '%%' LIMIT 1 [ RunTime:0.000000s ]
[ sql ] [ SQL ] SELECT * FROM `article` ORDER BY update_time desc LIMIT 0,10 [ RunTime:0.000000s ]
---------------------------------------------------------------
[ 2017-12-20T21:44:18+08:00 ] 127.0.0.1 GET /admin/articles/edit/id/4
[ info ] weibo.net/admin/articles/edit/id/4 [运行时间：0.072802s][吞吐率：13.74req/s] [内存消耗：2,688.10kb] [文件加载：72]
[ info ] [ LANG ] D:\wamp\www\blog\thinkphp/lang/zh-cn.php
[ info ] [ ROUTE ] array (
)
[ info ] [ HEADER ] array (
  'host' => 'weibo.net',
  'connection' => 'keep-alive',
  'user-agent' => 'Mozilla/5.0 (Windows NT 6.1; WOW64) AppleWebKit/537.36 (KHTML, like Gecko) Chrome/63.0.3239.108 Safari/537.36',
  'upgrade-insecure-requests' => '1',
  'accept' => 'text/html,application/xhtml+xml,application/xml;q=0.9,image/webp,image/apng,*/*;q=0.8',
  'accept-encoding' => 'gzip, deflate',
  'accept-language' => 'zh-CN,zh;q=0.9',
  'cookie' => 'PHPSESSID=q02il87id5vkqo0kk17i4mf3g0; ip=127.0.0.1; time=2017-12-20+21%3A43%3A53',
)
[ info ] [ PARAM ] array (
)
[ info ] [ SESSION ] INIT array (
  'id' => '',
  'var_session_id' => '',
  'prefix' => 'y',
  'type' => '',
  'auto_start' => true,
  'httponly' => true,
  'secure' => false,
)
[ info ] [ DB ] INIT mysql
[ info ] [ VIEW ] D:\wamp\www\blog\thinkphp/tpl/dispatch_jump.tpl [ array (
  0 => 'code',
  1 => 'msg',
  2 => 'data',
  3 => 'url',
  4 => 'wait',
) ]
[ info ] [ LOG ] INIT File
[ sql ] [ DB ] CONNECT:[ UseTime:0.000000s ] mysql:host=127.0.0.1;dbname=blog;charset=utf8
[ sql ] [ SQL ] SHOW COLUMNS FROM `article` [ RunTime:0.000000s ]
[ sql ] [ SQL ] SELECT * FROM `article` WHERE  `id` = 4 LIMIT 1 [ RunTime:0.000000s ]
---------------------------------------------------------------
[ 2017-12-20T21:44:19+08:00 ] 127.0.0.1 GET /admin/articles/edit/id
[ info ] weibo.net/admin/articles/edit/id [运行时间：0.070603s][吞吐率：14.16req/s] [内存消耗：1,691.76kb] [文件加载：65]
[ info ] [ LANG ] D:\wamp\www\blog\thinkphp/lang/zh-cn.php
[ info ] [ ROUTE ] array (
)
[ info ] [ HEADER ] array (
  'host' => 'weibo.net',
  'connection' => 'keep-alive',
  'user-agent' => 'Mozilla/5.0 (Windows NT 6.1; WOW64) AppleWebKit/537.36 (KHTML, like Gecko) Chrome/63.0.3239.108 Safari/537.36',
  'upgrade-insecure-requests' => '1',
  'accept' => 'text/html,application/xhtml+xml,application/xml;q=0.9,image/webp,image/apng,*/*;q=0.8',
  'accept-encoding' => 'gzip, deflate',
  'accept-language' => 'zh-CN,zh;q=0.9',
  'cookie' => 'PHPSESSID=q02il87id5vkqo0kk17i4mf3g0; ip=127.0.0.1; time=2017-12-20+21%3A43%3A53',
)
[ info ] [ PARAM ] array (
)
[ info ] [ SESSION ] INIT array (
  'id' => '',
  'var_session_id' => '',
  'prefix' => 'y',
  'type' => '',
  'auto_start' => true,
  'httponly' => true,
  'secure' => false,
)
[ info ] [ VIEW ] D:\wamp\www\blog\thinkphp/tpl/dispatch_jump.tpl [ array (
  0 => 'code',
  1 => 'msg',
  2 => 'data',
  3 => 'url',
  4 => 'wait',
) ]
[ info ] [ LOG ] INIT File
---------------------------------------------------------------
[ 2017-12-20T21:44:21+08:00 ] 127.0.0.1 GET /
[ info ] weibo.net/ [运行时间：0.605233s][吞吐率：1.65req/s] [内存消耗：1,418.03kb] [文件加载：55]
[ info ] [ LANG ] D:\wamp\www\blog\thinkphp/lang/zh-cn.php
[ info ] [ ROUTE ] array (
)
[ info ] [ HEADER ] array (
  'host' => 'weibo.net',
  'connection' => 'keep-alive',
  'user-agent' => 'Mozilla/5.0 (Windows NT 6.1; WOW64) AppleWebKit/537.36 (KHTML, like Gecko) Chrome/63.0.3239.108 Safari/537.36',
  'upgrade-insecure-requests' => '1',
  'accept' => 'text/html,application/xhtml+xml,application/xml;q=0.9,image/webp,image/apng,*/*;q=0.8',
  'accept-encoding' => 'gzip, deflate',
  'accept-language' => 'zh-CN,zh;q=0.9',
  'cookie' => 'PHPSESSID=q02il87id5vkqo0kk17i4mf3g0; ip=127.0.0.1; time=2017-12-20+21%3A43%3A53',
)
[ info ] [ PARAM ] array (
)
[ info ] [ VIEW ] D:\wamp\www\blog/application/index/view\index\index.html [ array (
) ]
[ info ] [ LOG ] INIT File
---------------------------------------------------------------
[ 2017-12-20T21:44:24+08:00 ] 127.0.0.1 GET /article.html
[ info ] weibo.net/article.html [运行时间：0.203012s][吞吐率：4.93req/s] [内存消耗：2,728.66kb] [文件加载：70]
[ info ] [ LANG ] D:\wamp\www\blog\thinkphp/lang/zh-cn.php
[ info ] [ ROUTE ] array (
  'rule' => 'article',
  'route' => 'index/Articles/index',
  'option' => 
  array (
  ),
  'var' => 
  array (
  ),
)
[ info ] [ HEADER ] array (
  'host' => 'weibo.net',
  'connection' => 'keep-alive',
  'upgrade-insecure-requests' => '1',
  'user-agent' => 'Mozilla/5.0 (Windows NT 6.1; WOW64) AppleWebKit/537.36 (KHTML, like Gecko) Chrome/63.0.3239.108 Safari/537.36',
  'accept' => 'text/html,application/xhtml+xml,application/xml;q=0.9,image/webp,image/apng,*/*;q=0.8',
  'referer' => 'http://weibo.net/',
  'accept-encoding' => 'gzip, deflate',
  'accept-language' => 'zh-CN,zh;q=0.9',
  'cookie' => 'PHPSESSID=q02il87id5vkqo0kk17i4mf3g0; ip=127.0.0.1; time=2017-12-20+21%3A43%3A53',
)
[ info ] [ PARAM ] array (
)
[ info ] [ DB ] INIT mysql
[ info ] [ VIEW ] D:\wamp\www\blog/application/index/view\index\article.html [ array (
  0 => 'article_all',
) ]
[ info ] [ LOG ] INIT File
[ sql ] [ DB ] CONNECT:[ UseTime:0.002000s ] mysql:host=127.0.0.1;dbname=blog;charset=utf8
[ sql ] [ SQL ] SHOW COLUMNS FROM `article` [ RunTime:0.002001s ]
[ sql ] [ SQL ] SELECT * FROM `article` ORDER BY update_time desc [ RunTime:0.002000s ]
---------------------------------------------------------------
[ 2017-12-20T21:44:26+08:00 ] 127.0.0.1 GET /index/articles/detail/id/6.html
[ info ] weibo.net/index/articles/detail/id/6.html [运行时间：0.159009s][吞吐率：6.29req/s] [内存消耗：2,721.37kb] [文件加载：69]
[ info ] [ LANG ] D:\wamp\www\blog\thinkphp/lang/zh-cn.php
[ info ] [ ROUTE ] array (
)
[ info ] [ HEADER ] array (
  'host' => 'weibo.net',
  'connection' => 'keep-alive',
  'upgrade-insecure-requests' => '1',
  'user-agent' => 'Mozilla/5.0 (Windows NT 6.1; WOW64) AppleWebKit/537.36 (KHTML, like Gecko) Chrome/63.0.3239.108 Safari/537.36',
  'accept' => 'text/html,application/xhtml+xml,application/xml;q=0.9,image/webp,image/apng,*/*;q=0.8',
  'referer' => 'http://weibo.net/article.html',
  'accept-encoding' => 'gzip, deflate',
  'accept-language' => 'zh-CN,zh;q=0.9',
  'cookie' => 'PHPSESSID=q02il87id5vkqo0kk17i4mf3g0; ip=127.0.0.1; time=2017-12-20+21%3A43%3A53',
)
[ info ] [ PARAM ] array (
)
[ info ] [ DB ] INIT mysql
[ info ] [ VIEW ] D:\wamp\www\blog/application/index/view\index\detail.html [ array (
  0 => 'result',
) ]
[ info ] [ LOG ] INIT File
[ sql ] [ DB ] CONNECT:[ UseTime:0.001000s ] mysql:host=127.0.0.1;dbname=blog;charset=utf8
[ sql ] [ SQL ] SHOW COLUMNS FROM `article` [ RunTime:0.002001s ]
[ sql ] [ SQL ] SELECT * FROM `article` WHERE  `id` = 6 LIMIT 1 [ RunTime:0.002000s ]
---------------------------------------------------------------
[ 2017-12-20T21:44:28+08:00 ] 127.0.0.1 GET /index.html
[ info ] weibo.net/index.html [运行时间：0.055003s][吞吐率：18.18req/s] [内存消耗：1,418.38kb] [文件加载：55]
[ info ] [ LANG ] D:\wamp\www\blog\thinkphp/lang/zh-cn.php
[ info ] [ ROUTE ] array (
)
[ info ] [ HEADER ] array (
  'host' => 'weibo.net',
  'connection' => 'keep-alive',
  'upgrade-insecure-requests' => '1',
  'user-agent' => 'Mozilla/5.0 (Windows NT 6.1; WOW64) AppleWebKit/537.36 (KHTML, like Gecko) Chrome/63.0.3239.108 Safari/537.36',
  'accept' => 'text/html,application/xhtml+xml,application/xml;q=0.9,image/webp,image/apng,*/*;q=0.8',
  'referer' => 'http://weibo.net/index/articles/detail/id/6.html',
  'accept-encoding' => 'gzip, deflate',
  'accept-language' => 'zh-CN,zh;q=0.9',
  'cookie' => 'PHPSESSID=q02il87id5vkqo0kk17i4mf3g0; ip=127.0.0.1; time=2017-12-20+21%3A43%3A53',
)
[ info ] [ PARAM ] array (
)
[ info ] [ VIEW ] D:\wamp\www\blog/application/index/view\index\index.html [ array (
) ]
[ info ] [ LOG ] INIT File
---------------------------------------------------------------
[ 2017-12-20T21:44:43+08:00 ] 127.0.0.1 GET /admin/articles/edit/id/6
[ info ] weibo.net/admin/articles/edit/id/6 [运行时间：0.252015s][吞吐率：3.97req/s] [内存消耗：2,752.34kb] [文件加载：72]
[ info ] [ LANG ] D:\wamp\www\blog\thinkphp/lang/zh-cn.php
[ info ] [ ROUTE ] array (
)
[ info ] [ HEADER ] array (
  'host' => 'weibo.net',
  'connection' => 'keep-alive',
  'upgrade-insecure-requests' => '1',
  'user-agent' => 'Mozilla/5.0 (Windows NT 6.1; WOW64) AppleWebKit/537.36 (KHTML, like Gecko) Chrome/63.0.3239.108 Safari/537.36',
  'accept' => 'text/html,application/xhtml+xml,application/xml;q=0.9,image/webp,image/apng,*/*;q=0.8',
  'referer' => 'http://weibo.net/admin/articles/index',
  'accept-encoding' => 'gzip, deflate',
  'accept-language' => 'zh-CN,zh;q=0.9',
  'cookie' => 'PHPSESSID=q02il87id5vkqo0kk17i4mf3g0; ip=127.0.0.1; time=2017-12-20+21%3A43%3A53',
)
[ info ] [ PARAM ] array (
)
[ info ] [ SESSION ] INIT array (
  'id' => '',
  'var_session_id' => '',
  'prefix' => 'y',
  'type' => '',
  'auto_start' => true,
  'httponly' => true,
  'secure' => false,
)
[ info ] [ DB ] INIT mysql
[ info ] [ VIEW ] D:\wamp\www\blog/application/admin/view\article\article_edit.html [ array (
  0 => 'info',
) ]
[ info ] [ LOG ] INIT File
[ sql ] [ DB ] CONNECT:[ UseTime:0.002000s ] mysql:host=127.0.0.1;dbname=blog;charset=utf8
[ sql ] [ SQL ] SHOW COLUMNS FROM `article` [ RunTime:0.002000s ]
[ sql ] [ SQL ] SELECT * FROM `article` WHERE  `id` = 6 LIMIT 1 [ RunTime:0.001000s ]
---------------------------------------------------------------
[ 2017-12-20T21:44:51+08:00 ] 127.0.0.1 POST /admin/articles/uploads
[ info ] weibo.net/admin/articles/uploads [运行时间：0.124007s][吞吐率：8.06req/s] [内存消耗：1,795.60kb] [文件加载：64]
[ info ] [ LANG ] D:\wamp\www\blog\thinkphp/lang/zh-cn.php
[ info ] [ ROUTE ] array (
)
[ info ] [ HEADER ] array (
  'host' => 'weibo.net',
  'connection' => 'keep-alive',
  'content-length' => '14295',
  'accept' => 'application/json, text/javascript, */*; q=0.01',
  'origin' => 'http://weibo.net',
  'x-requested-with' => 'XMLHttpRequest',
  'user-agent' => 'Mozilla/5.0 (Windows NT 6.1; WOW64) AppleWebKit/537.36 (KHTML, like Gecko) Chrome/63.0.3239.108 Safari/537.36',
  'content-type' => 'multipart/form-data; boundary=----WebKitFormBoundaryqXcYn0Vd6JcnJLUM',
  'referer' => 'http://weibo.net/admin/articles/edit/id/6',
  'accept-encoding' => 'gzip, deflate',
  'accept-language' => 'zh-CN,zh;q=0.9',
  'cookie' => 'PHPSESSID=q02il87id5vkqo0kk17i4mf3g0; ip=127.0.0.1; time=2017-12-20+21%3A43%3A53',
)
[ info ] [ PARAM ] array (
)
[ info ] [ SESSION ] INIT array (
  'id' => '',
  'var_session_id' => '',
  'prefix' => 'y',
  'type' => '',
  'auto_start' => true,
  'httponly' => true,
  'secure' => false,
)
[ info ] [ LOG ] INIT File
---------------------------------------------------------------
[ 2017-12-20T21:44:54+08:00 ] 127.0.0.1 POST /admin/articles/update
[ info ] weibo.net/admin/articles/update [运行时间：0.996056s][吞吐率：1.00req/s] [内存消耗：2,723.18kb] [文件加载：73]
[ info ] [ LANG ] D:\wamp\www\blog\thinkphp/lang/zh-cn.php
[ info ] [ ROUTE ] array (
)
[ info ] [ HEADER ] array (
  'host' => 'weibo.net',
  'connection' => 'keep-alive',
  'content-length' => '152',
  'accept' => '*/*',
  'origin' => 'http://weibo.net',
  'x-requested-with' => 'XMLHttpRequest',
  'user-agent' => 'Mozilla/5.0 (Windows NT 6.1; WOW64) AppleWebKit/537.36 (KHTML, like Gecko) Chrome/63.0.3239.108 Safari/537.36',
  'content-type' => 'application/x-www-form-urlencoded; charset=UTF-8',
  'referer' => 'http://weibo.net/admin/articles/edit/id/6',
  'accept-encoding' => 'gzip, deflate',
  'accept-language' => 'zh-CN,zh;q=0.9',
  'cookie' => 'PHPSESSID=q02il87id5vkqo0kk17i4mf3g0; ip=127.0.0.1; time=2017-12-20+21%3A43%3A53',
)
[ info ] [ PARAM ] array (
  'id' => '6',
  'title' => 'ccc',
  'content' => '<p>aaaaaaa</p>',
  'pic' => '/uploads/image/20171220/69665b8dce56f2bac7f52fc88ac323c3.jpg',
  'descr' => 'aaa',
  'author' => 'zzz',
  'category' => '3',
)
[ info ] [ SESSION ] INIT array (
  'id' => '',
  'var_session_id' => '',
  'prefix' => 'y',
  'type' => '',
  'auto_start' => true,
  'httponly' => true,
  'secure' => false,
)
[ info ] [ DB ] INIT mysql
[ info ] [ CACHE ] INIT File
[ info ] [ LOG ] INIT File
[ sql ] [ DB ] CONNECT:[ UseTime:0.003000s ] mysql:host=127.0.0.1;dbname=blog;charset=utf8
[ sql ] [ SQL ] SHOW COLUMNS FROM `article` [ RunTime:0.001000s ]
[ sql ] [ SQL ] UPDATE `article`  SET `id`=6,`title`='ccc',`content`='<p>aaaaaaa</p>',`pic`='/uploads/image/20171220/69665b8dce56f2bac7f52fc88ac323c3.jpg',`descr`='aaa',`author`='zzz',`category`=3  WHERE  `id` = 6 [ RunTime:0.357021s ]
---------------------------------------------------------------
[ 2017-12-20T21:44:56+08:00 ] 127.0.0.1 GET /admin/articles/index
[ info ] weibo.net/admin/articles/index [运行时间：0.067004s][吞吐率：14.92req/s] [内存消耗：1,752.47kb] [文件加载：65]
[ info ] [ LANG ] D:\wamp\www\blog\thinkphp/lang/zh-cn.php
[ info ] [ ROUTE ] array (
)
[ info ] [ HEADER ] array (
  'host' => 'weibo.net',
  'connection' => 'keep-alive',
  'upgrade-insecure-requests' => '1',
  'user-agent' => 'Mozilla/5.0 (Windows NT 6.1; WOW64) AppleWebKit/537.36 (KHTML, like Gecko) Chrome/63.0.3239.108 Safari/537.36',
  'accept' => 'text/html,application/xhtml+xml,application/xml;q=0.9,image/webp,image/apng,*/*;q=0.8',
  'referer' => 'http://weibo.net/admin/articles/edit/id/6',
  'accept-encoding' => 'gzip, deflate',
  'accept-language' => 'zh-CN,zh;q=0.9',
  'cookie' => 'PHPSESSID=q02il87id5vkqo0kk17i4mf3g0; ip=127.0.0.1; time=2017-12-20+21%3A43%3A53',
)
[ info ] [ PARAM ] array (
)
[ info ] [ SESSION ] INIT array (
  'id' => '',
  'var_session_id' => '',
  'prefix' => 'y',
  'type' => '',
  'auto_start' => true,
  'httponly' => true,
  'secure' => false,
)
[ info ] [ VIEW ] D:\wamp\www\blog/application/admin/view\article\article.html [ array (
) ]
[ info ] [ LOG ] INIT File
---------------------------------------------------------------
[ 2017-12-20T21:44:56+08:00 ] 127.0.0.1 GET /admin/articles/index?page=1&limit=10
[ info ] weibo.net/admin/articles/index?page=1&limit=10 [运行时间：0.095005s][吞吐率：10.53req/s] [内存消耗：2,717.51kb] [文件加载：71]
[ info ] [ LANG ] D:\wamp\www\blog\thinkphp/lang/zh-cn.php
[ info ] [ ROUTE ] array (
)
[ info ] [ HEADER ] array (
  'host' => 'weibo.net',
  'connection' => 'keep-alive',
  'accept' => 'application/json, text/javascript, */*; q=0.01',
  'x-requested-with' => 'XMLHttpRequest',
  'user-agent' => 'Mozilla/5.0 (Windows NT 6.1; WOW64) AppleWebKit/537.36 (KHTML, like Gecko) Chrome/63.0.3239.108 Safari/537.36',
  'referer' => 'http://weibo.net/admin/articles/index',
  'accept-encoding' => 'gzip, deflate',
  'accept-language' => 'zh-CN,zh;q=0.9',
  'cookie' => 'PHPSESSID=q02il87id5vkqo0kk17i4mf3g0; ip=127.0.0.1; time=2017-12-20+21%3A43%3A53',
)
[ info ] [ PARAM ] array (
  'page' => '1',
  'limit' => '10',
)
[ info ] [ SESSION ] INIT array (
  'id' => '',
  'var_session_id' => '',
  'prefix' => 'y',
  'type' => '',
  'auto_start' => true,
  'httponly' => true,
  'secure' => false,
)
[ info ] [ DB ] INIT mysql
[ info ] [ LOG ] INIT File
[ sql ] [ DB ] CONNECT:[ UseTime:0.013001s ] mysql:host=127.0.0.1;dbname=blog;charset=utf8
[ sql ] [ SQL ] SHOW COLUMNS FROM `article` [ RunTime:0.003000s ]
[ sql ] [ SQL ] SELECT COUNT(*) AS tp_count FROM `article` WHERE  `title` LIKE '%%' LIMIT 1 [ RunTime:0.001001s ]
[ sql ] [ SQL ] SELECT * FROM `article` ORDER BY update_time desc LIMIT 0,10 [ RunTime:0.001000s ]
---------------------------------------------------------------
[ 2017-12-20T21:44:59+08:00 ] 127.0.0.1 GET /article.html
[ info ] weibo.net/article.html [运行时间：0.092005s][吞吐率：10.87req/s] [内存消耗：2,728.66kb] [文件加载：70]
[ info ] [ LANG ] D:\wamp\www\blog\thinkphp/lang/zh-cn.php
[ info ] [ ROUTE ] array (
  'rule' => 'article',
  'route' => 'index/Articles/index',
  'option' => 
  array (
  ),
  'var' => 
  array (
  ),
)
[ info ] [ HEADER ] array (
  'host' => 'weibo.net',
  'connection' => 'keep-alive',
  'upgrade-insecure-requests' => '1',
  'user-agent' => 'Mozilla/5.0 (Windows NT 6.1; WOW64) AppleWebKit/537.36 (KHTML, like Gecko) Chrome/63.0.3239.108 Safari/537.36',
  'accept' => 'text/html,application/xhtml+xml,application/xml;q=0.9,image/webp,image/apng,*/*;q=0.8',
  'referer' => 'http://weibo.net/index.html',
  'accept-encoding' => 'gzip, deflate',
  'accept-language' => 'zh-CN,zh;q=0.9',
  'cookie' => 'PHPSESSID=q02il87id5vkqo0kk17i4mf3g0; ip=127.0.0.1; time=2017-12-20+21%3A43%3A53',
)
[ info ] [ PARAM ] array (
)
[ info ] [ DB ] INIT mysql
[ info ] [ VIEW ] D:\wamp\www\blog/application/index/view\index\article.html [ array (
  0 => 'article_all',
) ]
[ info ] [ LOG ] INIT File
[ sql ] [ DB ] CONNECT:[ UseTime:0.002000s ] mysql:host=127.0.0.1;dbname=blog;charset=utf8
[ sql ] [ SQL ] SHOW COLUMNS FROM `article` [ RunTime:0.003000s ]
[ sql ] [ SQL ] SELECT * FROM `article` ORDER BY update_time desc [ RunTime:0.001000s ]
---------------------------------------------------------------
[ 2017-12-20T21:45:00+08:00 ] 127.0.0.1 GET /index/articles/detail/id/6.html
[ info ] weibo.net/index/articles/detail/id/6.html [运行时间：0.089005s][吞吐率：11.24req/s] [内存消耗：2,721.37kb] [文件加载：69]
[ info ] [ LANG ] D:\wamp\www\blog\thinkphp/lang/zh-cn.php
[ info ] [ ROUTE ] array (
)
[ info ] [ HEADER ] array (
  'host' => 'weibo.net',
  'connection' => 'keep-alive',
  'upgrade-insecure-requests' => '1',
  'user-agent' => 'Mozilla/5.0 (Windows NT 6.1; WOW64) AppleWebKit/537.36 (KHTML, like Gecko) Chrome/63.0.3239.108 Safari/537.36',
  'accept' => 'text/html,application/xhtml+xml,application/xml;q=0.9,image/webp,image/apng,*/*;q=0.8',
  'referer' => 'http://weibo.net/article.html',
  'accept-encoding' => 'gzip, deflate',
  'accept-language' => 'zh-CN,zh;q=0.9',
  'cookie' => 'PHPSESSID=q02il87id5vkqo0kk17i4mf3g0; ip=127.0.0.1; time=2017-12-20+21%3A43%3A53',
)
[ info ] [ PARAM ] array (
)
[ info ] [ DB ] INIT mysql
[ info ] [ VIEW ] D:\wamp\www\blog/application/index/view\index\detail.html [ array (
  0 => 'result',
) ]
[ info ] [ LOG ] INIT File
[ sql ] [ DB ] CONNECT:[ UseTime:0.002000s ] mysql:host=127.0.0.1;dbname=blog;charset=utf8
[ sql ] [ SQL ] SHOW COLUMNS FROM `article` [ RunTime:0.003000s ]
[ sql ] [ SQL ] SELECT * FROM `article` WHERE  `id` = 6 LIMIT 1 [ RunTime:0.001001s ]
---------------------------------------------------------------
[ 2017-12-20T21:45:02+08:00 ] 127.0.0.1 GET /index/articles/detail/id/5.html
[ info ] weibo.net/index/articles/detail/id/5.html [运行时间：0.110007s][吞吐率：9.09req/s] [内存消耗：2,721.41kb] [文件加载：69]
[ info ] [ LANG ] D:\wamp\www\blog\thinkphp/lang/zh-cn.php
[ info ] [ ROUTE ] array (
)
[ info ] [ HEADER ] array (
  'host' => 'weibo.net',
  'connection' => 'keep-alive',
  'upgrade-insecure-requests' => '1',
  'user-agent' => 'Mozilla/5.0 (Windows NT 6.1; WOW64) AppleWebKit/537.36 (KHTML, like Gecko) Chrome/63.0.3239.108 Safari/537.36',
  'accept' => 'text/html,application/xhtml+xml,application/xml;q=0.9,image/webp,image/apng,*/*;q=0.8',
  'referer' => 'http://weibo.net/article.html',
  'accept-encoding' => 'gzip, deflate',
  'accept-language' => 'zh-CN,zh;q=0.9',
  'cookie' => 'PHPSESSID=q02il87id5vkqo0kk17i4mf3g0; ip=127.0.0.1; time=2017-12-20+21%3A43%3A53',
)
[ info ] [ PARAM ] array (
)
[ info ] [ DB ] INIT mysql
[ info ] [ VIEW ] D:\wamp\www\blog/application/index/view\index\detail.html [ array (
  0 => 'result',
) ]
[ info ] [ LOG ] INIT File
[ sql ] [ DB ] CONNECT:[ UseTime:0.001000s ] mysql:host=127.0.0.1;dbname=blog;charset=utf8
[ sql ] [ SQL ] SHOW COLUMNS FROM `article` [ RunTime:0.001000s ]
[ sql ] [ SQL ] SELECT * FROM `article` WHERE  `id` = 5 LIMIT 1 [ RunTime:0.001000s ]
---------------------------------------------------------------
[ 2017-12-20T21:45:05+08:00 ] 127.0.0.1 GET /admin/articles/edit/id/5
[ info ] weibo.net/admin/articles/edit/id/5 [运行时间：0.221013s][吞吐率：4.52req/s] [内存消耗：2,752.38kb] [文件加载：72]
[ info ] [ LANG ] D:\wamp\www\blog\thinkphp/lang/zh-cn.php
[ info ] [ ROUTE ] array (
)
[ info ] [ HEADER ] array (
  'host' => 'weibo.net',
  'connection' => 'keep-alive',
  'upgrade-insecure-requests' => '1',
  'user-agent' => 'Mozilla/5.0 (Windows NT 6.1; WOW64) AppleWebKit/537.36 (KHTML, like Gecko) Chrome/63.0.3239.108 Safari/537.36',
  'accept' => 'text/html,application/xhtml+xml,application/xml;q=0.9,image/webp,image/apng,*/*;q=0.8',
  'referer' => 'http://weibo.net/admin/articles/index',
  'accept-encoding' => 'gzip, deflate',
  'accept-language' => 'zh-CN,zh;q=0.9',
  'cookie' => 'PHPSESSID=q02il87id5vkqo0kk17i4mf3g0; ip=127.0.0.1; time=2017-12-20+21%3A43%3A53',
)
[ info ] [ PARAM ] array (
)
[ info ] [ SESSION ] INIT array (
  'id' => '',
  'var_session_id' => '',
  'prefix' => 'y',
  'type' => '',
  'auto_start' => true,
  'httponly' => true,
  'secure' => false,
)
[ info ] [ DB ] INIT mysql
[ info ] [ VIEW ] D:\wamp\www\blog/application/admin/view\article\article_edit.html [ array (
  0 => 'info',
) ]
[ info ] [ LOG ] INIT File
[ sql ] [ DB ] CONNECT:[ UseTime:0.015001s ] mysql:host=127.0.0.1;dbname=blog;charset=utf8
[ sql ] [ SQL ] SHOW COLUMNS FROM `article` [ RunTime:0.019001s ]
[ sql ] [ SQL ] SELECT * FROM `article` WHERE  `id` = 5 LIMIT 1 [ RunTime:0.002000s ]
---------------------------------------------------------------
[ 2017-12-20T21:45:07+08:00 ] 127.0.0.1 GET /admin/articles/index
[ info ] weibo.net/admin/articles/index [运行时间：0.065004s][吞吐率：15.38req/s] [内存消耗：1,752.47kb] [文件加载：65]
[ info ] [ LANG ] D:\wamp\www\blog\thinkphp/lang/zh-cn.php
[ info ] [ ROUTE ] array (
)
[ info ] [ HEADER ] array (
  'host' => 'weibo.net',
  'connection' => 'keep-alive',
  'user-agent' => 'Mozilla/5.0 (Windows NT 6.1; WOW64) AppleWebKit/537.36 (KHTML, like Gecko) Chrome/63.0.3239.108 Safari/537.36',
  'upgrade-insecure-requests' => '1',
  'accept' => 'text/html,application/xhtml+xml,application/xml;q=0.9,image/webp,image/apng,*/*;q=0.8',
  'referer' => 'http://weibo.net/admin/articles/edit/id/6',
  'accept-encoding' => 'gzip, deflate',
  'accept-language' => 'zh-CN,zh;q=0.9',
  'cookie' => 'PHPSESSID=q02il87id5vkqo0kk17i4mf3g0; ip=127.0.0.1; time=2017-12-20+21%3A43%3A53',
)
[ info ] [ PARAM ] array (
)
[ info ] [ SESSION ] INIT array (
  'id' => '',
  'var_session_id' => '',
  'prefix' => 'y',
  'type' => '',
  'auto_start' => true,
  'httponly' => true,
  'secure' => false,
)
[ info ] [ VIEW ] D:\wamp\www\blog/application/admin/view\article\article.html [ array (
) ]
[ info ] [ LOG ] INIT File
---------------------------------------------------------------
[ 2017-12-20T21:45:07+08:00 ] 127.0.0.1 GET /admin/articles/index?page=1&limit=10
[ info ] weibo.net/admin/articles/index?page=1&limit=10 [运行时间：0.095005s][吞吐率：10.53req/s] [内存消耗：2,717.51kb] [文件加载：71]
[ info ] [ LANG ] D:\wamp\www\blog\thinkphp/lang/zh-cn.php
[ info ] [ ROUTE ] array (
)
[ info ] [ HEADER ] array (
  'host' => 'weibo.net',
  'connection' => 'keep-alive',
  'accept' => 'application/json, text/javascript, */*; q=0.01',
  'x-requested-with' => 'XMLHttpRequest',
  'user-agent' => 'Mozilla/5.0 (Windows NT 6.1; WOW64) AppleWebKit/537.36 (KHTML, like Gecko) Chrome/63.0.3239.108 Safari/537.36',
  'referer' => 'http://weibo.net/admin/articles/index',
  'accept-encoding' => 'gzip, deflate',
  'accept-language' => 'zh-CN,zh;q=0.9',
  'cookie' => 'PHPSESSID=q02il87id5vkqo0kk17i4mf3g0; ip=127.0.0.1; time=2017-12-20+21%3A43%3A53',
)
[ info ] [ PARAM ] array (
  'page' => '1',
  'limit' => '10',
)
[ info ] [ SESSION ] INIT array (
  'id' => '',
  'var_session_id' => '',
  'prefix' => 'y',
  'type' => '',
  'auto_start' => true,
  'httponly' => true,
  'secure' => false,
)
[ info ] [ DB ] INIT mysql
[ info ] [ LOG ] INIT File
[ sql ] [ DB ] CONNECT:[ UseTime:0.002000s ] mysql:host=127.0.0.1;dbname=blog;charset=utf8
[ sql ] [ SQL ] SHOW COLUMNS FROM `article` [ RunTime:0.003001s ]
[ sql ] [ SQL ] SELECT COUNT(*) AS tp_count FROM `article` WHERE  `title` LIKE '%%' LIMIT 1 [ RunTime:0.001000s ]
[ sql ] [ SQL ] SELECT * FROM `article` ORDER BY update_time desc LIMIT 0,10 [ RunTime:0.001000s ]
---------------------------------------------------------------
[ 2017-12-20T21:45:08+08:00 ] 127.0.0.1 GET /admin/articles/edit/id/6
[ info ] weibo.net/admin/articles/edit/id/6 [运行时间：0.091005s][吞吐率：10.99req/s] [内存消耗：2,752.34kb] [文件加载：72]
[ info ] [ LANG ] D:\wamp\www\blog\thinkphp/lang/zh-cn.php
[ info ] [ ROUTE ] array (
)
[ info ] [ HEADER ] array (
  'host' => 'weibo.net',
  'connection' => 'keep-alive',
  'upgrade-insecure-requests' => '1',
  'user-agent' => 'Mozilla/5.0 (Windows NT 6.1; WOW64) AppleWebKit/537.36 (KHTML, like Gecko) Chrome/63.0.3239.108 Safari/537.36',
  'accept' => 'text/html,application/xhtml+xml,application/xml;q=0.9,image/webp,image/apng,*/*;q=0.8',
  'referer' => 'http://weibo.net/admin/articles/index',
  'accept-encoding' => 'gzip, deflate',
  'accept-language' => 'zh-CN,zh;q=0.9',
  'cookie' => 'PHPSESSID=q02il87id5vkqo0kk17i4mf3g0; ip=127.0.0.1; time=2017-12-20+21%3A43%3A53',
)
[ info ] [ PARAM ] array (
)
[ info ] [ SESSION ] INIT array (
  'id' => '',
  'var_session_id' => '',
  'prefix' => 'y',
  'type' => '',
  'auto_start' => true,
  'httponly' => true,
  'secure' => false,
)
[ info ] [ DB ] INIT mysql
[ info ] [ VIEW ] D:\wamp\www\blog/application/admin/view\article\article_edit.html [ array (
  0 => 'info',
) ]
[ info ] [ LOG ] INIT File
[ sql ] [ DB ] CONNECT:[ UseTime:0.001000s ] mysql:host=127.0.0.1;dbname=blog;charset=utf8
[ sql ] [ SQL ] SHOW COLUMNS FROM `article` [ RunTime:0.003000s ]
[ sql ] [ SQL ] SELECT * FROM `article` WHERE  `id` = 6 LIMIT 1 [ RunTime:0.002000s ]
---------------------------------------------------------------
[ 2017-12-20T21:45:12+08:00 ] 127.0.0.1 POST /admin/articles/uploads
[ info ] weibo.net/admin/articles/uploads [运行时间：0.091005s][吞吐率：10.99req/s] [内存消耗：1,795.60kb] [文件加载：64]
[ info ] [ LANG ] D:\wamp\www\blog\thinkphp/lang/zh-cn.php
[ info ] [ ROUTE ] array (
)
[ info ] [ HEADER ] array (
  'host' => 'weibo.net',
  'connection' => 'keep-alive',
  'content-length' => '75400',
  'accept' => 'application/json, text/javascript, */*; q=0.01',
  'origin' => 'http://weibo.net',
  'x-requested-with' => 'XMLHttpRequest',
  'user-agent' => 'Mozilla/5.0 (Windows NT 6.1; WOW64) AppleWebKit/537.36 (KHTML, like Gecko) Chrome/63.0.3239.108 Safari/537.36',
  'content-type' => 'multipart/form-data; boundary=----WebKitFormBoundaryzaiTpAAb0MOL3w7N',
  'referer' => 'http://weibo.net/admin/articles/edit/id/6',
  'accept-encoding' => 'gzip, deflate',
  'accept-language' => 'zh-CN,zh;q=0.9',
  'cookie' => 'PHPSESSID=q02il87id5vkqo0kk17i4mf3g0; ip=127.0.0.1; time=2017-12-20+21%3A43%3A53',
)
[ info ] [ PARAM ] array (
)
[ info ] [ SESSION ] INIT array (
  'id' => '',
  'var_session_id' => '',
  'prefix' => 'y',
  'type' => '',
  'auto_start' => true,
  'httponly' => true,
  'secure' => false,
)
[ info ] [ LOG ] INIT File
---------------------------------------------------------------
[ 2017-12-20T21:45:13+08:00 ] 127.0.0.1 POST /admin/articles/update
[ info ] weibo.net/admin/articles/update [运行时间：0.122007s][吞吐率：8.20req/s] [内存消耗：2,723.18kb] [文件加载：73]
[ info ] [ LANG ] D:\wamp\www\blog\thinkphp/lang/zh-cn.php
[ info ] [ ROUTE ] array (
)
[ info ] [ HEADER ] array (
  'host' => 'weibo.net',
  'connection' => 'keep-alive',
  'content-length' => '152',
  'accept' => '*/*',
  'origin' => 'http://weibo.net',
  'x-requested-with' => 'XMLHttpRequest',
  'user-agent' => 'Mozilla/5.0 (Windows NT 6.1; WOW64) AppleWebKit/537.36 (KHTML, like Gecko) Chrome/63.0.3239.108 Safari/537.36',
  'content-type' => 'application/x-www-form-urlencoded; charset=UTF-8',
  'referer' => 'http://weibo.net/admin/articles/edit/id/6',
  'accept-encoding' => 'gzip, deflate',
  'accept-language' => 'zh-CN,zh;q=0.9',
  'cookie' => 'PHPSESSID=q02il87id5vkqo0kk17i4mf3g0; ip=127.0.0.1; time=2017-12-20+21%3A43%3A53',
)
[ info ] [ PARAM ] array (
  'id' => '6',
  'title' => 'ccc',
  'content' => '<p>aaaaaaa</p>',
  'pic' => '/uploads/image/20171220/0ade935651b34b963bd181d30b6260a8.jpg',
  'descr' => 'aaa',
  'author' => 'zzz',
  'category' => '3',
)
[ info ] [ SESSION ] INIT array (
  'id' => '',
  'var_session_id' => '',
  'prefix' => 'y',
  'type' => '',
  'auto_start' => true,
  'httponly' => true,
  'secure' => false,
)
[ info ] [ DB ] INIT mysql
[ info ] [ CACHE ] INIT File
[ info ] [ LOG ] INIT File
[ sql ] [ DB ] CONNECT:[ UseTime:0.002001s ] mysql:host=127.0.0.1;dbname=blog;charset=utf8
[ sql ] [ SQL ] SHOW COLUMNS FROM `article` [ RunTime:0.003000s ]
[ sql ] [ SQL ] UPDATE `article`  SET `id`=6,`title`='ccc',`content`='<p>aaaaaaa</p>',`pic`='/uploads/image/20171220/0ade935651b34b963bd181d30b6260a8.jpg',`descr`='aaa',`author`='zzz',`category`=3  WHERE  `id` = 6 [ RunTime:0.002000s ]
---------------------------------------------------------------
[ 2017-12-20T21:45:15+08:00 ] 127.0.0.1 GET /admin/articles/index
[ info ] weibo.net/admin/articles/index [运行时间：0.067004s][吞吐率：14.92req/s] [内存消耗：1,752.47kb] [文件加载：65]
[ info ] [ LANG ] D:\wamp\www\blog\thinkphp/lang/zh-cn.php
[ info ] [ ROUTE ] array (
)
[ info ] [ HEADER ] array (
  'host' => 'weibo.net',
  'connection' => 'keep-alive',
  'upgrade-insecure-requests' => '1',
  'user-agent' => 'Mozilla/5.0 (Windows NT 6.1; WOW64) AppleWebKit/537.36 (KHTML, like Gecko) Chrome/63.0.3239.108 Safari/537.36',
  'accept' => 'text/html,application/xhtml+xml,application/xml;q=0.9,image/webp,image/apng,*/*;q=0.8',
  'referer' => 'http://weibo.net/admin/articles/edit/id/6',
  'accept-encoding' => 'gzip, deflate',
  'accept-language' => 'zh-CN,zh;q=0.9',
  'cookie' => 'PHPSESSID=q02il87id5vkqo0kk17i4mf3g0; ip=127.0.0.1; time=2017-12-20+21%3A43%3A53',
)
[ info ] [ PARAM ] array (
)
[ info ] [ SESSION ] INIT array (
  'id' => '',
  'var_session_id' => '',
  'prefix' => 'y',
  'type' => '',
  'auto_start' => true,
  'httponly' => true,
  'secure' => false,
)
[ info ] [ VIEW ] D:\wamp\www\blog/application/admin/view\article\article.html [ array (
) ]
[ info ] [ LOG ] INIT File
---------------------------------------------------------------
[ 2017-12-20T21:45:15+08:00 ] 127.0.0.1 GET /admin/articles/index?page=1&limit=10
[ info ] weibo.net/admin/articles/index?page=1&limit=10 [运行时间：0.083005s][吞吐率：12.05req/s] [内存消耗：2,717.51kb] [文件加载：71]
[ info ] [ LANG ] D:\wamp\www\blog\thinkphp/lang/zh-cn.php
[ info ] [ ROUTE ] array (
)
[ info ] [ HEADER ] array (
  'host' => 'weibo.net',
  'connection' => 'keep-alive',
  'accept' => 'application/json, text/javascript, */*; q=0.01',
  'x-requested-with' => 'XMLHttpRequest',
  'user-agent' => 'Mozilla/5.0 (Windows NT 6.1; WOW64) AppleWebKit/537.36 (KHTML, like Gecko) Chrome/63.0.3239.108 Safari/537.36',
  'referer' => 'http://weibo.net/admin/articles/index',
  'accept-encoding' => 'gzip, deflate',
  'accept-language' => 'zh-CN,zh;q=0.9',
  'cookie' => 'PHPSESSID=q02il87id5vkqo0kk17i4mf3g0; ip=127.0.0.1; time=2017-12-20+21%3A43%3A53',
)
[ info ] [ PARAM ] array (
  'page' => '1',
  'limit' => '10',
)
[ info ] [ SESSION ] INIT array (
  'id' => '',
  'var_session_id' => '',
  'prefix' => 'y',
  'type' => '',
  'auto_start' => true,
  'httponly' => true,
  'secure' => false,
)
[ info ] [ DB ] INIT mysql
[ info ] [ LOG ] INIT File
[ sql ] [ DB ] CONNECT:[ UseTime:0.002000s ] mysql:host=127.0.0.1;dbname=blog;charset=utf8
[ sql ] [ SQL ] SHOW COLUMNS FROM `article` [ RunTime:0.001000s ]
[ sql ] [ SQL ] SELECT COUNT(*) AS tp_count FROM `article` WHERE  `title` LIKE '%%' LIMIT 1 [ RunTime:0.001000s ]
[ sql ] [ SQL ] SELECT * FROM `article` ORDER BY update_time desc LIMIT 0,10 [ RunTime:0.001000s ]
---------------------------------------------------------------
[ 2017-12-20T22:40:49+08:00 ] 127.0.0.1 GET /admin/articles/index
[ info ] weibo.net/admin/articles/index [运行时间：0.631036s][吞吐率：1.58req/s] [内存消耗：1,752.47kb] [文件加载：65]
[ info ] [ LANG ] D:\wamp\www\blog\thinkphp/lang/zh-cn.php
[ info ] [ ROUTE ] array (
)
[ info ] [ HEADER ] array (
  'host' => 'weibo.net',
  'connection' => 'keep-alive',
  'user-agent' => 'Mozilla/5.0 (Windows NT 6.1; WOW64) AppleWebKit/537.36 (KHTML, like Gecko) Chrome/63.0.3239.108 Safari/537.36',
  'upgrade-insecure-requests' => '1',
  'accept' => 'text/html,application/xhtml+xml,application/xml;q=0.9,image/webp,image/apng,*/*;q=0.8',
  'referer' => 'http://weibo.net/admin/articles/edit/id/6',
  'accept-encoding' => 'gzip, deflate',
  'accept-language' => 'zh-CN,zh;q=0.9',
  'cookie' => 'PHPSESSID=q02il87id5vkqo0kk17i4mf3g0; ip=127.0.0.1; time=2017-12-20+21%3A43%3A53',
)
[ info ] [ PARAM ] array (
)
[ info ] [ SESSION ] INIT array (
  'id' => '',
  'var_session_id' => '',
  'prefix' => 'y',
  'type' => '',
  'auto_start' => true,
  'httponly' => true,
  'secure' => false,
)
[ info ] [ VIEW ] D:\wamp\www\blog/application/admin/view\article\article.html [ array (
) ]
[ info ] [ LOG ] INIT File
---------------------------------------------------------------
[ 2017-12-20T22:40:55+08:00 ] 127.0.0.1 GET /admin/articles/index?page=1&limit=10
[ info ] weibo.net/admin/articles/index?page=1&limit=10 [运行时间：3.216184s][吞吐率：0.31req/s] [内存消耗：2,717.51kb] [文件加载：71]
[ info ] [ LANG ] D:\wamp\www\blog\thinkphp/lang/zh-cn.php
[ info ] [ ROUTE ] array (
)
[ info ] [ HEADER ] array (
  'host' => 'weibo.net',
  'connection' => 'keep-alive',
  'accept' => 'application/json, text/javascript, */*; q=0.01',
  'x-requested-with' => 'XMLHttpRequest',
  'user-agent' => 'Mozilla/5.0 (Windows NT 6.1; WOW64) AppleWebKit/537.36 (KHTML, like Gecko) Chrome/63.0.3239.108 Safari/537.36',
  'referer' => 'http://weibo.net/admin/articles/index',
  'accept-encoding' => 'gzip, deflate',
  'accept-language' => 'zh-CN,zh;q=0.9',
  'cookie' => 'PHPSESSID=q02il87id5vkqo0kk17i4mf3g0; ip=127.0.0.1; time=2017-12-20+21%3A43%3A53',
)
[ info ] [ PARAM ] array (
  'page' => '1',
  'limit' => '10',
)
[ info ] [ SESSION ] INIT array (
  'id' => '',
  'var_session_id' => '',
  'prefix' => 'y',
  'type' => '',
  'auto_start' => true,
  'httponly' => true,
  'secure' => false,
)
[ info ] [ DB ] INIT mysql
[ info ] [ LOG ] INIT File
[ sql ] [ DB ] CONNECT:[ UseTime:1.608092s ] mysql:host=127.0.0.1;dbname=blog;charset=utf8
[ sql ] [ SQL ] SHOW COLUMNS FROM `article` [ RunTime:0.947054s ]
[ sql ] [ SQL ] SELECT COUNT(*) AS tp_count FROM `article` WHERE  `title` LIKE '%%' LIMIT 1 [ RunTime:0.159009s ]
[ sql ] [ SQL ] SELECT * FROM `article` ORDER BY update_time desc LIMIT 0,10 [ RunTime:0.005001s ]
