---------------------------------------------------------------
[ 2017-12-22T20:38:55+08:00 ] 127.0.0.1 GET /
[ info ] weibo.net/ [运行时间：0.440025s][吞吐率：2.27req/s] [内存消耗：1,686.92kb] [文件加载：63]
[ info ] [ LANG ] D:\wamp\www\blog\thinkphp/lang/zh-cn.php
[ info ] [ ROUTE ] array (
)
[ info ] [ HEADER ] array (
  'host' => 'weibo.net',
  'connection' => 'keep-alive',
  'cache-control' => 'max-age=0',
  'user-agent' => 'Mozilla/5.0 (Windows NT 6.1; WOW64) AppleWebKit/537.36 (KHTML, like Gecko) Chrome/63.0.3239.108 Safari/537.36',
  'upgrade-insecure-requests' => '1',
  'accept' => 'text/html,application/xhtml+xml,application/xml;q=0.9,image/webp,image/apng,*/*;q=0.8',
  'accept-encoding' => 'gzip, deflate',
  'accept-language' => 'zh-CN,zh;q=0.9',
)
[ info ] [ PARAM ] array (
)
[ info ] [ LOG ] INIT File
[ error ] [2]array_map() expects at least 2 parameters, 1 given[D:\wamp\www\blog\application\index\controller\Index.php:19]
---------------------------------------------------------------
[ 2017-12-22T20:38:56+08:00 ] 127.0.0.1 GET /favicon.ico
[ info ] weibo.net/favicon.ico [运行时间：0.053003s][吞吐率：18.87req/s] [内存消耗：1,064.99kb] [文件加载：48]
[ info ] [ LANG ] D:\wamp\www\blog\thinkphp/lang/zh-cn.php
[ info ] [ ROUTE ] array (
)
[ info ] [ HEADER ] array (
  'host' => 'weibo.net',
  'connection' => 'keep-alive',
  'pragma' => 'no-cache',
  'cache-control' => 'no-cache',
  'user-agent' => 'Mozilla/5.0 (Windows NT 6.1; WOW64) AppleWebKit/537.36 (KHTML, like Gecko) Chrome/63.0.3239.108 Safari/537.36',
  'accept' => 'image/webp,image/apng,image/*,*/*;q=0.8',
  'referer' => 'http://weibo.net/',
  'accept-encoding' => 'gzip, deflate',
  'accept-language' => 'zh-CN,zh;q=0.9',
)
[ info ] [ PARAM ] array (
)
[ info ] [ LOG ] INIT File
---------------------------------------------------------------
[ 2017-12-22T20:39:05+08:00 ] 127.0.0.1 GET /
[ info ] weibo.net/ [运行时间：1.085062s][吞吐率：0.92req/s] [内存消耗：2,767.73kb] [文件加载：72]
[ info ] [ LANG ] D:\wamp\www\blog\thinkphp/lang/zh-cn.php
[ info ] [ ROUTE ] array (
)
[ info ] [ HEADER ] array (
  'host' => 'weibo.net',
  'connection' => 'keep-alive',
  'cache-control' => 'max-age=0',
  'user-agent' => 'Mozilla/5.0 (Windows NT 6.1; WOW64) AppleWebKit/537.36 (KHTML, like Gecko) Chrome/63.0.3239.108 Safari/537.36',
  'upgrade-insecure-requests' => '1',
  'accept' => 'text/html,application/xhtml+xml,application/xml;q=0.9,image/webp,image/apng,*/*;q=0.8',
  'accept-encoding' => 'gzip, deflate',
  'accept-language' => 'zh-CN,zh;q=0.9',
)
[ info ] [ PARAM ] array (
)
[ info ] [ DB ] INIT mysql
[ info ] [ VIEW ] D:\wamp\www\blog/application/index/view\index\index.html [ array (
  0 => 'result',
) ]
[ info ] [ LOG ] INIT File
[ sql ] [ DB ] CONNECT:[ UseTime:0.155009s ] mysql:host=127.0.0.1;dbname=blog;charset=utf8
[ sql ] [ SQL ] SHOW COLUMNS FROM `article` [ RunTime:0.487028s ]
[ sql ] [ SQL ] SELECT * FROM `article` ORDER BY update_time desc [ RunTime:0.095006s ]
---------------------------------------------------------------
[ 2017-12-22T20:39:34+08:00 ] 127.0.0.1 GET /
[ info ] weibo.net/ [运行时间：0.110007s][吞吐率：9.09req/s] [内存消耗：2,767.73kb] [文件加载：72]
[ info ] [ LANG ] D:\wamp\www\blog\thinkphp/lang/zh-cn.php
[ info ] [ ROUTE ] array (
)
[ info ] [ HEADER ] array (
  'host' => 'weibo.net',
  'connection' => 'keep-alive',
  'cache-control' => 'max-age=0',
  'upgrade-insecure-requests' => '1',
  'user-agent' => 'Mozilla/5.0 (Windows NT 6.1; WOW64) AppleWebKit/537.36 (KHTML, like Gecko) Chrome/63.0.3239.108 Safari/537.36',
  'accept' => 'text/html,application/xhtml+xml,application/xml;q=0.9,image/webp,image/apng,*/*;q=0.8',
  'accept-encoding' => 'gzip, deflate',
  'accept-language' => 'zh-CN,zh;q=0.9',
)
[ info ] [ PARAM ] array (
)
[ info ] [ DB ] INIT mysql
[ info ] [ VIEW ] D:\wamp\www\blog/application/index/view\index\index.html [ array (
  0 => 'result',
) ]
[ info ] [ LOG ] INIT File
[ sql ] [ DB ] CONNECT:[ UseTime:0.002000s ] mysql:host=127.0.0.1;dbname=blog;charset=utf8
[ sql ] [ SQL ] SHOW COLUMNS FROM `article` [ RunTime:0.002000s ]
[ sql ] [ SQL ] SELECT * FROM `article` ORDER BY update_time desc [ RunTime:0.001000s ]
---------------------------------------------------------------
[ 2017-12-22T20:45:19+08:00 ] 127.0.0.1 GET /
[ info ] weibo.net/ [运行时间：2.375135s][吞吐率：0.42req/s] [内存消耗：2,764.58kb] [文件加载：71]
[ info ] [ LANG ] D:\wamp\www\blog\thinkphp/lang/zh-cn.php
[ info ] [ ROUTE ] array (
)
[ info ] [ HEADER ] array (
  'host' => 'weibo.net',
  'connection' => 'keep-alive',
  'user-agent' => 'Mozilla/5.0 (Windows NT 6.1; WOW64) AppleWebKit/537.36 (KHTML, like Gecko) Chrome/63.0.3239.108 Safari/537.36',
  'upgrade-insecure-requests' => '1',
  'accept' => 'text/html,application/xhtml+xml,application/xml;q=0.9,image/webp,image/apng,*/*;q=0.8',
  'accept-encoding' => 'gzip, deflate',
  'accept-language' => 'zh-CN,zh;q=0.9',
)
[ info ] [ PARAM ] array (
)
[ info ] [ DB ] INIT mysql
[ info ] [ VIEW ] D:\wamp\www\blog/application/index/view\index\index.html [ array (
  0 => 'result',
) ]
[ info ] [ LOG ] INIT File
[ sql ] [ DB ] CONNECT:[ UseTime:0.005000s ] mysql:host=127.0.0.1;dbname=blog;charset=utf8
[ sql ] [ SQL ] SHOW COLUMNS FROM `article` [ RunTime:0.113006s ]
[ sql ] [ SQL ] SELECT * FROM `article` ORDER BY update_time desc [ RunTime:0.003000s ]
