---------------------------------------------------------------
[ 2017-12-24T18:44:09+08:00 ] 127.0.0.1 GET /
[ info ] weibo.net/ [运行时间：2.920167s][吞吐率：0.34req/s] [内存消耗：2,764.57kb] [文件加载：71]
[ info ] [ LANG ] D:\wamp\www\blog\thinkphp/lang/zh-cn.php
[ info ] [ ROUTE ] array (
)
[ info ] [ HEADER ] array (
  'host' => 'weibo.net',
  'connection' => 'keep-alive',
  'user-agent' => 'Mozilla/5.0 (Windows NT 6.1; WOW64) AppleWebKit/537.36 (KHTML, like Gecko) Chrome/63.0.3239.108 Safari/537.36',
  'upgrade-insecure-requests' => '1',
  'accept' => 'text/html,application/xhtml+xml,application/xml;q=0.9,image/webp,image/apng,*/*;q=0.8',
  'accept-encoding' => 'gzip, deflate',
  'accept-language' => 'zh-CN,zh;q=0.9',
)
[ info ] [ PARAM ] array (
)
[ info ] [ DB ] INIT mysql
[ info ] [ VIEW ] D:\wamp\www\blog/application/index/view\index\index.html [ array (
  0 => 'result',
) ]
[ info ] [ LOG ] INIT File
[ sql ] [ DB ] CONNECT:[ UseTime:0.124007s ] mysql:host=127.0.0.1;dbname=blog;charset=utf8
[ sql ] [ SQL ] SHOW COLUMNS FROM `article` [ RunTime:0.089005s ]
[ sql ] [ SQL ] SELECT * FROM `article` ORDER BY update_time desc [ RunTime:0.001000s ]
---------------------------------------------------------------
[ 2017-12-24T18:44:21+08:00 ] 127.0.0.1 GET /article.html
[ info ] weibo.net/article.html [运行时间：0.175010s][吞吐率：5.71req/s] [内存消耗：1,652.32kb] [文件加载：62]
[ info ] [ LANG ] D:\wamp\www\blog\thinkphp/lang/zh-cn.php
[ info ] [ ROUTE ] array (
  'rule' => 'article',
  'route' => 'index/Articles/index',
  'option' => 
  array (
  ),
  'var' => 
  array (
  ),
)
[ info ] [ HEADER ] array (
  'host' => 'weibo.net',
  'connection' => 'keep-alive',
  'upgrade-insecure-requests' => '1',
  'user-agent' => 'Mozilla/5.0 (Windows NT 6.1; WOW64) AppleWebKit/537.36 (KHTML, like Gecko) Chrome/63.0.3239.108 Safari/537.36',
  'accept' => 'text/html,application/xhtml+xml,application/xml;q=0.9,image/webp,image/apng,*/*;q=0.8',
  'referer' => 'http://weibo.net/',
  'accept-encoding' => 'gzip, deflate',
  'accept-language' => 'zh-CN,zh;q=0.9',
)
[ info ] [ PARAM ] array (
)
[ info ] [ LOG ] INIT File
[ error ] [8]未定义变量: ression[D:\wamp\www\blog\application\index\controller\Articles.php:21]
---------------------------------------------------------------
[ 2017-12-24T18:44:22+08:00 ] 127.0.0.1 GET /favicon.ico
[ info ] weibo.net/favicon.ico [运行时间：0.072401s][吞吐率：13.81req/s] [内存消耗：1,064.60kb] [文件加载：48]
[ info ] [ LANG ] D:\wamp\www\blog\thinkphp/lang/zh-cn.php
[ info ] [ ROUTE ] array (
)
[ info ] [ HEADER ] array (
  'host' => 'weibo.net',
  'connection' => 'keep-alive',
  'user-agent' => 'Mozilla/5.0 (Windows NT 6.1; WOW64) AppleWebKit/537.36 (KHTML, like Gecko) Chrome/63.0.3239.108 Safari/537.36',
  'accept' => 'image/webp,image/apng,image/*,*/*;q=0.8',
  'referer' => 'http://weibo.net/article.html',
  'accept-encoding' => 'gzip, deflate',
  'accept-language' => 'zh-CN,zh;q=0.9',
)
[ info ] [ PARAM ] array (
)
[ info ] [ LOG ] INIT File
---------------------------------------------------------------
[ 2017-12-24T18:44:27+08:00 ] 127.0.0.1 GET /article.html
[ info ] weibo.net/article.html [运行时间：0.156009s][吞吐率：6.41req/s] [内存消耗：1,602.15kb] [文件加载：57]
[ info ] [ LANG ] D:\wamp\www\blog\thinkphp/lang/zh-cn.php
[ info ] [ ROUTE ] array (
  'rule' => 'article',
  'route' => 'index/Articles/index',
  'option' => 
  array (
  ),
  'var' => 
  array (
  ),
)
[ info ] [ HEADER ] array (
  'host' => 'weibo.net',
  'connection' => 'keep-alive',
  'cache-control' => 'max-age=0',
  'user-agent' => 'Mozilla/5.0 (Windows NT 6.1; WOW64) AppleWebKit/537.36 (KHTML, like Gecko) Chrome/63.0.3239.108 Safari/537.36',
  'upgrade-insecure-requests' => '1',
  'accept' => 'text/html,application/xhtml+xml,application/xml;q=0.9,image/webp,image/apng,*/*;q=0.8',
  'referer' => 'http://weibo.net/',
  'accept-encoding' => 'gzip, deflate',
  'accept-language' => 'zh-CN,zh;q=0.9',
)
[ info ] [ PARAM ] array (
)
[ info ] [ LOG ] INIT File
---------------------------------------------------------------
[ 2017-12-24T18:44:29+08:00 ] 127.0.0.1 GET /article.html
[ info ] weibo.net/article.html [运行时间：0.088005s][吞吐率：11.36req/s] [内存消耗：1,602.15kb] [文件加载：57]
[ info ] [ LANG ] D:\wamp\www\blog\thinkphp/lang/zh-cn.php
[ info ] [ ROUTE ] array (
  'rule' => 'article',
  'route' => 'index/Articles/index',
  'option' => 
  array (
  ),
  'var' => 
  array (
  ),
)
[ info ] [ HEADER ] array (
  'host' => 'weibo.net',
  'connection' => 'keep-alive',
  'cache-control' => 'max-age=0',
  'user-agent' => 'Mozilla/5.0 (Windows NT 6.1; WOW64) AppleWebKit/537.36 (KHTML, like Gecko) Chrome/63.0.3239.108 Safari/537.36',
  'upgrade-insecure-requests' => '1',
  'accept' => 'text/html,application/xhtml+xml,application/xml;q=0.9,image/webp,image/apng,*/*;q=0.8',
  'referer' => 'http://weibo.net/',
  'accept-encoding' => 'gzip, deflate',
  'accept-language' => 'zh-CN,zh;q=0.9',
)
[ info ] [ PARAM ] array (
)
[ info ] [ LOG ] INIT File
---------------------------------------------------------------
[ 2017-12-24T18:45:53+08:00 ] 127.0.0.1 GET /article.html
[ info ] weibo.net/article.html [运行时间：0.066004s][吞吐率：15.15req/s] [内存消耗：1,601.49kb] [文件加载：57]
[ info ] [ LANG ] D:\wamp\www\blog\thinkphp/lang/zh-cn.php
[ info ] [ ROUTE ] array (
  'rule' => 'article',
  'route' => 'index/Articles/index',
  'option' => 
  array (
  ),
  'var' => 
  array (
  ),
)
[ info ] [ HEADER ] array (
  'host' => 'weibo.net',
  'connection' => 'keep-alive',
  'upgrade-insecure-requests' => '1',
  'user-agent' => 'Mozilla/5.0 (Windows NT 6.1; WOW64) AppleWebKit/537.36 (KHTML, like Gecko) Chrome/63.0.3239.108 Safari/537.36',
  'accept' => 'text/html,application/xhtml+xml,application/xml;q=0.9,image/webp,image/apng,*/*;q=0.8',
  'referer' => 'http://weibo.net/',
  'accept-encoding' => 'gzip, deflate',
  'accept-language' => 'zh-CN,zh;q=0.9',
)
[ info ] [ PARAM ] array (
)
[ info ] [ LOG ] INIT File
---------------------------------------------------------------
[ 2017-12-24T18:45:58+08:00 ] 127.0.0.1 GET /article.html
[ info ] weibo.net/article.html [运行时间：0.058003s][吞吐率：17.24req/s] [内存消耗：1,602.15kb] [文件加载：57]
[ info ] [ LANG ] D:\wamp\www\blog\thinkphp/lang/zh-cn.php
[ info ] [ ROUTE ] array (
  'rule' => 'article',
  'route' => 'index/Articles/index',
  'option' => 
  array (
  ),
  'var' => 
  array (
  ),
)
[ info ] [ HEADER ] array (
  'host' => 'weibo.net',
  'connection' => 'keep-alive',
  'cache-control' => 'max-age=0',
  'upgrade-insecure-requests' => '1',
  'user-agent' => 'Mozilla/5.0 (Windows NT 6.1; WOW64) AppleWebKit/537.36 (KHTML, like Gecko) Chrome/63.0.3239.108 Safari/537.36',
  'accept' => 'text/html,application/xhtml+xml,application/xml;q=0.9,image/webp,image/apng,*/*;q=0.8',
  'referer' => 'http://weibo.net/',
  'accept-encoding' => 'gzip, deflate',
  'accept-language' => 'zh-CN,zh;q=0.9',
)
[ info ] [ PARAM ] array (
)
[ info ] [ LOG ] INIT File
---------------------------------------------------------------
[ 2017-12-24T18:46:12+08:00 ] 127.0.0.1 GET /article.html
[ info ] weibo.net/article.html [运行时间：0.223013s][吞吐率：4.48req/s] [内存消耗：2,733.91kb] [文件加载：71]
[ info ] [ LANG ] D:\wamp\www\blog\thinkphp/lang/zh-cn.php
[ info ] [ ROUTE ] array (
  'rule' => 'article',
  'route' => 'index/Articles/index',
  'option' => 
  array (
  ),
  'var' => 
  array (
  ),
)
[ info ] [ HEADER ] array (
  'host' => 'weibo.net',
  'connection' => 'keep-alive',
  'cache-control' => 'max-age=0',
  'upgrade-insecure-requests' => '1',
  'user-agent' => 'Mozilla/5.0 (Windows NT 6.1; WOW64) AppleWebKit/537.36 (KHTML, like Gecko) Chrome/63.0.3239.108 Safari/537.36',
  'accept' => 'text/html,application/xhtml+xml,application/xml;q=0.9,image/webp,image/apng,*/*;q=0.8',
  'referer' => 'http://weibo.net/',
  'accept-encoding' => 'gzip, deflate',
  'accept-language' => 'zh-CN,zh;q=0.9',
)
[ info ] [ PARAM ] array (
)
[ info ] [ DB ] INIT mysql
[ info ] [ VIEW ] D:\wamp\www\blog/application/index/view\index\article.html [ array (
  0 => 'article_all',
) ]
[ info ] [ LOG ] INIT File
[ sql ] [ DB ] CONNECT:[ UseTime:0.002001s ] mysql:host=127.0.0.1;dbname=blog;charset=utf8
[ sql ] [ SQL ] SHOW COLUMNS FROM `article` [ RunTime:0.003000s ]
[ sql ] [ SQL ] SELECT * FROM `article` ORDER BY update_time desc [ RunTime:0.001000s ]
---------------------------------------------------------------
[ 2017-12-24T18:50:13+08:00 ] 127.0.0.1 GET /article.html
[ info ] weibo.net/article.html [运行时间：0.152009s][吞吐率：6.58req/s] [内存消耗：1,653.05kb] [文件加载：62]
[ info ] [ LANG ] D:\wamp\www\blog\thinkphp/lang/zh-cn.php
[ info ] [ ROUTE ] array (
  'rule' => 'article',
  'route' => 'index/Articles/index',
  'option' => 
  array (
  ),
  'var' => 
  array (
  ),
)
[ info ] [ HEADER ] array (
  'host' => 'weibo.net',
  'connection' => 'keep-alive',
  'cache-control' => 'max-age=0',
  'upgrade-insecure-requests' => '1',
  'user-agent' => 'Mozilla/5.0 (Windows NT 6.1; WOW64) AppleWebKit/537.36 (KHTML, like Gecko) Chrome/63.0.3239.108 Safari/537.36',
  'accept' => 'text/html,application/xhtml+xml,application/xml;q=0.9,image/webp,image/apng,*/*;q=0.8',
  'referer' => 'http://weibo.net/',
  'accept-encoding' => 'gzip, deflate',
  'accept-language' => 'zh-CN,zh;q=0.9',
)
[ info ] [ PARAM ] array (
)
[ info ] [ LOG ] INIT File
[ error ] [8]未定义数组索引: PHPSESSID[D:\wamp\www\blog\application\index\controller\Articles.php:20]
---------------------------------------------------------------
[ 2017-12-24T18:50:18+08:00 ] 127.0.0.1 GET /article.html
[ info ] weibo.net/article.html [运行时间：0.118006s][吞吐率：8.47req/s] [内存消耗：2,731.39kb] [文件加载：70]
[ info ] [ LANG ] D:\wamp\www\blog\thinkphp/lang/zh-cn.php
[ info ] [ ROUTE ] array (
  'rule' => 'article',
  'route' => 'index/Articles/index',
  'option' => 
  array (
  ),
  'var' => 
  array (
  ),
)
[ info ] [ HEADER ] array (
  'host' => 'weibo.net',
  'connection' => 'keep-alive',
  'cache-control' => 'max-age=0',
  'upgrade-insecure-requests' => '1',
  'user-agent' => 'Mozilla/5.0 (Windows NT 6.1; WOW64) AppleWebKit/537.36 (KHTML, like Gecko) Chrome/63.0.3239.108 Safari/537.36',
  'accept' => 'text/html,application/xhtml+xml,application/xml;q=0.9,image/webp,image/apng,*/*;q=0.8',
  'referer' => 'http://weibo.net/',
  'accept-encoding' => 'gzip, deflate',
  'accept-language' => 'zh-CN,zh;q=0.9',
)
[ info ] [ PARAM ] array (
)
[ info ] [ DB ] INIT mysql
[ info ] [ VIEW ] D:\wamp\www\blog/application/index/view\index\article.html [ array (
  0 => 'article_all',
) ]
[ info ] [ LOG ] INIT File
[ sql ] [ DB ] CONNECT:[ UseTime:0.002000s ] mysql:host=127.0.0.1;dbname=blog;charset=utf8
[ sql ] [ SQL ] SHOW COLUMNS FROM `article` [ RunTime:0.003000s ]
[ sql ] [ SQL ] SELECT * FROM `article` ORDER BY update_time desc [ RunTime:0.001000s ]
---------------------------------------------------------------
[ 2017-12-24T18:52:25+08:00 ] 127.0.0.1 GET /article.html
[ info ] weibo.net/article.html [运行时间：0.140008s][吞吐率：7.14req/s] [内存消耗：2,731.39kb] [文件加载：70]
[ info ] [ LANG ] D:\wamp\www\blog\thinkphp/lang/zh-cn.php
[ info ] [ ROUTE ] array (
  'rule' => 'article',
  'route' => 'index/Articles/index',
  'option' => 
  array (
  ),
  'var' => 
  array (
  ),
)
[ info ] [ HEADER ] array (
  'host' => 'weibo.net',
  'connection' => 'keep-alive',
  'cache-control' => 'max-age=0',
  'upgrade-insecure-requests' => '1',
  'user-agent' => 'Mozilla/5.0 (Windows NT 6.1; WOW64) AppleWebKit/537.36 (KHTML, like Gecko) Chrome/63.0.3239.108 Safari/537.36',
  'accept' => 'text/html,application/xhtml+xml,application/xml;q=0.9,image/webp,image/apng,*/*;q=0.8',
  'referer' => 'http://weibo.net/',
  'accept-encoding' => 'gzip, deflate',
  'accept-language' => 'zh-CN,zh;q=0.9',
)
[ info ] [ PARAM ] array (
)
[ info ] [ DB ] INIT mysql
[ info ] [ VIEW ] D:\wamp\www\blog/application/index/view\index\article.html [ array (
  0 => 'article_all',
) ]
[ info ] [ LOG ] INIT File
[ sql ] [ DB ] CONNECT:[ UseTime:0.014001s ] mysql:host=127.0.0.1;dbname=blog;charset=utf8
[ sql ] [ SQL ] SHOW COLUMNS FROM `article` [ RunTime:0.039002s ]
[ sql ] [ SQL ] SELECT * FROM `article` ORDER BY update_time desc [ RunTime:0.002000s ]
---------------------------------------------------------------
[ 2017-12-24T18:52:46+08:00 ] 127.0.0.1 GET /article.html
[ info ] weibo.net/article.html [运行时间：0.081005s][吞吐率：12.34req/s] [内存消耗：2,731.39kb] [文件加载：70]
[ info ] [ LANG ] D:\wamp\www\blog\thinkphp/lang/zh-cn.php
[ info ] [ ROUTE ] array (
  'rule' => 'article',
  'route' => 'index/Articles/index',
  'option' => 
  array (
  ),
  'var' => 
  array (
  ),
)
[ info ] [ HEADER ] array (
  'host' => 'weibo.net',
  'connection' => 'keep-alive',
  'cache-control' => 'max-age=0',
  'upgrade-insecure-requests' => '1',
  'user-agent' => 'Mozilla/5.0 (Windows NT 6.1; WOW64) AppleWebKit/537.36 (KHTML, like Gecko) Chrome/63.0.3239.108 Safari/537.36',
  'accept' => 'text/html,application/xhtml+xml,application/xml;q=0.9,image/webp,image/apng,*/*;q=0.8',
  'referer' => 'http://weibo.net/',
  'accept-encoding' => 'gzip, deflate',
  'accept-language' => 'zh-CN,zh;q=0.9',
)
[ info ] [ PARAM ] array (
)
[ info ] [ DB ] INIT mysql
[ info ] [ VIEW ] D:\wamp\www\blog/application/index/view\index\article.html [ array (
  0 => 'article_all',
) ]
[ info ] [ LOG ] INIT File
[ sql ] [ DB ] CONNECT:[ UseTime:0.002000s ] mysql:host=127.0.0.1;dbname=blog;charset=utf8
[ sql ] [ SQL ] SHOW COLUMNS FROM `article` [ RunTime:0.001000s ]
[ sql ] [ SQL ] SELECT * FROM `article` ORDER BY update_time desc [ RunTime:0.001000s ]
---------------------------------------------------------------
[ 2017-12-24T18:52:46+08:00 ] 127.0.0.1 GET /index.html
[ info ] weibo.net/index.html [运行时间：0.161009s][吞吐率：6.21req/s] [内存消耗：2,764.98kb] [文件加载：71]
[ info ] [ LANG ] D:\wamp\www\blog\thinkphp/lang/zh-cn.php
[ info ] [ ROUTE ] array (
)
[ info ] [ HEADER ] array (
  'host' => 'weibo.net',
  'connection' => 'keep-alive',
  'upgrade-insecure-requests' => '1',
  'user-agent' => 'Mozilla/5.0 (Windows NT 6.1; WOW64) AppleWebKit/537.36 (KHTML, like Gecko) Chrome/63.0.3239.108 Safari/537.36',
  'accept' => 'text/html,application/xhtml+xml,application/xml;q=0.9,image/webp,image/apng,*/*;q=0.8',
  'referer' => 'http://weibo.net/article.html',
  'accept-encoding' => 'gzip, deflate',
  'accept-language' => 'zh-CN,zh;q=0.9',
)
[ info ] [ PARAM ] array (
)
[ info ] [ DB ] INIT mysql
[ info ] [ VIEW ] D:\wamp\www\blog/application/index/view\index\index.html [ array (
  0 => 'result',
) ]
[ info ] [ LOG ] INIT File
[ sql ] [ DB ] CONNECT:[ UseTime:0.002000s ] mysql:host=127.0.0.1;dbname=blog;charset=utf8
[ sql ] [ SQL ] SHOW COLUMNS FROM `article` [ RunTime:0.002000s ]
[ sql ] [ SQL ] SELECT * FROM `article` ORDER BY update_time desc [ RunTime:0.001000s ]
---------------------------------------------------------------
[ 2017-12-24T18:52:48+08:00 ] 127.0.0.1 GET /article.html
[ info ] weibo.net/article.html [运行时间：0.082004s][吞吐率：12.19req/s] [内存消耗：2,730.99kb] [文件加载：70]
[ info ] [ LANG ] D:\wamp\www\blog\thinkphp/lang/zh-cn.php
[ info ] [ ROUTE ] array (
  'rule' => 'article',
  'route' => 'index/Articles/index',
  'option' => 
  array (
  ),
  'var' => 
  array (
  ),
)
[ info ] [ HEADER ] array (
  'host' => 'weibo.net',
  'connection' => 'keep-alive',
  'upgrade-insecure-requests' => '1',
  'user-agent' => 'Mozilla/5.0 (Windows NT 6.1; WOW64) AppleWebKit/537.36 (KHTML, like Gecko) Chrome/63.0.3239.108 Safari/537.36',
  'accept' => 'text/html,application/xhtml+xml,application/xml;q=0.9,image/webp,image/apng,*/*;q=0.8',
  'referer' => 'http://weibo.net/index.html',
  'accept-encoding' => 'gzip, deflate',
  'accept-language' => 'zh-CN,zh;q=0.9',
)
[ info ] [ PARAM ] array (
)
[ info ] [ DB ] INIT mysql
[ info ] [ VIEW ] D:\wamp\www\blog/application/index/view\index\article.html [ array (
  0 => 'article_all',
) ]
[ info ] [ LOG ] INIT File
[ sql ] [ DB ] CONNECT:[ UseTime:0.002000s ] mysql:host=127.0.0.1;dbname=blog;charset=utf8
[ sql ] [ SQL ] SHOW COLUMNS FROM `article` [ RunTime:0.002000s ]
[ sql ] [ SQL ] SELECT * FROM `article` ORDER BY update_time desc [ RunTime:0.003000s ]
---------------------------------------------------------------
[ 2017-12-24T18:54:15+08:00 ] 127.0.0.1 GET /article.html
[ info ] weibo.net/article.html [运行时间：0.064004s][吞吐率：15.62req/s] [内存消耗：1,652.83kb] [文件加载：62]
[ info ] [ LANG ] D:\wamp\www\blog\thinkphp/lang/zh-cn.php
[ info ] [ ROUTE ] array (
  'rule' => 'article',
  'route' => 'index/Articles/index',
  'option' => 
  array (
  ),
  'var' => 
  array (
  ),
)
[ info ] [ HEADER ] array (
  'host' => 'weibo.net',
  'connection' => 'keep-alive',
  'cache-control' => 'max-age=0',
  'upgrade-insecure-requests' => '1',
  'user-agent' => 'Mozilla/5.0 (Windows NT 6.1; WOW64) AppleWebKit/537.36 (KHTML, like Gecko) Chrome/63.0.3239.108 Safari/537.36',
  'accept' => 'text/html,application/xhtml+xml,application/xml;q=0.9,image/webp,image/apng,*/*;q=0.8',
  'referer' => 'http://weibo.net/index.html',
  'accept-encoding' => 'gzip, deflate',
  'accept-language' => 'zh-CN,zh;q=0.9',
)
[ info ] [ PARAM ] array (
)
[ info ] [ LOG ] INIT File
[ error ] [8]未定义变量: _SESSION[D:\wamp\www\blog\application\index\controller\Articles.php:20]
---------------------------------------------------------------
[ 2017-12-24T18:54:22+08:00 ] 127.0.0.1 GET /article.html
[ info ] weibo.net/article.html [运行时间：0.066603s][吞吐率：15.01req/s] [内存消耗：1,652.83kb] [文件加载：62]
[ info ] [ LANG ] D:\wamp\www\blog\thinkphp/lang/zh-cn.php
[ info ] [ ROUTE ] array (
  'rule' => 'article',
  'route' => 'index/Articles/index',
  'option' => 
  array (
  ),
  'var' => 
  array (
  ),
)
[ info ] [ HEADER ] array (
  'host' => 'weibo.net',
  'connection' => 'keep-alive',
  'cache-control' => 'max-age=0',
  'user-agent' => 'Mozilla/5.0 (Windows NT 6.1; WOW64) AppleWebKit/537.36 (KHTML, like Gecko) Chrome/63.0.3239.108 Safari/537.36',
  'upgrade-insecure-requests' => '1',
  'accept' => 'text/html,application/xhtml+xml,application/xml;q=0.9,image/webp,image/apng,*/*;q=0.8',
  'referer' => 'http://weibo.net/index.html',
  'accept-encoding' => 'gzip, deflate',
  'accept-language' => 'zh-CN,zh;q=0.9',
)
[ info ] [ PARAM ] array (
)
[ info ] [ LOG ] INIT File
[ error ] [8]未定义变量: SESSION[D:\wamp\www\blog\application\index\controller\Articles.php:20]
---------------------------------------------------------------
[ 2017-12-24T18:57:32+08:00 ] 127.0.0.1 GET /article.html
[ info ] weibo.net/article.html [运行时间：0.059004s][吞吐率：16.95req/s] [内存消耗：1,602.16kb] [文件加载：57]
[ info ] [ LANG ] D:\wamp\www\blog\thinkphp/lang/zh-cn.php
[ info ] [ ROUTE ] array (
  'rule' => 'article',
  'route' => 'index/Articles/index',
  'option' => 
  array (
  ),
  'var' => 
  array (
  ),
)
[ info ] [ HEADER ] array (
  'host' => 'weibo.net',
  'connection' => 'keep-alive',
  'cache-control' => 'max-age=0',
  'user-agent' => 'Mozilla/5.0 (Windows NT 6.1; WOW64) AppleWebKit/537.36 (KHTML, like Gecko) Chrome/63.0.3239.108 Safari/537.36',
  'upgrade-insecure-requests' => '1',
  'accept' => 'text/html,application/xhtml+xml,application/xml;q=0.9,image/webp,image/apng,*/*;q=0.8',
  'referer' => 'http://weibo.net/index.html',
  'accept-encoding' => 'gzip, deflate',
  'accept-language' => 'zh-CN,zh;q=0.9',
)
[ info ] [ PARAM ] array (
)
[ info ] [ LOG ] INIT File
---------------------------------------------------------------
[ 2017-12-24T18:57:32+08:00 ] 127.0.0.1 GET /article.html
[ info ] weibo.net/article.html [运行时间：0.056003s][吞吐率：17.86req/s] [内存消耗：1,602.16kb] [文件加载：57]
[ info ] [ LANG ] D:\wamp\www\blog\thinkphp/lang/zh-cn.php
[ info ] [ ROUTE ] array (
  'rule' => 'article',
  'route' => 'index/Articles/index',
  'option' => 
  array (
  ),
  'var' => 
  array (
  ),
)
[ info ] [ HEADER ] array (
  'host' => 'weibo.net',
  'connection' => 'keep-alive',
  'cache-control' => 'max-age=0',
  'user-agent' => 'Mozilla/5.0 (Windows NT 6.1; WOW64) AppleWebKit/537.36 (KHTML, like Gecko) Chrome/63.0.3239.108 Safari/537.36',
  'upgrade-insecure-requests' => '1',
  'accept' => 'text/html,application/xhtml+xml,application/xml;q=0.9,image/webp,image/apng,*/*;q=0.8',
  'referer' => 'http://weibo.net/index.html',
  'accept-encoding' => 'gzip, deflate',
  'accept-language' => 'zh-CN,zh;q=0.9',
)
[ info ] [ PARAM ] array (
)
[ info ] [ LOG ] INIT File
---------------------------------------------------------------
[ 2017-12-24T18:57:32+08:00 ] 127.0.0.1 GET /article.html
[ info ] weibo.net/article.html [运行时间：0.060003s][吞吐率：16.67req/s] [内存消耗：1,602.16kb] [文件加载：57]
[ info ] [ LANG ] D:\wamp\www\blog\thinkphp/lang/zh-cn.php
[ info ] [ ROUTE ] array (
  'rule' => 'article',
  'route' => 'index/Articles/index',
  'option' => 
  array (
  ),
  'var' => 
  array (
  ),
)
[ info ] [ HEADER ] array (
  'host' => 'weibo.net',
  'connection' => 'keep-alive',
  'cache-control' => 'max-age=0',
  'user-agent' => 'Mozilla/5.0 (Windows NT 6.1; WOW64) AppleWebKit/537.36 (KHTML, like Gecko) Chrome/63.0.3239.108 Safari/537.36',
  'upgrade-insecure-requests' => '1',
  'accept' => 'text/html,application/xhtml+xml,application/xml;q=0.9,image/webp,image/apng,*/*;q=0.8',
  'referer' => 'http://weibo.net/index.html',
  'accept-encoding' => 'gzip, deflate',
  'accept-language' => 'zh-CN,zh;q=0.9',
)
[ info ] [ PARAM ] array (
)
[ info ] [ LOG ] INIT File
---------------------------------------------------------------
[ 2017-12-24T18:59:22+08:00 ] 127.0.0.1 GET /
[ info ] weibo.net/ [运行时间：0.118007s][吞吐率：8.47req/s] [内存消耗：2,764.58kb] [文件加载：71]
[ info ] [ LANG ] D:\wamp\www\blog\thinkphp/lang/zh-cn.php
[ info ] [ ROUTE ] array (
)
[ info ] [ HEADER ] array (
  'host' => 'weibo.net',
  'connection' => 'keep-alive',
  'user-agent' => 'Mozilla/5.0 (Windows NT 6.1; WOW64) AppleWebKit/537.36 (KHTML, like Gecko) Chrome/63.0.3239.108 Safari/537.36',
  'upgrade-insecure-requests' => '1',
  'accept' => 'text/html,application/xhtml+xml,application/xml;q=0.9,image/webp,image/apng,*/*;q=0.8',
  'accept-encoding' => 'gzip, deflate',
  'accept-language' => 'zh-CN,zh;q=0.9',
)
[ info ] [ PARAM ] array (
)
[ info ] [ DB ] INIT mysql
[ info ] [ VIEW ] D:\wamp\www\blog/application/index/view\index\index.html [ array (
  0 => 'result',
) ]
[ info ] [ LOG ] INIT File
[ sql ] [ DB ] CONNECT:[ UseTime:0.013001s ] mysql:host=127.0.0.1;dbname=blog;charset=utf8
[ sql ] [ SQL ] SHOW COLUMNS FROM `article` [ RunTime:0.008000s ]
[ sql ] [ SQL ] SELECT * FROM `article` ORDER BY update_time desc [ RunTime:0.001000s ]
---------------------------------------------------------------
[ 2017-12-24T18:59:24+08:00 ] 127.0.0.1 GET /article.html
[ info ] weibo.net/article.html [运行时间：0.104006s][吞吐率：9.61req/s] [内存消耗：1,032.45kb] [文件加载：47]
[ info ] [ LANG ] D:\wamp\www\blog\thinkphp/lang/zh-cn.php
[ info ] [ ROUTE ] array (
  'rule' => 'article',
  'route' => 'index/Articles/index',
  'option' => 
  array (
  ),
  'var' => 
  array (
  ),
)
[ info ] [ HEADER ] array (
  'host' => 'weibo.net',
  'connection' => 'keep-alive',
  'upgrade-insecure-requests' => '1',
  'user-agent' => 'Mozilla/5.0 (Windows NT 6.1; WOW64) AppleWebKit/537.36 (KHTML, like Gecko) Chrome/63.0.3239.108 Safari/537.36',
  'accept' => 'text/html,application/xhtml+xml,application/xml;q=0.9,image/webp,image/apng,*/*;q=0.8',
  'referer' => 'http://weibo.net/',
  'accept-encoding' => 'gzip, deflate',
  'accept-language' => 'zh-CN,zh;q=0.9',
)
[ info ] [ PARAM ] array (
)
[ info ] [ LOG ] INIT File
[ error ] [0]语法解析错误: syntax error, unexpected 'session' (T_STRING), expecting ',' or ')'[D:\wamp\www\blog\application\index\controller\Articles.php:21]
---------------------------------------------------------------
[ 2017-12-24T18:59:47+08:00 ] 127.0.0.1 GET /article.html
[ info ] weibo.net/article.html [运行时间：0.045002s][吞吐率：22.22req/s] [内存消耗：1,032.80kb] [文件加载：47]
[ info ] [ LANG ] D:\wamp\www\blog\thinkphp/lang/zh-cn.php
[ info ] [ ROUTE ] array (
  'rule' => 'article',
  'route' => 'index/Articles/index',
  'option' => 
  array (
  ),
  'var' => 
  array (
  ),
)
[ info ] [ HEADER ] array (
  'host' => 'weibo.net',
  'connection' => 'keep-alive',
  'cache-control' => 'max-age=0',
  'user-agent' => 'Mozilla/5.0 (Windows NT 6.1; WOW64) AppleWebKit/537.36 (KHTML, like Gecko) Chrome/63.0.3239.108 Safari/537.36',
  'upgrade-insecure-requests' => '1',
  'accept' => 'text/html,application/xhtml+xml,application/xml;q=0.9,image/webp,image/apng,*/*;q=0.8',
  'referer' => 'http://weibo.net/',
  'accept-encoding' => 'gzip, deflate',
  'accept-language' => 'zh-CN,zh;q=0.9',
)
[ info ] [ PARAM ] array (
)
[ info ] [ LOG ] INIT File
[ error ] [0]语法解析错误: syntax error, unexpected end of file[D:\wamp\www\blog\application\index\controller\Articles.php:37]
---------------------------------------------------------------
[ 2017-12-24T18:59:47+08:00 ] 127.0.0.1 GET /article.html
[ info ] weibo.net/article.html [运行时间：0.045002s][吞吐率：22.22req/s] [内存消耗：1,032.80kb] [文件加载：47]
[ info ] [ LANG ] D:\wamp\www\blog\thinkphp/lang/zh-cn.php
[ info ] [ ROUTE ] array (
  'rule' => 'article',
  'route' => 'index/Articles/index',
  'option' => 
  array (
  ),
  'var' => 
  array (
  ),
)
[ info ] [ HEADER ] array (
  'host' => 'weibo.net',
  'connection' => 'keep-alive',
  'cache-control' => 'max-age=0',
  'user-agent' => 'Mozilla/5.0 (Windows NT 6.1; WOW64) AppleWebKit/537.36 (KHTML, like Gecko) Chrome/63.0.3239.108 Safari/537.36',
  'upgrade-insecure-requests' => '1',
  'accept' => 'text/html,application/xhtml+xml,application/xml;q=0.9,image/webp,image/apng,*/*;q=0.8',
  'referer' => 'http://weibo.net/',
  'accept-encoding' => 'gzip, deflate',
  'accept-language' => 'zh-CN,zh;q=0.9',
)
[ info ] [ PARAM ] array (
)
[ info ] [ LOG ] INIT File
[ error ] [0]语法解析错误: syntax error, unexpected end of file[D:\wamp\www\blog\application\index\controller\Articles.php:37]
---------------------------------------------------------------
[ 2017-12-24T19:00:13+08:00 ] 127.0.0.1 GET /article.html
[ info ] weibo.net/article.html [运行时间：0.083004s][吞吐率：12.05req/s] [内存消耗：2,731.39kb] [文件加载：70]
[ info ] [ LANG ] D:\wamp\www\blog\thinkphp/lang/zh-cn.php
[ info ] [ ROUTE ] array (
  'rule' => 'article',
  'route' => 'index/Articles/index',
  'option' => 
  array (
  ),
  'var' => 
  array (
  ),
)
[ info ] [ HEADER ] array (
  'host' => 'weibo.net',
  'connection' => 'keep-alive',
  'cache-control' => 'max-age=0',
  'user-agent' => 'Mozilla/5.0 (Windows NT 6.1; WOW64) AppleWebKit/537.36 (KHTML, like Gecko) Chrome/63.0.3239.108 Safari/537.36',
  'upgrade-insecure-requests' => '1',
  'accept' => 'text/html,application/xhtml+xml,application/xml;q=0.9,image/webp,image/apng,*/*;q=0.8',
  'referer' => 'http://weibo.net/',
  'accept-encoding' => 'gzip, deflate',
  'accept-language' => 'zh-CN,zh;q=0.9',
)
[ info ] [ PARAM ] array (
)
[ info ] [ DB ] INIT mysql
[ info ] [ VIEW ] D:\wamp\www\blog/application/index/view\index\article.html [ array (
  0 => 'article_all',
) ]
[ info ] [ LOG ] INIT File
[ sql ] [ DB ] CONNECT:[ UseTime:0.002000s ] mysql:host=127.0.0.1;dbname=blog;charset=utf8
[ sql ] [ SQL ] SHOW COLUMNS FROM `article` [ RunTime:0.002000s ]
[ sql ] [ SQL ] SELECT * FROM `article` ORDER BY update_time desc [ RunTime:0.001001s ]
---------------------------------------------------------------
[ 2017-12-24T19:02:42+08:00 ] 127.0.0.1 GET /article.html
[ info ] weibo.net/article.html [运行时间：4.098234s][吞吐率：0.24req/s] [内存消耗：2,883.21kb] [文件加载：73]
[ info ] [ LANG ] D:\wamp\www\blog\thinkphp/lang/zh-cn.php
[ info ] [ ROUTE ] array (
  'rule' => 'article',
  'route' => 'index/Articles/index',
  'option' => 
  array (
  ),
  'var' => 
  array (
  ),
)
[ info ] [ HEADER ] array (
  'host' => 'weibo.net',
  'connection' => 'keep-alive',
  'cache-control' => 'max-age=0',
  'user-agent' => 'Mozilla/5.0 (Windows NT 6.1; WOW64) AppleWebKit/537.36 (KHTML, like Gecko) Chrome/63.0.3239.108 Safari/537.36',
  'upgrade-insecure-requests' => '1',
  'accept' => 'text/html,application/xhtml+xml,application/xml;q=0.9,image/webp,image/apng,*/*;q=0.8',
  'referer' => 'http://weibo.net/',
  'accept-encoding' => 'gzip, deflate',
  'accept-language' => 'zh-CN,zh;q=0.9',
)
[ info ] [ PARAM ] array (
)
[ info ] [ DB ] INIT mysql
[ info ] [ VIEW ] D:\wamp\www\blog/application/index/view\index\article.html [ array (
  0 => 'article_all',
) ]
[ info ] [ LOG ] INIT File
[ sql ] [ DB ] CONNECT:[ UseTime:0.011000s ] mysql:host=127.0.0.1;dbname=blog;charset=utf8
[ sql ] [ SQL ] SHOW COLUMNS FROM `article` [ RunTime:0.005000s ]
[ sql ] [ SQL ] SELECT * FROM `article` ORDER BY update_time desc [ RunTime:0.002000s ]
[ error ] [0]语法解析错误: syntax error, unexpected '=', expecting ')'[D:\wamp\www\blog\runtime\temp\fcac206fee8913779561a3e2b99d7e62.php:72]
---------------------------------------------------------------
[ 2017-12-24T19:02:52+08:00 ] 127.0.0.1 GET /article.html
[ info ] weibo.net/article.html [运行时间：0.137008s][吞吐率：7.30req/s] [内存消耗：2,883.21kb] [文件加载：73]
[ info ] [ LANG ] D:\wamp\www\blog\thinkphp/lang/zh-cn.php
[ info ] [ ROUTE ] array (
  'rule' => 'article',
  'route' => 'index/Articles/index',
  'option' => 
  array (
  ),
  'var' => 
  array (
  ),
)
[ info ] [ HEADER ] array (
  'host' => 'weibo.net',
  'connection' => 'keep-alive',
  'cache-control' => 'max-age=0',
  'user-agent' => 'Mozilla/5.0 (Windows NT 6.1; WOW64) AppleWebKit/537.36 (KHTML, like Gecko) Chrome/63.0.3239.108 Safari/537.36',
  'upgrade-insecure-requests' => '1',
  'accept' => 'text/html,application/xhtml+xml,application/xml;q=0.9,image/webp,image/apng,*/*;q=0.8',
  'referer' => 'http://weibo.net/',
  'accept-encoding' => 'gzip, deflate',
  'accept-language' => 'zh-CN,zh;q=0.9',
)
[ info ] [ PARAM ] array (
)
[ info ] [ DB ] INIT mysql
[ info ] [ VIEW ] D:\wamp\www\blog/application/index/view\index\article.html [ array (
  0 => 'article_all',
) ]
[ info ] [ LOG ] INIT File
[ sql ] [ DB ] CONNECT:[ UseTime:0.007000s ] mysql:host=127.0.0.1;dbname=blog;charset=utf8
[ sql ] [ SQL ] SHOW COLUMNS FROM `article` [ RunTime:0.004001s ]
[ sql ] [ SQL ] SELECT * FROM `article` ORDER BY update_time desc [ RunTime:0.002000s ]
[ error ] [0]语法解析错误: syntax error, unexpected '=', expecting ')'[D:\wamp\www\blog\runtime\temp\fcac206fee8913779561a3e2b99d7e62.php:72]
---------------------------------------------------------------
[ 2017-12-24T19:04:51+08:00 ] 127.0.0.1 GET /article.html
[ info ] weibo.net/article.html [运行时间：0.053003s][吞吐率：18.87req/s] [内存消耗：1,602.11kb] [文件加载：57]
[ info ] [ LANG ] D:\wamp\www\blog\thinkphp/lang/zh-cn.php
[ info ] [ ROUTE ] array (
  'rule' => 'article',
  'route' => 'index/Articles/index',
  'option' => 
  array (
  ),
  'var' => 
  array (
  ),
)
[ info ] [ HEADER ] array (
  'host' => 'weibo.net',
  'connection' => 'keep-alive',
  'cache-control' => 'max-age=0',
  'user-agent' => 'Mozilla/5.0 (Windows NT 6.1; WOW64) AppleWebKit/537.36 (KHTML, like Gecko) Chrome/63.0.3239.108 Safari/537.36',
  'upgrade-insecure-requests' => '1',
  'accept' => 'text/html,application/xhtml+xml,application/xml;q=0.9,image/webp,image/apng,*/*;q=0.8',
  'referer' => 'http://weibo.net/',
  'accept-encoding' => 'gzip, deflate',
  'accept-language' => 'zh-CN,zh;q=0.9',
)
[ info ] [ PARAM ] array (
)
[ info ] [ LOG ] INIT File
---------------------------------------------------------------
[ 2017-12-24T19:04:52+08:00 ] 127.0.0.1 GET /article.html
[ info ] weibo.net/article.html [运行时间：0.057003s][吞吐率：17.54req/s] [内存消耗：1,602.11kb] [文件加载：57]
[ info ] [ LANG ] D:\wamp\www\blog\thinkphp/lang/zh-cn.php
[ info ] [ ROUTE ] array (
  'rule' => 'article',
  'route' => 'index/Articles/index',
  'option' => 
  array (
  ),
  'var' => 
  array (
  ),
)
[ info ] [ HEADER ] array (
  'host' => 'weibo.net',
  'connection' => 'keep-alive',
  'cache-control' => 'max-age=0',
  'user-agent' => 'Mozilla/5.0 (Windows NT 6.1; WOW64) AppleWebKit/537.36 (KHTML, like Gecko) Chrome/63.0.3239.108 Safari/537.36',
  'upgrade-insecure-requests' => '1',
  'accept' => 'text/html,application/xhtml+xml,application/xml;q=0.9,image/webp,image/apng,*/*;q=0.8',
  'referer' => 'http://weibo.net/',
  'accept-encoding' => 'gzip, deflate',
  'accept-language' => 'zh-CN,zh;q=0.9',
)
[ info ] [ PARAM ] array (
)
[ info ] [ LOG ] INIT File
---------------------------------------------------------------
[ 2017-12-24T19:04:52+08:00 ] 127.0.0.1 GET /article.html
[ info ] weibo.net/article.html [运行时间：0.054003s][吞吐率：18.52req/s] [内存消耗：1,602.11kb] [文件加载：57]
[ info ] [ LANG ] D:\wamp\www\blog\thinkphp/lang/zh-cn.php
[ info ] [ ROUTE ] array (
  'rule' => 'article',
  'route' => 'index/Articles/index',
  'option' => 
  array (
  ),
  'var' => 
  array (
  ),
)
[ info ] [ HEADER ] array (
  'host' => 'weibo.net',
  'connection' => 'keep-alive',
  'cache-control' => 'max-age=0',
  'user-agent' => 'Mozilla/5.0 (Windows NT 6.1; WOW64) AppleWebKit/537.36 (KHTML, like Gecko) Chrome/63.0.3239.108 Safari/537.36',
  'upgrade-insecure-requests' => '1',
  'accept' => 'text/html,application/xhtml+xml,application/xml;q=0.9,image/webp,image/apng,*/*;q=0.8',
  'referer' => 'http://weibo.net/',
  'accept-encoding' => 'gzip, deflate',
  'accept-language' => 'zh-CN,zh;q=0.9',
)
[ info ] [ PARAM ] array (
)
[ info ] [ LOG ] INIT File
---------------------------------------------------------------
[ 2017-12-24T19:04:52+08:00 ] 127.0.0.1 GET /article.html
[ info ] weibo.net/article.html [运行时间：0.050003s][吞吐率：20.00req/s] [内存消耗：1,602.11kb] [文件加载：57]
[ info ] [ LANG ] D:\wamp\www\blog\thinkphp/lang/zh-cn.php
[ info ] [ ROUTE ] array (
  'rule' => 'article',
  'route' => 'index/Articles/index',
  'option' => 
  array (
  ),
  'var' => 
  array (
  ),
)
[ info ] [ HEADER ] array (
  'host' => 'weibo.net',
  'connection' => 'keep-alive',
  'cache-control' => 'max-age=0',
  'user-agent' => 'Mozilla/5.0 (Windows NT 6.1; WOW64) AppleWebKit/537.36 (KHTML, like Gecko) Chrome/63.0.3239.108 Safari/537.36',
  'upgrade-insecure-requests' => '1',
  'accept' => 'text/html,application/xhtml+xml,application/xml;q=0.9,image/webp,image/apng,*/*;q=0.8',
  'referer' => 'http://weibo.net/',
  'accept-encoding' => 'gzip, deflate',
  'accept-language' => 'zh-CN,zh;q=0.9',
)
[ info ] [ PARAM ] array (
)
[ info ] [ LOG ] INIT File
---------------------------------------------------------------
[ 2017-12-24T19:04:52+08:00 ] 127.0.0.1 GET /article.html
[ info ] weibo.net/article.html [运行时间：0.049003s][吞吐率：20.41req/s] [内存消耗：1,602.11kb] [文件加载：57]
[ info ] [ LANG ] D:\wamp\www\blog\thinkphp/lang/zh-cn.php
[ info ] [ ROUTE ] array (
  'rule' => 'article',
  'route' => 'index/Articles/index',
  'option' => 
  array (
  ),
  'var' => 
  array (
  ),
)
[ info ] [ HEADER ] array (
  'host' => 'weibo.net',
  'connection' => 'keep-alive',
  'cache-control' => 'max-age=0',
  'user-agent' => 'Mozilla/5.0 (Windows NT 6.1; WOW64) AppleWebKit/537.36 (KHTML, like Gecko) Chrome/63.0.3239.108 Safari/537.36',
  'upgrade-insecure-requests' => '1',
  'accept' => 'text/html,application/xhtml+xml,application/xml;q=0.9,image/webp,image/apng,*/*;q=0.8',
  'referer' => 'http://weibo.net/',
  'accept-encoding' => 'gzip, deflate',
  'accept-language' => 'zh-CN,zh;q=0.9',
)
[ info ] [ PARAM ] array (
)
[ info ] [ LOG ] INIT File
---------------------------------------------------------------
[ 2017-12-24T19:04:56+08:00 ] 127.0.0.1 GET /article.html
[ info ] weibo.net/article.html [运行时间：0.053003s][吞吐率：18.87req/s] [内存消耗：1,602.11kb] [文件加载：57]
[ info ] [ LANG ] D:\wamp\www\blog\thinkphp/lang/zh-cn.php
[ info ] [ ROUTE ] array (
  'rule' => 'article',
  'route' => 'index/Articles/index',
  'option' => 
  array (
  ),
  'var' => 
  array (
  ),
)
[ info ] [ HEADER ] array (
  'host' => 'weibo.net',
  'connection' => 'keep-alive',
  'cache-control' => 'max-age=0',
  'upgrade-insecure-requests' => '1',
  'user-agent' => 'Mozilla/5.0 (Windows NT 6.1; WOW64) AppleWebKit/537.36 (KHTML, like Gecko) Chrome/63.0.3239.108 Safari/537.36',
  'accept' => 'text/html,application/xhtml+xml,application/xml;q=0.9,image/webp,image/apng,*/*;q=0.8',
  'referer' => 'http://weibo.net/',
  'accept-encoding' => 'gzip, deflate',
  'accept-language' => 'zh-CN,zh;q=0.9',
)
[ info ] [ PARAM ] array (
)
[ info ] [ LOG ] INIT File
---------------------------------------------------------------
[ 2017-12-24T19:05:00+08:00 ] 127.0.0.1 GET /article.html
[ info ] weibo.net/article.html [运行时间：0.053003s][吞吐率：18.87req/s] [内存消耗：1,602.11kb] [文件加载：57]
[ info ] [ LANG ] D:\wamp\www\blog\thinkphp/lang/zh-cn.php
[ info ] [ ROUTE ] array (
  'rule' => 'article',
  'route' => 'index/Articles/index',
  'option' => 
  array (
  ),
  'var' => 
  array (
  ),
)
[ info ] [ HEADER ] array (
  'host' => 'weibo.net',
  'connection' => 'keep-alive',
  'cache-control' => 'max-age=0',
  'upgrade-insecure-requests' => '1',
  'user-agent' => 'Mozilla/5.0 (Windows NT 6.1; WOW64) AppleWebKit/537.36 (KHTML, like Gecko) Chrome/63.0.3239.108 Safari/537.36',
  'accept' => 'text/html,application/xhtml+xml,application/xml;q=0.9,image/webp,image/apng,*/*;q=0.8',
  'referer' => 'http://weibo.net/',
  'accept-encoding' => 'gzip, deflate',
  'accept-language' => 'zh-CN,zh;q=0.9',
)
[ info ] [ PARAM ] array (
)
[ info ] [ LOG ] INIT File
---------------------------------------------------------------
[ 2017-12-24T19:05:04+08:00 ] 127.0.0.1 GET /index.html
[ info ] weibo.net/index.html [运行时间：0.965055s][吞吐率：1.04req/s] [内存消耗：2,764.98kb] [文件加载：71]
[ info ] [ LANG ] D:\wamp\www\blog\thinkphp/lang/zh-cn.php
[ info ] [ ROUTE ] array (
)
[ info ] [ HEADER ] array (
  'host' => 'weibo.net',
  'connection' => 'keep-alive',
  'upgrade-insecure-requests' => '1',
  'user-agent' => 'Mozilla/5.0 (Windows NT 6.1; WOW64) AppleWebKit/537.36 (KHTML, like Gecko) Chrome/63.0.3239.108 Safari/537.36',
  'accept' => 'text/html,application/xhtml+xml,application/xml;q=0.9,image/webp,image/apng,*/*;q=0.8',
  'referer' => 'http://weibo.net/',
  'accept-encoding' => 'gzip, deflate',
  'accept-language' => 'zh-CN,zh;q=0.9',
)
[ info ] [ PARAM ] array (
)
[ info ] [ DB ] INIT mysql
[ info ] [ VIEW ] D:\wamp\www\blog/application/index/view\index\index.html [ array (
  0 => 'result',
) ]
[ info ] [ LOG ] INIT File
[ sql ] [ DB ] CONNECT:[ UseTime:0.367021s ] mysql:host=127.0.0.1;dbname=blog;charset=utf8
[ sql ] [ SQL ] SHOW COLUMNS FROM `article` [ RunTime:0.135007s ]
[ sql ] [ SQL ] SELECT * FROM `article` ORDER BY update_time desc [ RunTime:0.002001s ]
---------------------------------------------------------------
[ 2017-12-24T19:05:06+08:00 ] 127.0.0.1 GET /article.html
[ info ] weibo.net/article.html [运行时间：0.049003s][吞吐率：20.41req/s] [内存消耗：1,601.71kb] [文件加载：57]
[ info ] [ LANG ] D:\wamp\www\blog\thinkphp/lang/zh-cn.php
[ info ] [ ROUTE ] array (
  'rule' => 'article',
  'route' => 'index/Articles/index',
  'option' => 
  array (
  ),
  'var' => 
  array (
  ),
)
[ info ] [ HEADER ] array (
  'host' => 'weibo.net',
  'connection' => 'keep-alive',
  'upgrade-insecure-requests' => '1',
  'user-agent' => 'Mozilla/5.0 (Windows NT 6.1; WOW64) AppleWebKit/537.36 (KHTML, like Gecko) Chrome/63.0.3239.108 Safari/537.36',
  'accept' => 'text/html,application/xhtml+xml,application/xml;q=0.9,image/webp,image/apng,*/*;q=0.8',
  'referer' => 'http://weibo.net/index.html',
  'accept-encoding' => 'gzip, deflate',
  'accept-language' => 'zh-CN,zh;q=0.9',
)
[ info ] [ PARAM ] array (
)
[ info ] [ LOG ] INIT File
---------------------------------------------------------------
[ 2017-12-24T19:05:55+08:00 ] 127.0.0.1 GET /article.html
[ info ] weibo.net/article.html [运行时间：0.076005s][吞吐率：13.16req/s] [内存消耗：1,602.13kb] [文件加载：57]
[ info ] [ LANG ] D:\wamp\www\blog\thinkphp/lang/zh-cn.php
[ info ] [ ROUTE ] array (
  'rule' => 'article',
  'route' => 'index/Articles/index',
  'option' => 
  array (
  ),
  'var' => 
  array (
  ),
)
[ info ] [ HEADER ] array (
  'host' => 'weibo.net',
  'connection' => 'keep-alive',
  'cache-control' => 'max-age=0',
  'upgrade-insecure-requests' => '1',
  'user-agent' => 'Mozilla/5.0 (Windows NT 6.1; WOW64) AppleWebKit/537.36 (KHTML, like Gecko) Chrome/63.0.3239.108 Safari/537.36',
  'accept' => 'text/html,application/xhtml+xml,application/xml;q=0.9,image/webp,image/apng,*/*;q=0.8',
  'referer' => 'http://weibo.net/index.html',
  'accept-encoding' => 'gzip, deflate',
  'accept-language' => 'zh-CN,zh;q=0.9',
)
[ info ] [ PARAM ] array (
)
[ info ] [ LOG ] INIT File
---------------------------------------------------------------
[ 2017-12-24T19:05:55+08:00 ] 127.0.0.1 GET /article.html
[ info ] weibo.net/article.html [运行时间：0.050003s][吞吐率：20.00req/s] [内存消耗：1,602.13kb] [文件加载：57]
[ info ] [ LANG ] D:\wamp\www\blog\thinkphp/lang/zh-cn.php
[ info ] [ ROUTE ] array (
  'rule' => 'article',
  'route' => 'index/Articles/index',
  'option' => 
  array (
  ),
  'var' => 
  array (
  ),
)
[ info ] [ HEADER ] array (
  'host' => 'weibo.net',
  'connection' => 'keep-alive',
  'cache-control' => 'max-age=0',
  'upgrade-insecure-requests' => '1',
  'user-agent' => 'Mozilla/5.0 (Windows NT 6.1; WOW64) AppleWebKit/537.36 (KHTML, like Gecko) Chrome/63.0.3239.108 Safari/537.36',
  'accept' => 'text/html,application/xhtml+xml,application/xml;q=0.9,image/webp,image/apng,*/*;q=0.8',
  'referer' => 'http://weibo.net/index.html',
  'accept-encoding' => 'gzip, deflate',
  'accept-language' => 'zh-CN,zh;q=0.9',
)
[ info ] [ PARAM ] array (
)
[ info ] [ LOG ] INIT File
---------------------------------------------------------------
[ 2017-12-24T19:05:56+08:00 ] 127.0.0.1 GET /article.html
[ info ] weibo.net/article.html [运行时间：0.059602s][吞吐率：16.78req/s] [内存消耗：1,602.13kb] [文件加载：57]
[ info ] [ LANG ] D:\wamp\www\blog\thinkphp/lang/zh-cn.php
[ info ] [ ROUTE ] array (
  'rule' => 'article',
  'route' => 'index/Articles/index',
  'option' => 
  array (
  ),
  'var' => 
  array (
  ),
)
[ info ] [ HEADER ] array (
  'host' => 'weibo.net',
  'connection' => 'keep-alive',
  'cache-control' => 'max-age=0',
  'upgrade-insecure-requests' => '1',
  'user-agent' => 'Mozilla/5.0 (Windows NT 6.1; WOW64) AppleWebKit/537.36 (KHTML, like Gecko) Chrome/63.0.3239.108 Safari/537.36',
  'accept' => 'text/html,application/xhtml+xml,application/xml;q=0.9,image/webp,image/apng,*/*;q=0.8',
  'referer' => 'http://weibo.net/index.html',
  'accept-encoding' => 'gzip, deflate',
  'accept-language' => 'zh-CN,zh;q=0.9',
)
[ info ] [ PARAM ] array (
)
[ info ] [ LOG ] INIT File
---------------------------------------------------------------
[ 2017-12-24T19:05:56+08:00 ] 127.0.0.1 GET /article.html
[ info ] weibo.net/article.html [运行时间：0.050003s][吞吐率：20.00req/s] [内存消耗：1,602.13kb] [文件加载：57]
[ info ] [ LANG ] D:\wamp\www\blog\thinkphp/lang/zh-cn.php
[ info ] [ ROUTE ] array (
  'rule' => 'article',
  'route' => 'index/Articles/index',
  'option' => 
  array (
  ),
  'var' => 
  array (
  ),
)
[ info ] [ HEADER ] array (
  'host' => 'weibo.net',
  'connection' => 'keep-alive',
  'cache-control' => 'max-age=0',
  'upgrade-insecure-requests' => '1',
  'user-agent' => 'Mozilla/5.0 (Windows NT 6.1; WOW64) AppleWebKit/537.36 (KHTML, like Gecko) Chrome/63.0.3239.108 Safari/537.36',
  'accept' => 'text/html,application/xhtml+xml,application/xml;q=0.9,image/webp,image/apng,*/*;q=0.8',
  'referer' => 'http://weibo.net/index.html',
  'accept-encoding' => 'gzip, deflate',
  'accept-language' => 'zh-CN,zh;q=0.9',
)
[ info ] [ PARAM ] array (
)
[ info ] [ LOG ] INIT File
---------------------------------------------------------------
[ 2017-12-24T19:05:56+08:00 ] 127.0.0.1 GET /article.html
[ info ] weibo.net/article.html [运行时间：0.054003s][吞吐率：18.52req/s] [内存消耗：1,602.13kb] [文件加载：57]
[ info ] [ LANG ] D:\wamp\www\blog\thinkphp/lang/zh-cn.php
[ info ] [ ROUTE ] array (
  'rule' => 'article',
  'route' => 'index/Articles/index',
  'option' => 
  array (
  ),
  'var' => 
  array (
  ),
)
[ info ] [ HEADER ] array (
  'host' => 'weibo.net',
  'connection' => 'keep-alive',
  'cache-control' => 'max-age=0',
  'upgrade-insecure-requests' => '1',
  'user-agent' => 'Mozilla/5.0 (Windows NT 6.1; WOW64) AppleWebKit/537.36 (KHTML, like Gecko) Chrome/63.0.3239.108 Safari/537.36',
  'accept' => 'text/html,application/xhtml+xml,application/xml;q=0.9,image/webp,image/apng,*/*;q=0.8',
  'referer' => 'http://weibo.net/index.html',
  'accept-encoding' => 'gzip, deflate',
  'accept-language' => 'zh-CN,zh;q=0.9',
)
[ info ] [ PARAM ] array (
)
[ info ] [ LOG ] INIT File
---------------------------------------------------------------
[ 2017-12-24T19:05:56+08:00 ] 127.0.0.1 GET /article.html
[ info ] weibo.net/article.html [运行时间：0.058003s][吞吐率：17.24req/s] [内存消耗：1,602.13kb] [文件加载：57]
[ info ] [ LANG ] D:\wamp\www\blog\thinkphp/lang/zh-cn.php
[ info ] [ ROUTE ] array (
  'rule' => 'article',
  'route' => 'index/Articles/index',
  'option' => 
  array (
  ),
  'var' => 
  array (
  ),
)
[ info ] [ HEADER ] array (
  'host' => 'weibo.net',
  'connection' => 'keep-alive',
  'cache-control' => 'max-age=0',
  'upgrade-insecure-requests' => '1',
  'user-agent' => 'Mozilla/5.0 (Windows NT 6.1; WOW64) AppleWebKit/537.36 (KHTML, like Gecko) Chrome/63.0.3239.108 Safari/537.36',
  'accept' => 'text/html,application/xhtml+xml,application/xml;q=0.9,image/webp,image/apng,*/*;q=0.8',
  'referer' => 'http://weibo.net/index.html',
  'accept-encoding' => 'gzip, deflate',
  'accept-language' => 'zh-CN,zh;q=0.9',
)
[ info ] [ PARAM ] array (
)
[ info ] [ LOG ] INIT File
---------------------------------------------------------------
[ 2017-12-24T19:07:02+08:00 ] 127.0.0.1 GET /article.html
[ info ] weibo.net/article.html [运行时间：0.084004s][吞吐率：11.90req/s] [内存消耗：1,602.13kb] [文件加载：57]
[ info ] [ LANG ] D:\wamp\www\blog\thinkphp/lang/zh-cn.php
[ info ] [ ROUTE ] array (
  'rule' => 'article',
  'route' => 'index/Articles/index',
  'option' => 
  array (
  ),
  'var' => 
  array (
  ),
)
[ info ] [ HEADER ] array (
  'host' => 'weibo.net',
  'connection' => 'keep-alive',
  'cache-control' => 'max-age=0',
  'upgrade-insecure-requests' => '1',
  'user-agent' => 'Mozilla/5.0 (Windows NT 6.1; WOW64) AppleWebKit/537.36 (KHTML, like Gecko) Chrome/63.0.3239.108 Safari/537.36',
  'accept' => 'text/html,application/xhtml+xml,application/xml;q=0.9,image/webp,image/apng,*/*;q=0.8',
  'referer' => 'http://weibo.net/index.html',
  'accept-encoding' => 'gzip, deflate',
  'accept-language' => 'zh-CN,zh;q=0.9',
)
[ info ] [ PARAM ] array (
)
[ info ] [ LOG ] INIT File
---------------------------------------------------------------
[ 2017-12-24T19:07:02+08:00 ] 127.0.0.1 GET /article.html
[ info ] weibo.net/article.html [运行时间：0.066004s][吞吐率：15.15req/s] [内存消耗：1,602.13kb] [文件加载：57]
[ info ] [ LANG ] D:\wamp\www\blog\thinkphp/lang/zh-cn.php
[ info ] [ ROUTE ] array (
  'rule' => 'article',
  'route' => 'index/Articles/index',
  'option' => 
  array (
  ),
  'var' => 
  array (
  ),
)
[ info ] [ HEADER ] array (
  'host' => 'weibo.net',
  'connection' => 'keep-alive',
  'cache-control' => 'max-age=0',
  'upgrade-insecure-requests' => '1',
  'user-agent' => 'Mozilla/5.0 (Windows NT 6.1; WOW64) AppleWebKit/537.36 (KHTML, like Gecko) Chrome/63.0.3239.108 Safari/537.36',
  'accept' => 'text/html,application/xhtml+xml,application/xml;q=0.9,image/webp,image/apng,*/*;q=0.8',
  'referer' => 'http://weibo.net/index.html',
  'accept-encoding' => 'gzip, deflate',
  'accept-language' => 'zh-CN,zh;q=0.9',
)
[ info ] [ PARAM ] array (
)
[ info ] [ LOG ] INIT File
---------------------------------------------------------------
[ 2017-12-24T19:07:03+08:00 ] 127.0.0.1 GET /article.html
[ info ] weibo.net/article.html [运行时间：0.056003s][吞吐率：17.86req/s] [内存消耗：1,602.13kb] [文件加载：57]
[ info ] [ LANG ] D:\wamp\www\blog\thinkphp/lang/zh-cn.php
[ info ] [ ROUTE ] array (
  'rule' => 'article',
  'route' => 'index/Articles/index',
  'option' => 
  array (
  ),
  'var' => 
  array (
  ),
)
[ info ] [ HEADER ] array (
  'host' => 'weibo.net',
  'connection' => 'keep-alive',
  'cache-control' => 'max-age=0',
  'upgrade-insecure-requests' => '1',
  'user-agent' => 'Mozilla/5.0 (Windows NT 6.1; WOW64) AppleWebKit/537.36 (KHTML, like Gecko) Chrome/63.0.3239.108 Safari/537.36',
  'accept' => 'text/html,application/xhtml+xml,application/xml;q=0.9,image/webp,image/apng,*/*;q=0.8',
  'referer' => 'http://weibo.net/index.html',
  'accept-encoding' => 'gzip, deflate',
  'accept-language' => 'zh-CN,zh;q=0.9',
)
[ info ] [ PARAM ] array (
)
[ info ] [ LOG ] INIT File
---------------------------------------------------------------
[ 2017-12-24T19:07:03+08:00 ] 127.0.0.1 GET /article.html
[ info ] weibo.net/article.html [运行时间：0.063004s][吞吐率：15.87req/s] [内存消耗：1,602.13kb] [文件加载：57]
[ info ] [ LANG ] D:\wamp\www\blog\thinkphp/lang/zh-cn.php
[ info ] [ ROUTE ] array (
  'rule' => 'article',
  'route' => 'index/Articles/index',
  'option' => 
  array (
  ),
  'var' => 
  array (
  ),
)
[ info ] [ HEADER ] array (
  'host' => 'weibo.net',
  'connection' => 'keep-alive',
  'cache-control' => 'max-age=0',
  'upgrade-insecure-requests' => '1',
  'user-agent' => 'Mozilla/5.0 (Windows NT 6.1; WOW64) AppleWebKit/537.36 (KHTML, like Gecko) Chrome/63.0.3239.108 Safari/537.36',
  'accept' => 'text/html,application/xhtml+xml,application/xml;q=0.9,image/webp,image/apng,*/*;q=0.8',
  'referer' => 'http://weibo.net/index.html',
  'accept-encoding' => 'gzip, deflate',
  'accept-language' => 'zh-CN,zh;q=0.9',
)
[ info ] [ PARAM ] array (
)
[ info ] [ LOG ] INIT File
---------------------------------------------------------------
[ 2017-12-24T19:07:03+08:00 ] 127.0.0.1 GET /article.html
[ info ] weibo.net/article.html [运行时间：0.075004s][吞吐率：13.33req/s] [内存消耗：1,602.13kb] [文件加载：57]
[ info ] [ LANG ] D:\wamp\www\blog\thinkphp/lang/zh-cn.php
[ info ] [ ROUTE ] array (
  'rule' => 'article',
  'route' => 'index/Articles/index',
  'option' => 
  array (
  ),
  'var' => 
  array (
  ),
)
[ info ] [ HEADER ] array (
  'host' => 'weibo.net',
  'connection' => 'keep-alive',
  'cache-control' => 'max-age=0',
  'upgrade-insecure-requests' => '1',
  'user-agent' => 'Mozilla/5.0 (Windows NT 6.1; WOW64) AppleWebKit/537.36 (KHTML, like Gecko) Chrome/63.0.3239.108 Safari/537.36',
  'accept' => 'text/html,application/xhtml+xml,application/xml;q=0.9,image/webp,image/apng,*/*;q=0.8',
  'referer' => 'http://weibo.net/index.html',
  'accept-encoding' => 'gzip, deflate',
  'accept-language' => 'zh-CN,zh;q=0.9',
)
[ info ] [ PARAM ] array (
)
[ info ] [ LOG ] INIT File
---------------------------------------------------------------
[ 2017-12-24T19:07:03+08:00 ] 127.0.0.1 GET /article.html
[ info ] weibo.net/article.html [运行时间：0.066004s][吞吐率：15.15req/s] [内存消耗：1,602.13kb] [文件加载：57]
[ info ] [ LANG ] D:\wamp\www\blog\thinkphp/lang/zh-cn.php
[ info ] [ ROUTE ] array (
  'rule' => 'article',
  'route' => 'index/Articles/index',
  'option' => 
  array (
  ),
  'var' => 
  array (
  ),
)
[ info ] [ HEADER ] array (
  'host' => 'weibo.net',
  'connection' => 'keep-alive',
  'cache-control' => 'max-age=0',
  'upgrade-insecure-requests' => '1',
  'user-agent' => 'Mozilla/5.0 (Windows NT 6.1; WOW64) AppleWebKit/537.36 (KHTML, like Gecko) Chrome/63.0.3239.108 Safari/537.36',
  'accept' => 'text/html,application/xhtml+xml,application/xml;q=0.9,image/webp,image/apng,*/*;q=0.8',
  'referer' => 'http://weibo.net/index.html',
  'accept-encoding' => 'gzip, deflate',
  'accept-language' => 'zh-CN,zh;q=0.9',
)
[ info ] [ PARAM ] array (
)
[ info ] [ LOG ] INIT File
---------------------------------------------------------------
[ 2017-12-24T19:07:03+08:00 ] 127.0.0.1 GET /article.html
[ info ] weibo.net/article.html [运行时间：0.062003s][吞吐率：16.13req/s] [内存消耗：1,602.13kb] [文件加载：57]
[ info ] [ LANG ] D:\wamp\www\blog\thinkphp/lang/zh-cn.php
[ info ] [ ROUTE ] array (
  'rule' => 'article',
  'route' => 'index/Articles/index',
  'option' => 
  array (
  ),
  'var' => 
  array (
  ),
)
[ info ] [ HEADER ] array (
  'host' => 'weibo.net',
  'connection' => 'keep-alive',
  'cache-control' => 'max-age=0',
  'upgrade-insecure-requests' => '1',
  'user-agent' => 'Mozilla/5.0 (Windows NT 6.1; WOW64) AppleWebKit/537.36 (KHTML, like Gecko) Chrome/63.0.3239.108 Safari/537.36',
  'accept' => 'text/html,application/xhtml+xml,application/xml;q=0.9,image/webp,image/apng,*/*;q=0.8',
  'referer' => 'http://weibo.net/index.html',
  'accept-encoding' => 'gzip, deflate',
  'accept-language' => 'zh-CN,zh;q=0.9',
)
[ info ] [ PARAM ] array (
)
[ info ] [ LOG ] INIT File
---------------------------------------------------------------
[ 2017-12-24T19:07:11+08:00 ] 127.0.0.1 GET /article.html
[ info ] weibo.net/article.html [运行时间：0.119007s][吞吐率：8.40req/s] [内存消耗：1,653.18kb] [文件加载：62]
[ info ] [ LANG ] D:\wamp\www\blog\thinkphp/lang/zh-cn.php
[ info ] [ ROUTE ] array (
  'rule' => 'article',
  'route' => 'index/Articles/index',
  'option' => 
  array (
  ),
  'var' => 
  array (
  ),
)
[ info ] [ HEADER ] array (
  'host' => 'weibo.net',
  'connection' => 'keep-alive',
  'cache-control' => 'max-age=0',
  'upgrade-insecure-requests' => '1',
  'user-agent' => 'Mozilla/5.0 (Windows NT 6.1; WOW64) AppleWebKit/537.36 (KHTML, like Gecko) Chrome/63.0.3239.108 Safari/537.36',
  'accept' => 'text/html,application/xhtml+xml,application/xml;q=0.9,image/webp,image/apng,*/*;q=0.8',
  'referer' => 'http://weibo.net/index.html',
  'accept-encoding' => 'gzip, deflate',
  'accept-language' => 'zh-CN,zh;q=0.9',
)
[ info ] [ PARAM ] array (
)
[ info ] [ LOG ] INIT File
[ error ] [8]Use of undefined constant PHPSESSION - assumed 'PHPSESSION'[D:\wamp\www\blog\application\index\controller\Articles.php:20]
---------------------------------------------------------------
[ 2017-12-24T19:07:11+08:00 ] 127.0.0.1 GET /article.html
[ info ] weibo.net/article.html [运行时间：0.067004s][吞吐率：14.92req/s] [内存消耗：1,653.18kb] [文件加载：62]
[ info ] [ LANG ] D:\wamp\www\blog\thinkphp/lang/zh-cn.php
[ info ] [ ROUTE ] array (
  'rule' => 'article',
  'route' => 'index/Articles/index',
  'option' => 
  array (
  ),
  'var' => 
  array (
  ),
)
[ info ] [ HEADER ] array (
  'host' => 'weibo.net',
  'connection' => 'keep-alive',
  'cache-control' => 'max-age=0',
  'upgrade-insecure-requests' => '1',
  'user-agent' => 'Mozilla/5.0 (Windows NT 6.1; WOW64) AppleWebKit/537.36 (KHTML, like Gecko) Chrome/63.0.3239.108 Safari/537.36',
  'accept' => 'text/html,application/xhtml+xml,application/xml;q=0.9,image/webp,image/apng,*/*;q=0.8',
  'referer' => 'http://weibo.net/index.html',
  'accept-encoding' => 'gzip, deflate',
  'accept-language' => 'zh-CN,zh;q=0.9',
)
[ info ] [ PARAM ] array (
)
[ info ] [ LOG ] INIT File
[ error ] [8]Use of undefined constant PHPSESSION - assumed 'PHPSESSION'[D:\wamp\www\blog\application\index\controller\Articles.php:20]
---------------------------------------------------------------
[ 2017-12-24T19:07:13+08:00 ] 127.0.0.1 GET /article.html
[ info ] weibo.net/article.html [运行时间：0.078005s][吞吐率：12.82req/s] [内存消耗：1,653.18kb] [文件加载：62]
[ info ] [ LANG ] D:\wamp\www\blog\thinkphp/lang/zh-cn.php
[ info ] [ ROUTE ] array (
  'rule' => 'article',
  'route' => 'index/Articles/index',
  'option' => 
  array (
  ),
  'var' => 
  array (
  ),
)
[ info ] [ HEADER ] array (
  'host' => 'weibo.net',
  'connection' => 'keep-alive',
  'cache-control' => 'max-age=0',
  'upgrade-insecure-requests' => '1',
  'user-agent' => 'Mozilla/5.0 (Windows NT 6.1; WOW64) AppleWebKit/537.36 (KHTML, like Gecko) Chrome/63.0.3239.108 Safari/537.36',
  'accept' => 'text/html,application/xhtml+xml,application/xml;q=0.9,image/webp,image/apng,*/*;q=0.8',
  'referer' => 'http://weibo.net/index.html',
  'accept-encoding' => 'gzip, deflate',
  'accept-language' => 'zh-CN,zh;q=0.9',
)
[ info ] [ PARAM ] array (
)
[ info ] [ LOG ] INIT File
[ error ] [8]Use of undefined constant PHPSESSION - assumed 'PHPSESSION'[D:\wamp\www\blog\application\index\controller\Articles.php:20]
---------------------------------------------------------------
[ 2017-12-24T19:07:13+08:00 ] 127.0.0.1 GET /article.html
[ info ] weibo.net/article.html [运行时间：0.065004s][吞吐率：15.38req/s] [内存消耗：1,653.18kb] [文件加载：62]
[ info ] [ LANG ] D:\wamp\www\blog\thinkphp/lang/zh-cn.php
[ info ] [ ROUTE ] array (
  'rule' => 'article',
  'route' => 'index/Articles/index',
  'option' => 
  array (
  ),
  'var' => 
  array (
  ),
)
[ info ] [ HEADER ] array (
  'host' => 'weibo.net',
  'connection' => 'keep-alive',
  'cache-control' => 'max-age=0',
  'upgrade-insecure-requests' => '1',
  'user-agent' => 'Mozilla/5.0 (Windows NT 6.1; WOW64) AppleWebKit/537.36 (KHTML, like Gecko) Chrome/63.0.3239.108 Safari/537.36',
  'accept' => 'text/html,application/xhtml+xml,application/xml;q=0.9,image/webp,image/apng,*/*;q=0.8',
  'referer' => 'http://weibo.net/index.html',
  'accept-encoding' => 'gzip, deflate',
  'accept-language' => 'zh-CN,zh;q=0.9',
)
[ info ] [ PARAM ] array (
)
[ info ] [ LOG ] INIT File
[ error ] [8]Use of undefined constant PHPSESSION - assumed 'PHPSESSION'[D:\wamp\www\blog\application\index\controller\Articles.php:20]
---------------------------------------------------------------
[ 2017-12-24T19:07:13+08:00 ] 127.0.0.1 GET /article.html
[ info ] weibo.net/article.html [运行时间：0.077004s][吞吐率：12.99req/s] [内存消耗：1,653.18kb] [文件加载：62]
[ info ] [ LANG ] D:\wamp\www\blog\thinkphp/lang/zh-cn.php
[ info ] [ ROUTE ] array (
  'rule' => 'article',
  'route' => 'index/Articles/index',
  'option' => 
  array (
  ),
  'var' => 
  array (
  ),
)
[ info ] [ HEADER ] array (
  'host' => 'weibo.net',
  'connection' => 'keep-alive',
  'cache-control' => 'max-age=0',
  'upgrade-insecure-requests' => '1',
  'user-agent' => 'Mozilla/5.0 (Windows NT 6.1; WOW64) AppleWebKit/537.36 (KHTML, like Gecko) Chrome/63.0.3239.108 Safari/537.36',
  'accept' => 'text/html,application/xhtml+xml,application/xml;q=0.9,image/webp,image/apng,*/*;q=0.8',
  'referer' => 'http://weibo.net/index.html',
  'accept-encoding' => 'gzip, deflate',
  'accept-language' => 'zh-CN,zh;q=0.9',
)
[ info ] [ PARAM ] array (
)
[ info ] [ LOG ] INIT File
[ error ] [8]Use of undefined constant PHPSESSION - assumed 'PHPSESSION'[D:\wamp\www\blog\application\index\controller\Articles.php:20]
---------------------------------------------------------------
[ 2017-12-24T19:07:18+08:00 ] 127.0.0.1 GET /article.html
[ info ] weibo.net/article.html [运行时间：0.102006s][吞吐率：9.80req/s] [内存消耗：2,898.19kb] [文件加载：72]
[ info ] [ LANG ] D:\wamp\www\blog\thinkphp/lang/zh-cn.php
[ info ] [ ROUTE ] array (
  'rule' => 'article',
  'route' => 'index/Articles/index',
  'option' => 
  array (
  ),
  'var' => 
  array (
  ),
)
[ info ] [ HEADER ] array (
  'host' => 'weibo.net',
  'connection' => 'keep-alive',
  'cache-control' => 'max-age=0',
  'upgrade-insecure-requests' => '1',
  'user-agent' => 'Mozilla/5.0 (Windows NT 6.1; WOW64) AppleWebKit/537.36 (KHTML, like Gecko) Chrome/63.0.3239.108 Safari/537.36',
  'accept' => 'text/html,application/xhtml+xml,application/xml;q=0.9,image/webp,image/apng,*/*;q=0.8',
  'referer' => 'http://weibo.net/index.html',
  'accept-encoding' => 'gzip, deflate',
  'accept-language' => 'zh-CN,zh;q=0.9',
)
[ info ] [ PARAM ] array (
)
[ info ] [ DB ] INIT mysql
[ info ] [ VIEW ] D:\wamp\www\blog/application/index/view\index\article.html [ array (
  0 => 'article_all',
) ]
[ info ] [ LOG ] INIT File
[ sql ] [ DB ] CONNECT:[ UseTime:0.002000s ] mysql:host=127.0.0.1;dbname=blog;charset=utf8
[ sql ] [ SQL ] SHOW COLUMNS FROM `article` [ RunTime:0.003001s ]
[ sql ] [ SQL ] SELECT * FROM `article` ORDER BY update_time desc [ RunTime:0.001000s ]
---------------------------------------------------------------
[ 2017-12-24T19:10:13+08:00 ] 127.0.0.1 GET /article.html
[ info ] weibo.net/article.html [运行时间：0.171010s][吞吐率：5.85req/s] [内存消耗：2,948.90kb] [文件加载：77]
[ info ] [ LANG ] D:\wamp\www\blog\thinkphp/lang/zh-cn.php
[ info ] [ ROUTE ] array (
  'rule' => 'article',
  'route' => 'index/Articles/index',
  'option' => 
  array (
  ),
  'var' => 
  array (
  ),
)
[ info ] [ HEADER ] array (
  'host' => 'weibo.net',
  'connection' => 'keep-alive',
  'cache-control' => 'max-age=0',
  'upgrade-insecure-requests' => '1',
  'user-agent' => 'Mozilla/5.0 (Windows NT 6.1; WOW64) AppleWebKit/537.36 (KHTML, like Gecko) Chrome/63.0.3239.108 Safari/537.36',
  'accept' => 'text/html,application/xhtml+xml,application/xml;q=0.9,image/webp,image/apng,*/*;q=0.8',
  'referer' => 'http://weibo.net/index.html',
  'accept-encoding' => 'gzip, deflate',
  'accept-language' => 'zh-CN,zh;q=0.9',
)
[ info ] [ PARAM ] array (
)
[ info ] [ DB ] INIT mysql
[ info ] [ VIEW ] D:\wamp\www\blog/application/index/view\index\article.html [ array (
  0 => 'article_all',
) ]
[ info ] [ LOG ] INIT File
[ sql ] [ DB ] CONNECT:[ UseTime:0.010001s ] mysql:host=127.0.0.1;dbname=blog;charset=utf8
[ sql ] [ SQL ] SHOW COLUMNS FROM `article` [ RunTime:0.002000s ]
[ sql ] [ SQL ] SELECT * FROM `article` ORDER BY update_time desc [ RunTime:0.000000s ]
[ error ] [8]未定义变量: sid[D:\wamp\www\blog\runtime\temp\fcac206fee8913779561a3e2b99d7e62.php:72]
---------------------------------------------------------------
[ 2017-12-24T19:11:04+08:00 ] 127.0.0.1 GET /article.html
[ info ] weibo.net/article.html [运行时间：0.106006s][吞吐率：9.43req/s] [内存消耗：2,782.77kb] [文件加载：75]
[ info ] [ LANG ] D:\wamp\www\blog\thinkphp/lang/zh-cn.php
[ info ] [ ROUTE ] array (
  'rule' => 'article',
  'route' => 'index/Articles/index',
  'option' => 
  array (
  ),
  'var' => 
  array (
  ),
)
[ info ] [ HEADER ] array (
  'host' => 'weibo.net',
  'connection' => 'keep-alive',
  'cache-control' => 'max-age=0',
  'user-agent' => 'Mozilla/5.0 (Windows NT 6.1; WOW64) AppleWebKit/537.36 (KHTML, like Gecko) Chrome/63.0.3239.108 Safari/537.36',
  'upgrade-insecure-requests' => '1',
  'accept' => 'text/html,application/xhtml+xml,application/xml;q=0.9,image/webp,image/apng,*/*;q=0.8',
  'referer' => 'http://weibo.net/index.html',
  'accept-encoding' => 'gzip, deflate',
  'accept-language' => 'zh-CN,zh;q=0.9',
)
[ info ] [ PARAM ] array (
)
[ info ] [ DB ] INIT mysql
[ info ] [ VIEW ] D:\wamp\www\blog/application/index/view\index\article.html [ array (
  0 => 'article_all',
) ]
[ info ] [ LOG ] INIT File
[ sql ] [ DB ] CONNECT:[ UseTime:0.001000s ] mysql:host=127.0.0.1;dbname=blog;charset=utf8
[ sql ] [ SQL ] SHOW COLUMNS FROM `article` [ RunTime:0.002000s ]
[ sql ] [ SQL ] SELECT * FROM `article` ORDER BY update_time desc [ RunTime:0.001000s ]
[ error ] [8]未定义变量: sid[D:\wamp\www\blog\runtime\temp\fcac206fee8913779561a3e2b99d7e62.php:72]
---------------------------------------------------------------
[ 2017-12-24T19:11:05+08:00 ] 127.0.0.1 GET /article.html
[ info ] weibo.net/article.html [运行时间：0.107006s][吞吐率：9.35req/s] [内存消耗：2,782.77kb] [文件加载：75]
[ info ] [ LANG ] D:\wamp\www\blog\thinkphp/lang/zh-cn.php
[ info ] [ ROUTE ] array (
  'rule' => 'article',
  'route' => 'index/Articles/index',
  'option' => 
  array (
  ),
  'var' => 
  array (
  ),
)
[ info ] [ HEADER ] array (
  'host' => 'weibo.net',
  'connection' => 'keep-alive',
  'cache-control' => 'max-age=0',
  'user-agent' => 'Mozilla/5.0 (Windows NT 6.1; WOW64) AppleWebKit/537.36 (KHTML, like Gecko) Chrome/63.0.3239.108 Safari/537.36',
  'upgrade-insecure-requests' => '1',
  'accept' => 'text/html,application/xhtml+xml,application/xml;q=0.9,image/webp,image/apng,*/*;q=0.8',
  'referer' => 'http://weibo.net/index.html',
  'accept-encoding' => 'gzip, deflate',
  'accept-language' => 'zh-CN,zh;q=0.9',
)
[ info ] [ PARAM ] array (
)
[ info ] [ DB ] INIT mysql
[ info ] [ VIEW ] D:\wamp\www\blog/application/index/view\index\article.html [ array (
  0 => 'article_all',
) ]
[ info ] [ LOG ] INIT File
[ sql ] [ DB ] CONNECT:[ UseTime:0.010001s ] mysql:host=127.0.0.1;dbname=blog;charset=utf8
[ sql ] [ SQL ] SHOW COLUMNS FROM `article` [ RunTime:0.002000s ]
[ sql ] [ SQL ] SELECT * FROM `article` ORDER BY update_time desc [ RunTime:0.001000s ]
[ error ] [8]未定义变量: sid[D:\wamp\www\blog\runtime\temp\fcac206fee8913779561a3e2b99d7e62.php:72]
---------------------------------------------------------------
[ 2017-12-24T19:11:05+08:00 ] 127.0.0.1 GET /article.html
[ info ] weibo.net/article.html [运行时间：0.087005s][吞吐率：11.49req/s] [内存消耗：2,782.77kb] [文件加载：75]
[ info ] [ LANG ] D:\wamp\www\blog\thinkphp/lang/zh-cn.php
[ info ] [ ROUTE ] array (
  'rule' => 'article',
  'route' => 'index/Articles/index',
  'option' => 
  array (
  ),
  'var' => 
  array (
  ),
)
[ info ] [ HEADER ] array (
  'host' => 'weibo.net',
  'connection' => 'keep-alive',
  'cache-control' => 'max-age=0',
  'user-agent' => 'Mozilla/5.0 (Windows NT 6.1; WOW64) AppleWebKit/537.36 (KHTML, like Gecko) Chrome/63.0.3239.108 Safari/537.36',
  'upgrade-insecure-requests' => '1',
  'accept' => 'text/html,application/xhtml+xml,application/xml;q=0.9,image/webp,image/apng,*/*;q=0.8',
  'referer' => 'http://weibo.net/index.html',
  'accept-encoding' => 'gzip, deflate',
  'accept-language' => 'zh-CN,zh;q=0.9',
)
[ info ] [ PARAM ] array (
)
[ info ] [ DB ] INIT mysql
[ info ] [ VIEW ] D:\wamp\www\blog/application/index/view\index\article.html [ array (
  0 => 'article_all',
) ]
[ info ] [ LOG ] INIT File
[ sql ] [ DB ] CONNECT:[ UseTime:0.001000s ] mysql:host=127.0.0.1;dbname=blog;charset=utf8
[ sql ] [ SQL ] SHOW COLUMNS FROM `article` [ RunTime:0.002000s ]
[ sql ] [ SQL ] SELECT * FROM `article` ORDER BY update_time desc [ RunTime:0.001000s ]
[ error ] [8]未定义变量: sid[D:\wamp\www\blog\runtime\temp\fcac206fee8913779561a3e2b99d7e62.php:72]
---------------------------------------------------------------
[ 2017-12-24T19:11:09+08:00 ] 127.0.0.1 GET /article.html
[ info ] weibo.net/article.html [运行时间：0.098006s][吞吐率：10.20req/s] [内存消耗：2,782.77kb] [文件加载：75]
[ info ] [ LANG ] D:\wamp\www\blog\thinkphp/lang/zh-cn.php
[ info ] [ ROUTE ] array (
  'rule' => 'article',
  'route' => 'index/Articles/index',
  'option' => 
  array (
  ),
  'var' => 
  array (
  ),
)
[ info ] [ HEADER ] array (
  'host' => 'weibo.net',
  'connection' => 'keep-alive',
  'cache-control' => 'max-age=0',
  'user-agent' => 'Mozilla/5.0 (Windows NT 6.1; WOW64) AppleWebKit/537.36 (KHTML, like Gecko) Chrome/63.0.3239.108 Safari/537.36',
  'upgrade-insecure-requests' => '1',
  'accept' => 'text/html,application/xhtml+xml,application/xml;q=0.9,image/webp,image/apng,*/*;q=0.8',
  'referer' => 'http://weibo.net/index.html',
  'accept-encoding' => 'gzip, deflate',
  'accept-language' => 'zh-CN,zh;q=0.9',
)
[ info ] [ PARAM ] array (
)
[ info ] [ DB ] INIT mysql
[ info ] [ VIEW ] D:\wamp\www\blog/application/index/view\index\article.html [ array (
  0 => 'article_all',
) ]
[ info ] [ LOG ] INIT File
[ sql ] [ DB ] CONNECT:[ UseTime:0.002000s ] mysql:host=127.0.0.1;dbname=blog;charset=utf8
[ sql ] [ SQL ] SHOW COLUMNS FROM `article` [ RunTime:0.003000s ]
[ sql ] [ SQL ] SELECT * FROM `article` ORDER BY update_time desc [ RunTime:0.002000s ]
[ error ] [8]未定义变量: sid[D:\wamp\www\blog\runtime\temp\fcac206fee8913779561a3e2b99d7e62.php:72]
---------------------------------------------------------------
[ 2017-12-24T19:11:09+08:00 ] 127.0.0.1 GET /article.html
[ info ] weibo.net/article.html [运行时间：0.107007s][吞吐率：9.35req/s] [内存消耗：2,782.77kb] [文件加载：75]
[ info ] [ LANG ] D:\wamp\www\blog\thinkphp/lang/zh-cn.php
[ info ] [ ROUTE ] array (
  'rule' => 'article',
  'route' => 'index/Articles/index',
  'option' => 
  array (
  ),
  'var' => 
  array (
  ),
)
[ info ] [ HEADER ] array (
  'host' => 'weibo.net',
  'connection' => 'keep-alive',
  'cache-control' => 'max-age=0',
  'user-agent' => 'Mozilla/5.0 (Windows NT 6.1; WOW64) AppleWebKit/537.36 (KHTML, like Gecko) Chrome/63.0.3239.108 Safari/537.36',
  'upgrade-insecure-requests' => '1',
  'accept' => 'text/html,application/xhtml+xml,application/xml;q=0.9,image/webp,image/apng,*/*;q=0.8',
  'referer' => 'http://weibo.net/index.html',
  'accept-encoding' => 'gzip, deflate',
  'accept-language' => 'zh-CN,zh;q=0.9',
)
[ info ] [ PARAM ] array (
)
[ info ] [ DB ] INIT mysql
[ info ] [ VIEW ] D:\wamp\www\blog/application/index/view\index\article.html [ array (
  0 => 'article_all',
) ]
[ info ] [ LOG ] INIT File
[ sql ] [ DB ] CONNECT:[ UseTime:0.010001s ] mysql:host=127.0.0.1;dbname=blog;charset=utf8
[ sql ] [ SQL ] SHOW COLUMNS FROM `article` [ RunTime:0.002000s ]
[ sql ] [ SQL ] SELECT * FROM `article` ORDER BY update_time desc [ RunTime:0.001000s ]
[ error ] [8]未定义变量: sid[D:\wamp\www\blog\runtime\temp\fcac206fee8913779561a3e2b99d7e62.php:72]
---------------------------------------------------------------
[ 2017-12-24T19:11:10+08:00 ] 127.0.0.1 GET /article.html
[ info ] weibo.net/article.html [运行时间：0.087005s][吞吐率：11.49req/s] [内存消耗：2,782.77kb] [文件加载：75]
[ info ] [ LANG ] D:\wamp\www\blog\thinkphp/lang/zh-cn.php
[ info ] [ ROUTE ] array (
  'rule' => 'article',
  'route' => 'index/Articles/index',
  'option' => 
  array (
  ),
  'var' => 
  array (
  ),
)
[ info ] [ HEADER ] array (
  'host' => 'weibo.net',
  'connection' => 'keep-alive',
  'cache-control' => 'max-age=0',
  'user-agent' => 'Mozilla/5.0 (Windows NT 6.1; WOW64) AppleWebKit/537.36 (KHTML, like Gecko) Chrome/63.0.3239.108 Safari/537.36',
  'upgrade-insecure-requests' => '1',
  'accept' => 'text/html,application/xhtml+xml,application/xml;q=0.9,image/webp,image/apng,*/*;q=0.8',
  'referer' => 'http://weibo.net/index.html',
  'accept-encoding' => 'gzip, deflate',
  'accept-language' => 'zh-CN,zh;q=0.9',
)
[ info ] [ PARAM ] array (
)
[ info ] [ DB ] INIT mysql
[ info ] [ VIEW ] D:\wamp\www\blog/application/index/view\index\article.html [ array (
  0 => 'article_all',
) ]
[ info ] [ LOG ] INIT File
[ sql ] [ DB ] CONNECT:[ UseTime:0.002000s ] mysql:host=127.0.0.1;dbname=blog;charset=utf8
[ sql ] [ SQL ] SHOW COLUMNS FROM `article` [ RunTime:0.001001s ]
[ sql ] [ SQL ] SELECT * FROM `article` ORDER BY update_time desc [ RunTime:0.001000s ]
[ error ] [8]未定义变量: sid[D:\wamp\www\blog\runtime\temp\fcac206fee8913779561a3e2b99d7e62.php:72]
---------------------------------------------------------------
[ 2017-12-24T19:11:10+08:00 ] 127.0.0.1 GET /article.html
[ info ] weibo.net/article.html [运行时间：0.096005s][吞吐率：10.42req/s] [内存消耗：2,782.77kb] [文件加载：75]
[ info ] [ LANG ] D:\wamp\www\blog\thinkphp/lang/zh-cn.php
[ info ] [ ROUTE ] array (
  'rule' => 'article',
  'route' => 'index/Articles/index',
  'option' => 
  array (
  ),
  'var' => 
  array (
  ),
)
[ info ] [ HEADER ] array (
  'host' => 'weibo.net',
  'connection' => 'keep-alive',
  'cache-control' => 'max-age=0',
  'user-agent' => 'Mozilla/5.0 (Windows NT 6.1; WOW64) AppleWebKit/537.36 (KHTML, like Gecko) Chrome/63.0.3239.108 Safari/537.36',
  'upgrade-insecure-requests' => '1',
  'accept' => 'text/html,application/xhtml+xml,application/xml;q=0.9,image/webp,image/apng,*/*;q=0.8',
  'referer' => 'http://weibo.net/index.html',
  'accept-encoding' => 'gzip, deflate',
  'accept-language' => 'zh-CN,zh;q=0.9',
)
[ info ] [ PARAM ] array (
)
[ info ] [ DB ] INIT mysql
[ info ] [ VIEW ] D:\wamp\www\blog/application/index/view\index\article.html [ array (
  0 => 'article_all',
) ]
[ info ] [ LOG ] INIT File
[ sql ] [ DB ] CONNECT:[ UseTime:0.001000s ] mysql:host=127.0.0.1;dbname=blog;charset=utf8
[ sql ] [ SQL ] SHOW COLUMNS FROM `article` [ RunTime:0.003000s ]
[ sql ] [ SQL ] SELECT * FROM `article` ORDER BY update_time desc [ RunTime:0.001000s ]
[ error ] [8]未定义变量: sid[D:\wamp\www\blog\runtime\temp\fcac206fee8913779561a3e2b99d7e62.php:72]
---------------------------------------------------------------
[ 2017-12-24T19:11:15+08:00 ] 127.0.0.1 GET /article.html
[ info ] weibo.net/article.html [运行时间：0.105006s][吞吐率：9.52req/s] [内存消耗：2,782.77kb] [文件加载：75]
[ info ] [ LANG ] D:\wamp\www\blog\thinkphp/lang/zh-cn.php
[ info ] [ ROUTE ] array (
  'rule' => 'article',
  'route' => 'index/Articles/index',
  'option' => 
  array (
  ),
  'var' => 
  array (
  ),
)
[ info ] [ HEADER ] array (
  'host' => 'weibo.net',
  'connection' => 'keep-alive',
  'cache-control' => 'max-age=0',
  'user-agent' => 'Mozilla/5.0 (Windows NT 6.1; WOW64) AppleWebKit/537.36 (KHTML, like Gecko) Chrome/63.0.3239.108 Safari/537.36',
  'upgrade-insecure-requests' => '1',
  'accept' => 'text/html,application/xhtml+xml,application/xml;q=0.9,image/webp,image/apng,*/*;q=0.8',
  'referer' => 'http://weibo.net/index.html',
  'accept-encoding' => 'gzip, deflate',
  'accept-language' => 'zh-CN,zh;q=0.9',
)
[ info ] [ PARAM ] array (
)
[ info ] [ DB ] INIT mysql
[ info ] [ VIEW ] D:\wamp\www\blog/application/index/view\index\article.html [ array (
  0 => 'article_all',
) ]
[ info ] [ LOG ] INIT File
[ sql ] [ DB ] CONNECT:[ UseTime:0.001000s ] mysql:host=127.0.0.1;dbname=blog;charset=utf8
[ sql ] [ SQL ] SHOW COLUMNS FROM `article` [ RunTime:0.003000s ]
[ sql ] [ SQL ] SELECT * FROM `article` ORDER BY update_time desc [ RunTime:0.001000s ]
[ error ] [8]未定义变量: sid[D:\wamp\www\blog\runtime\temp\fcac206fee8913779561a3e2b99d7e62.php:72]
---------------------------------------------------------------
[ 2017-12-24T19:11:21+08:00 ] 127.0.0.1 GET /article.html
[ info ] weibo.net/article.html [运行时间：0.099006s][吞吐率：10.10req/s] [内存消耗：2,898.19kb] [文件加载：72]
[ info ] [ LANG ] D:\wamp\www\blog\thinkphp/lang/zh-cn.php
[ info ] [ ROUTE ] array (
  'rule' => 'article',
  'route' => 'index/Articles/index',
  'option' => 
  array (
  ),
  'var' => 
  array (
  ),
)
[ info ] [ HEADER ] array (
  'host' => 'weibo.net',
  'connection' => 'keep-alive',
  'cache-control' => 'max-age=0',
  'user-agent' => 'Mozilla/5.0 (Windows NT 6.1; WOW64) AppleWebKit/537.36 (KHTML, like Gecko) Chrome/63.0.3239.108 Safari/537.36',
  'upgrade-insecure-requests' => '1',
  'accept' => 'text/html,application/xhtml+xml,application/xml;q=0.9,image/webp,image/apng,*/*;q=0.8',
  'referer' => 'http://weibo.net/index.html',
  'accept-encoding' => 'gzip, deflate',
  'accept-language' => 'zh-CN,zh;q=0.9',
)
[ info ] [ PARAM ] array (
)
[ info ] [ DB ] INIT mysql
[ info ] [ VIEW ] D:\wamp\www\blog/application/index/view\index\article.html [ array (
  0 => 'article_all',
) ]
[ info ] [ LOG ] INIT File
[ sql ] [ DB ] CONNECT:[ UseTime:0.002000s ] mysql:host=127.0.0.1;dbname=blog;charset=utf8
[ sql ] [ SQL ] SHOW COLUMNS FROM `article` [ RunTime:0.003000s ]
[ sql ] [ SQL ] SELECT * FROM `article` ORDER BY update_time desc [ RunTime:0.001000s ]
---------------------------------------------------------------
[ 2017-12-24T19:13:26+08:00 ] 127.0.0.1 GET /index/articles/detail/id/5.html
[ info ] weibo.net/index/articles/detail/id/5.html [运行时间：1.824104s][吞吐率：0.55req/s] [内存消耗：2,791.98kb] [文件加载：71]
[ info ] [ LANG ] D:\wamp\www\blog\thinkphp/lang/zh-cn.php
[ info ] [ ROUTE ] array (
)
[ info ] [ HEADER ] array (
  'host' => 'weibo.net',
  'connection' => 'keep-alive',
  'upgrade-insecure-requests' => '1',
  'user-agent' => 'Mozilla/5.0 (Windows NT 6.1; WOW64) AppleWebKit/537.36 (KHTML, like Gecko) Chrome/63.0.3239.108 Safari/537.36',
  'accept' => 'text/html,application/xhtml+xml,application/xml;q=0.9,image/webp,image/apng,*/*;q=0.8',
  'referer' => 'http://weibo.net/article.html',
  'accept-encoding' => 'gzip, deflate',
  'accept-language' => 'zh-CN,zh;q=0.9',
)
[ info ] [ PARAM ] array (
)
[ info ] [ DB ] INIT mysql
[ info ] [ CACHE ] INIT File
[ info ] [ VIEW ] D:\wamp\www\blog/application/index/view\index\detail.html [ array (
  0 => 'result',
) ]
[ info ] [ LOG ] INIT File
[ sql ] [ DB ] CONNECT:[ UseTime:0.011001s ] mysql:host=127.0.0.1;dbname=blog;charset=utf8
[ sql ] [ SQL ] SHOW COLUMNS FROM `article` [ RunTime:0.002001s ]
[ sql ] [ SQL ] UPDATE `article`  SET `num`=num+1  WHERE  `id` = 5 [ RunTime:0.370022s ]
[ sql ] [ SQL ] SELECT * FROM `article` WHERE  `id` = 5 LIMIT 1 [ RunTime:0.002000s ]
---------------------------------------------------------------
[ 2017-12-24T19:16:00+08:00 ] 127.0.0.1 GET /index.html
[ info ] weibo.net/index.html [运行时间：1.067061s][吞吐率：0.94req/s] [内存消耗：2,764.98kb] [文件加载：71]
[ info ] [ LANG ] D:\wamp\www\blog\thinkphp/lang/zh-cn.php
[ info ] [ ROUTE ] array (
)
[ info ] [ HEADER ] array (
  'host' => 'weibo.net',
  'connection' => 'keep-alive',
  'upgrade-insecure-requests' => '1',
  'user-agent' => 'Mozilla/5.0 (Windows NT 6.1; WOW64) AppleWebKit/537.36 (KHTML, like Gecko) Chrome/63.0.3239.108 Safari/537.36',
  'accept' => 'text/html,application/xhtml+xml,application/xml;q=0.9,image/webp,image/apng,*/*;q=0.8',
  'referer' => 'http://weibo.net/article.html',
  'accept-encoding' => 'gzip, deflate',
  'accept-language' => 'zh-CN,zh;q=0.9',
)
[ info ] [ PARAM ] array (
)
[ info ] [ DB ] INIT mysql
[ info ] [ VIEW ] D:\wamp\www\blog/application/index/view\index\index.html [ array (
  0 => 'result',
) ]
[ info ] [ LOG ] INIT File
[ sql ] [ DB ] CONNECT:[ UseTime:0.044003s ] mysql:host=127.0.0.1;dbname=blog;charset=utf8
[ sql ] [ SQL ] SHOW COLUMNS FROM `article` [ RunTime:0.003000s ]
[ sql ] [ SQL ] SELECT * FROM `article` ORDER BY update_time desc [ RunTime:0.001000s ]
---------------------------------------------------------------
[ 2017-12-24T19:17:05+08:00 ] 127.0.0.1 GET /article.html
[ info ] weibo.net/article.html [运行时间：0.331019s][吞吐率：3.02req/s] [内存消耗：2,730.99kb] [文件加载：70]
[ info ] [ LANG ] D:\wamp\www\blog\thinkphp/lang/zh-cn.php
[ info ] [ ROUTE ] array (
  'rule' => 'article',
  'route' => 'index/Articles/index',
  'option' => 
  array (
  ),
  'var' => 
  array (
  ),
)
[ info ] [ HEADER ] array (
  'host' => 'weibo.net',
  'connection' => 'keep-alive',
  'upgrade-insecure-requests' => '1',
  'user-agent' => 'Mozilla/5.0 (Windows NT 6.1; WOW64) AppleWebKit/537.36 (KHTML, like Gecko) Chrome/63.0.3239.108 Safari/537.36',
  'accept' => 'text/html,application/xhtml+xml,application/xml;q=0.9,image/webp,image/apng,*/*;q=0.8',
  'referer' => 'http://weibo.net/index.html',
  'accept-encoding' => 'gzip, deflate',
  'accept-language' => 'zh-CN,zh;q=0.9',
)
[ info ] [ PARAM ] array (
)
[ info ] [ DB ] INIT mysql
[ info ] [ VIEW ] D:\wamp\www\blog/application/index/view\index\article.html [ array (
  0 => 'article_all',
) ]
[ info ] [ LOG ] INIT File
[ sql ] [ DB ] CONNECT:[ UseTime:0.010001s ] mysql:host=127.0.0.1;dbname=blog;charset=utf8
[ sql ] [ SQL ] SHOW COLUMNS FROM `article` [ RunTime:0.001000s ]
[ sql ] [ SQL ] SELECT * FROM `article` ORDER BY update_time desc [ RunTime:0.001000s ]
---------------------------------------------------------------
[ 2017-12-24T19:55:03+08:00 ] 127.0.0.1 GET /article.html
[ info ] weibo.net/article.html [运行时间：0.407023s][吞吐率：2.46req/s] [内存消耗：2,731.40kb] [文件加载：70]
[ info ] [ LANG ] D:\wamp\www\blog\thinkphp/lang/zh-cn.php
[ info ] [ ROUTE ] array (
  'rule' => 'article',
  'route' => 'index/Articles/index',
  'option' => 
  array (
  ),
  'var' => 
  array (
  ),
)
[ info ] [ HEADER ] array (
  'host' => 'weibo.net',
  'connection' => 'keep-alive',
  'cache-control' => 'max-age=0',
  'user-agent' => 'Mozilla/5.0 (Windows NT 6.1; WOW64) AppleWebKit/537.36 (KHTML, like Gecko) Chrome/63.0.3239.108 Safari/537.36',
  'upgrade-insecure-requests' => '1',
  'accept' => 'text/html,application/xhtml+xml,application/xml;q=0.9,image/webp,image/apng,*/*;q=0.8',
  'referer' => 'http://weibo.net/index.html',
  'accept-encoding' => 'gzip, deflate',
  'accept-language' => 'zh-CN,zh;q=0.9',
)
[ info ] [ PARAM ] array (
)
[ info ] [ DB ] INIT mysql
[ info ] [ VIEW ] D:\wamp\www\blog/application/index/view\index\article.html [ array (
  0 => 'article_all',
) ]
[ info ] [ LOG ] INIT File
[ sql ] [ DB ] CONNECT:[ UseTime:0.020001s ] mysql:host=127.0.0.1;dbname=blog;charset=utf8
[ sql ] [ SQL ] SHOW COLUMNS FROM `article` [ RunTime:0.002000s ]
[ sql ] [ SQL ] SELECT * FROM `article` ORDER BY update_time desc [ RunTime:0.002000s ]
---------------------------------------------------------------
[ 2017-12-24T20:30:03+08:00 ] 127.0.0.1 GET /index.html
[ info ] weibo.net/index.html [运行时间：0.279016s][吞吐率：3.58req/s] [内存消耗：2,764.98kb] [文件加载：71]
[ info ] [ LANG ] D:\wamp\www\blog\thinkphp/lang/zh-cn.php
[ info ] [ ROUTE ] array (
)
[ info ] [ HEADER ] array (
  'host' => 'weibo.net',
  'connection' => 'keep-alive',
  'upgrade-insecure-requests' => '1',
  'user-agent' => 'Mozilla/5.0 (Windows NT 6.1; WOW64) AppleWebKit/537.36 (KHTML, like Gecko) Chrome/63.0.3239.108 Safari/537.36',
  'accept' => 'text/html,application/xhtml+xml,application/xml;q=0.9,image/webp,image/apng,*/*;q=0.8',
  'referer' => 'http://weibo.net/article.html',
  'accept-encoding' => 'gzip, deflate',
  'accept-language' => 'zh-CN,zh;q=0.9',
)
[ info ] [ PARAM ] array (
)
[ info ] [ DB ] INIT mysql
[ info ] [ VIEW ] D:\wamp\www\blog/application/index/view\index\index.html [ array (
  0 => 'result',
) ]
[ info ] [ LOG ] INIT File
[ sql ] [ DB ] CONNECT:[ UseTime:0.010001s ] mysql:host=127.0.0.1;dbname=blog;charset=utf8
[ sql ] [ SQL ] SHOW COLUMNS FROM `article` [ RunTime:0.002000s ]
[ sql ] [ SQL ] SELECT * FROM `article` ORDER BY update_time desc [ RunTime:0.001000s ]
---------------------------------------------------------------
[ 2017-12-24T20:30:06+08:00 ] 127.0.0.1 GET /index/articles/detail/id/6.html
[ info ] weibo.net/index/articles/detail/id/6.html [运行时间：0.172009s][吞吐率：5.81req/s] [内存消耗：2,791.94kb] [文件加载：71]
[ info ] [ LANG ] D:\wamp\www\blog\thinkphp/lang/zh-cn.php
[ info ] [ ROUTE ] array (
)
[ info ] [ HEADER ] array (
  'host' => 'weibo.net',
  'connection' => 'keep-alive',
  'upgrade-insecure-requests' => '1',
  'user-agent' => 'Mozilla/5.0 (Windows NT 6.1; WOW64) AppleWebKit/537.36 (KHTML, like Gecko) Chrome/63.0.3239.108 Safari/537.36',
  'accept' => 'text/html,application/xhtml+xml,application/xml;q=0.9,image/webp,image/apng,*/*;q=0.8',
  'referer' => 'http://weibo.net/index.html',
  'accept-encoding' => 'gzip, deflate',
  'accept-language' => 'zh-CN,zh;q=0.9',
)
[ info ] [ PARAM ] array (
)
[ info ] [ DB ] INIT mysql
[ info ] [ CACHE ] INIT File
[ info ] [ VIEW ] D:\wamp\www\blog/application/index/view\index\detail.html [ array (
  0 => 'result',
) ]
[ info ] [ LOG ] INIT File
[ sql ] [ DB ] CONNECT:[ UseTime:0.010000s ] mysql:host=127.0.0.1;dbname=blog;charset=utf8
[ sql ] [ SQL ] SHOW COLUMNS FROM `article` [ RunTime:0.002000s ]
[ sql ] [ SQL ] UPDATE `article`  SET `num`=num+1  WHERE  `id` = 6 [ RunTime:0.008001s ]
[ sql ] [ SQL ] SELECT * FROM `article` WHERE  `id` = 6 LIMIT 1 [ RunTime:0.001000s ]
---------------------------------------------------------------
[ 2017-12-24T20:30:08+08:00 ] 127.0.0.1 GET /article.html
[ info ] weibo.net/article.html [运行时间：0.117007s][吞吐率：8.55req/s] [内存消耗：2,731.15kb] [文件加载：70]
[ info ] [ LANG ] D:\wamp\www\blog\thinkphp/lang/zh-cn.php
[ info ] [ ROUTE ] array (
  'rule' => 'article',
  'route' => 'index/Articles/index',
  'option' => 
  array (
  ),
  'var' => 
  array (
  ),
)
[ info ] [ HEADER ] array (
  'host' => 'weibo.net',
  'connection' => 'keep-alive',
  'upgrade-insecure-requests' => '1',
  'user-agent' => 'Mozilla/5.0 (Windows NT 6.1; WOW64) AppleWebKit/537.36 (KHTML, like Gecko) Chrome/63.0.3239.108 Safari/537.36',
  'accept' => 'text/html,application/xhtml+xml,application/xml;q=0.9,image/webp,image/apng,*/*;q=0.8',
  'referer' => 'http://weibo.net/index/articles/detail/id/6.html',
  'accept-encoding' => 'gzip, deflate',
  'accept-language' => 'zh-CN,zh;q=0.9',
)
[ info ] [ PARAM ] array (
)
[ info ] [ DB ] INIT mysql
[ info ] [ VIEW ] D:\wamp\www\blog/application/index/view\index\article.html [ array (
  0 => 'article_all',
) ]
[ info ] [ LOG ] INIT File
[ sql ] [ DB ] CONNECT:[ UseTime:0.011001s ] mysql:host=127.0.0.1;dbname=blog;charset=utf8
[ sql ] [ SQL ] SHOW COLUMNS FROM `article` [ RunTime:0.002000s ]
[ sql ] [ SQL ] SELECT * FROM `article` ORDER BY update_time desc [ RunTime:0.001000s ]
---------------------------------------------------------------
[ 2017-12-24T20:30:09+08:00 ] 127.0.0.1 GET /index.html
[ info ] weibo.net/index.html [运行时间：0.117007s][吞吐率：8.55req/s] [内存消耗：2,764.98kb] [文件加载：71]
[ info ] [ LANG ] D:\wamp\www\blog\thinkphp/lang/zh-cn.php
[ info ] [ ROUTE ] array (
)
[ info ] [ HEADER ] array (
  'host' => 'weibo.net',
  'connection' => 'keep-alive',
  'upgrade-insecure-requests' => '1',
  'user-agent' => 'Mozilla/5.0 (Windows NT 6.1; WOW64) AppleWebKit/537.36 (KHTML, like Gecko) Chrome/63.0.3239.108 Safari/537.36',
  'accept' => 'text/html,application/xhtml+xml,application/xml;q=0.9,image/webp,image/apng,*/*;q=0.8',
  'referer' => 'http://weibo.net/article.html',
  'accept-encoding' => 'gzip, deflate',
  'accept-language' => 'zh-CN,zh;q=0.9',
)
[ info ] [ PARAM ] array (
)
[ info ] [ DB ] INIT mysql
[ info ] [ VIEW ] D:\wamp\www\blog/application/index/view\index\index.html [ array (
  0 => 'result',
) ]
[ info ] [ LOG ] INIT File
[ sql ] [ DB ] CONNECT:[ UseTime:0.011000s ] mysql:host=127.0.0.1;dbname=blog;charset=utf8
[ sql ] [ SQL ] SHOW COLUMNS FROM `article` [ RunTime:0.002000s ]
[ sql ] [ SQL ] SELECT * FROM `article` ORDER BY update_time desc [ RunTime:0.001000s ]
---------------------------------------------------------------
[ 2017-12-24T20:30:09+08:00 ] 127.0.0.1 GET /article.html
[ info ] weibo.net/article.html [运行时间：0.100006s][吞吐率：10.00req/s] [内存消耗：2,730.99kb] [文件加载：70]
[ info ] [ LANG ] D:\wamp\www\blog\thinkphp/lang/zh-cn.php
[ info ] [ ROUTE ] array (
  'rule' => 'article',
  'route' => 'index/Articles/index',
  'option' => 
  array (
  ),
  'var' => 
  array (
  ),
)
[ info ] [ HEADER ] array (
  'host' => 'weibo.net',
  'connection' => 'keep-alive',
  'upgrade-insecure-requests' => '1',
  'user-agent' => 'Mozilla/5.0 (Windows NT 6.1; WOW64) AppleWebKit/537.36 (KHTML, like Gecko) Chrome/63.0.3239.108 Safari/537.36',
  'accept' => 'text/html,application/xhtml+xml,application/xml;q=0.9,image/webp,image/apng,*/*;q=0.8',
  'referer' => 'http://weibo.net/index.html',
  'accept-encoding' => 'gzip, deflate',
  'accept-language' => 'zh-CN,zh;q=0.9',
)
[ info ] [ PARAM ] array (
)
[ info ] [ DB ] INIT mysql
[ info ] [ VIEW ] D:\wamp\www\blog/application/index/view\index\article.html [ array (
  0 => 'article_all',
) ]
[ info ] [ LOG ] INIT File
[ sql ] [ DB ] CONNECT:[ UseTime:0.010001s ] mysql:host=127.0.0.1;dbname=blog;charset=utf8
[ sql ] [ SQL ] SHOW COLUMNS FROM `article` [ RunTime:0.002000s ]
[ sql ] [ SQL ] SELECT * FROM `article` ORDER BY update_time desc [ RunTime:0.001000s ]
---------------------------------------------------------------
[ 2017-12-24T23:58:22+08:00 ] 127.0.0.1 GET /
[ info ] weibo.net/ [运行时间：1.664096s][吞吐率：0.60req/s] [内存消耗：2,764.58kb] [文件加载：71]
[ info ] [ LANG ] D:\wamp\www\blog\thinkphp/lang/zh-cn.php
[ info ] [ ROUTE ] array (
)
[ info ] [ HEADER ] array (
  'host' => 'weibo.net',
  'connection' => 'keep-alive',
  'user-agent' => 'Mozilla/5.0 (Windows NT 6.1; WOW64) AppleWebKit/537.36 (KHTML, like Gecko) Chrome/63.0.3239.108 Safari/537.36',
  'upgrade-insecure-requests' => '1',
  'accept' => 'text/html,application/xhtml+xml,application/xml;q=0.9,image/webp,image/apng,*/*;q=0.8',
  'accept-encoding' => 'gzip, deflate',
  'accept-language' => 'zh-CN,zh;q=0.9',
)
[ info ] [ PARAM ] array (
)
[ info ] [ DB ] INIT mysql
[ info ] [ VIEW ] D:\wamp\www\blog/application/index/view\index\index.html [ array (
  0 => 'result',
) ]
[ info ] [ LOG ] INIT File
[ sql ] [ DB ] CONNECT:[ UseTime:0.032002s ] mysql:host=127.0.0.1;dbname=blog;charset=utf8
[ sql ] [ SQL ] SHOW COLUMNS FROM `article` [ RunTime:0.112006s ]
[ sql ] [ SQL ] SELECT * FROM `article` ORDER BY update_time desc [ RunTime:0.029002s ]
